<?xml version="1.0" encoding="UTF-8"?>
<robot generator="Robot 6.0.1 (Python 3.10.2 on win32)" generated="20230124 18:24:14.850" rpa="false" schemaversion="3">
<suite id="s1" name="Alarmes" source="c:\_Projetos\Clock\pages\alarmes.robot">
<test id="s1-t1" name="Adicionar alarme" line="10">
<kw name="Abre App" library="base" type="SETUP">
<kw name="Log To Console" library="BuiltIn">
<arg>\n-&gt; Abrindo App...\n</arg>
<doc>Logs the given message to the console.</doc>
<status status="PASS" starttime="20230124 18:24:15.598" endtime="20230124 18:24:15.600"/>
</kw>
<kw name="Open Application" library="AppiumLibrary">
<arg>http://localhost:4723/wd/hub</arg>
<arg>automationName=UiAutomator2</arg>
<arg>platformName=Android</arg>
<arg>deviceName=emulator</arg>
<arg>appPackage=com.google.android.deskclock</arg>
<arg>appActivity=com.android.deskclock.DeskClock</arg>
<arg>autoGrantPermissions=true</arg>
<doc>Opens a new application to given Appium server.
Capabilities of appium server, Android and iOS,
Please check https://github.com/appium/appium/blob/master/docs/en/writing-running-appium/server-args.md
| *Option*            | *Man.* | *Description*     |
| remote_url          | Yes    | Appium server url |
| alias               | no     | alias             |
| strict_ssl          | No     | allows you to send commands to an invalid certificate host like a self-signed one. |</doc>
<status status="PASS" starttime="20230124 18:24:15.601" endtime="20230124 18:24:52.065"/>
</kw>
<kw name="Wait Until Element Is Visible" library="AppiumLibrary">
<arg>id=com.google.android.deskclock:id/toolbar</arg>
<arg>10</arg>
<doc>Waits until element specified with `locator` is visible.</doc>
<msg timestamp="20230124 18:24:52.690" level="INFO">criteria is com.google.android.deskclock:id/toolbar</msg>
<status status="PASS" starttime="20230124 18:24:52.068" endtime="20230124 18:24:52.697"/>
</kw>
<status status="PASS" starttime="20230124 18:24:15.598" endtime="20230124 18:24:52.699"/>
</kw>
<kw name="Clica no icone de alarme" library="steps">
<kw name="Log To Console" library="BuiltIn">
<arg>-&gt; Entrando na tela de alarmes...\n</arg>
<doc>Logs the given message to the console.</doc>
<status status="PASS" starttime="20230124 18:24:52.705" endtime="20230124 18:24:52.707"/>
</kw>
<kw name="Click Element" library="AppiumLibrary">
<arg>xpath=//android.widget.ImageView[@content-desc="Alarme"]</arg>
<doc>Click element identified by `locator`.</doc>
<msg timestamp="20230124 18:24:52.713" level="INFO">Clicking element 'xpath=//android.widget.ImageView[@content-desc="Alarme"]'.</msg>
<msg timestamp="20230124 18:24:53.108" level="INFO">xpath criteria: //android.widget.ImageView[@content-desc="Alarme"]</msg>
<status status="PASS" starttime="20230124 18:24:52.708" endtime="20230124 18:24:53.109"/>
</kw>
<kw name="Capture Page Screenshot" library="AppiumLibrary">
<doc>Takes a screenshot of the current page and embeds it into the log.</doc>
<msg timestamp="20230124 18:24:53.677" level="INFO" html="true">&lt;/td&gt;&lt;/tr&gt;&lt;tr&gt;&lt;td colspan="3"&gt;&lt;img src="data:image/png;base64, iVBORw0KGgoAAAANSUhEUgAABDgAAAeACAYAAAArYecKAAAABHNCSVQICAgIfAhkiAAAIABJREFU
eJzs3XlclWX+//G3uR4SFFAbAZHEUES0FNwCs0Up09wSQ5uyMrXNaTdbZmw0TUudtGy1bDG/mqlp
i0szmfpz10oE1IQUBUpZFEwUdfj9YTgh54YDnO0+vJ6Pxzy+433f574/93wPN5z3ua7PVcvLu1Wx
AAAAAAAATOwyVxcAAAAAAABQXQQcAAAAAADA9Ag4AAAAAACA6RFwAAAAAAAA0yPgAAAAAAAApkfA
AQAAAAAATI+AAwAAAAAAmB4BBwAAAAAAMD0CDgAAAAAAYHoEHAAAAAAAwPQIOAAAAAAAgOkRcAAA
AAAAANMj4AAAAAAAAKZXx9UF2IOvb2M18fet9nnOnTunnNzjys8vsENVAAAAQM3UqJGPOkSGS5Ji
Y7saHrdhw1ZJ0u7EFJ04ke+U2szA27uhCgpOurSGF//xpKI6d6zUaz5f9pWWLV+lvLzjDqoKKJ/p
A46rrmqlua9PVY/uUdU+18nfT2nbtl16Y+58rVn7vf773//aoUIAAADAczVq5KPYmC6Kje2mjpHt
1KFDuBo18rHtxRP+919PnMjX7t0p+ikxWRs2bNGGjdtqZOgRFNRcQYHNtWXrLpfWEdW5o3r16lGp
16TsO6BVq79TXp6DigIqYOqAo0VQgD6eP1uRf6TD1dXwci/dcH2MItuH6+Zbh2vv3gN2OS8AAADg
SVoGB6nfrTfpzhFD1KFDO7ucs1EjH8XGdlVsbFc9/OA9kqTdu5P1yYLP9eVX3+pQ+hG7XMedBQU1
V4fIdsrNJSEAqsK0PThCWrbQ229Ot1u48WdNm/rrqScesPt5AQAAALNq1MhHI4YP1uaNK5W853tN
n/aC3cINIx06tNP0aS8oec/32rxxpUYMH2z76BCTKQk3AFRdLS/vVsWuLqKyrmp9pT756HW1b9/W
Ydc4ffqM/JvxgAEAAEDN1qiRjx56cKQefvAetwgXTpzI1+tzP9Abc+d7zBSWS8ON3Nw8p0xRKa/P
RmRkuPwr2ecw/XCGDh/O1Nmis2X20Z8DzmC6gKNFUIDefedVxcb8r1nRzwd+0dWdbip13O/5qZKk
y31CS21f8PEbGjjgZk2ZOlsvTX3t4varWl+pH3d9W+rYS18LAAAA1BTuFmxcylOCDmsjN5wVcHy1
4uNK99moqjff/kgzZ72lzMzfnHI91EymmqISFhaqjz+aUyrcAAAAAGBfDz0wUil7vtdzE/7mluGG
dCGAeW7C35Sy53s99MBIV5dTJUxLAezLNE1Gg4Ka64N5s3R1xwhXlwIAAAB4pA4d2untudMc3lvD
nho18tH0aS/ozhFDNObB8dq9O9nVJdmEcMO5WoeGqGXLFmra1F9FRUXKzsnVjz8mKT+/wNWl2V1N
utdLmSLgCG3VUq/PnkK4AQAAADjIQw+M1PRpL7i6jCrr0KGdNm9cqafHT9Ibb853dTnlItxwjo4d
2+lvj4xSt26d1TI4qMz+oqKz+vnnNK1YuUZvv/uxjh3Lsct1WwQF6K6/DlW/W2/SufPnFXvdQLuc
tzyuuldJuuuvQ/X35x8rs/3W2+7Svn3OXZnU7QOO0FYt9ekncx3aUBQAAACoyf7v07fUv19vV5dh
F9OnvaDY2G66Y/hYV5diFeGGc8x49R+6d2SC6tWra3hMvXp1FRHRRhERbTTy7ng9+fQ/tfyLVVW6
3uVeXrrjjgEaNOAW9egRrfr160mSEhNTqnS+ynD2vf5Zs2ZN9PfnH1Pz5ldYvaazuXXAERTUXK/P
nkK4AQAAADiQpw1dd9f7MWO4kZy8X7/9dqzcY+rWq6v2EW3UuHEjJ1VVvqVL5imuT69KvaZ58yv0
wbx/qU6dJ7Tk869sft0tN9+g+Pjb1PvGWPn6Nq5kpdXnzHu15uUpz1oNN1zFbQOOsLBQem4AAAAA
TjB67FPqEBmuyMhwV5dSbYmJKRo99ilXl1GGGcONs2fPafkXq7Rq9XflHtf3lhvV6sqWbhFwzJrx
ouEH/l9/PaqcnDw1sDRQSMsg1a5du9T+evXq6rVZk7R16w86fCTT8BodO7bTiOFD1PeWG3VlSAt7
ll8pzrjX8tza9ybdPqRflV7rKG4ZcLQICtA7b00n3AAAAACcJK7vcO1NWi8fH29Xl1Jl+fkFius7
3NVllGHGcEO6sFxtUvI+7dy12/AYX9/Gatu2tXx9XR9uxFzbRffdm1Bm+w8/7tEL/5iu7777fxe3
hYWF6pVpz+umG3uWOrZx40Z6+qmH9MjfnrN6jZenPqeHHhipyy5z7YKkzrjX8lzu5aUpL00oE5y4
mlsGHO++86qio662+Xh/P189N+FvVvdduj28bWtJUmxM11L7fP2cP5wIAAAAcBcnTuQrru9wrf76
U1OGHCXhxokT+a4upRSzhhuSlJOTp/z8k+UeM3jQLerUKVIWSwMnVWXssUdHl/nAvWfPXvXtd2eZ
aUv796dqwKB79O2axererXOpfTfccK3hNa64oqnLww3JOfdanokTn1Tr0JAqvdaR3DLgiI3pWqnj
/fwa69kJ46zuM9oeG9tVsbGVuw4AAADgyXbvTtZT4yfp7Tenu7qUSntq/CS3WyLWzOGGJOXmHdfv
v/9uuL91aIgG3Banv1zRzIlVWXe5l5dirHyOfHHSzHJ7skyb/rqWL/2g1LaQli30l78006+/Hq3w
usXFxdq3L1Vrvv1ev/56TFMmP1P54ivJVfdaonu3zrrvnrKjR9yB66MnAAAAAG7jkwWfu/0yq5d6
4835+mTB564uoxSzhxuSdOjQkXKXE+3fv4/ahYe5ZLWMS8XGdlXDy71KbcvI+FVff/Pvcl+39tv1
On78RJntFfXWOJB6UG++/ZFu7D1UnbvEacKzUyoVEpTnypAWGjyob5nRFiWcfa+XemX63y+uEiNJ
+/YdUG7u8Uqdw1HccgQHAAAAANd5evwkdYgMr/TIalfYsHGrnh4/ydVllOIJ4YYkHTmSpbzj1qf8
RHXuqFtuvkFNmvg7uSrrAgP/UmZb+uEMm1578uSpMg1Si4uLrR771Vdr9f4HC7Vhw9bKF2mDJx4f
q+cm/O1igLBh41YNuX2Ufj916uIxzrpXa54Z/7Cuubr9xX+fP39eE56bqnffftXmczgSAQcAAACA
MoYljNWWTV8quEWgq0sxlH44Q8MSxrq6jFJ639RTdeu6fkSDPRw9mq2CAutTHoYMuVUR7cJUt657
fKRcv36L7hpZuj3B0aPZFb6ubt06atq0dEhz/vx5paYdsnp8dZdVLU+zZk00YfwjpUZHxMZ01bhx
92nqy3MubnPWvV4qPPwqPTru/lLbFi1eodVr1tn0emdwj3cjAAAAALdy4kS+hiWMddumo/n5BRqW
MNatmoqOe/g+/fXO2/WPF93j2+zqyM7O1dFj2Tp37nyZfTfd2FPXxXZ3q/fFzwd+0c8Hfqn06wYP
urVUoCBJBw78Uu7UHEdpH9HWarPWsLDQUv921b2+8vIL8vZuePHfWVm/6dnnp1a6DkeiBwcAAAAA
q3bvTtbosU+5ugyrRo99yq2aio57+D5NnfKsq8uwm6NHs3XcyvQUi6WBht7eT6GtQ9xiNZHquufu
YWW2rVr9nQsqkfYk7VVh4eky2/fvT7XL+atzr/fdm6Drry+94sqLk2a6JAgqj/nfkQAAAAAcZuWX
azVl6mxXl1HKlKmztfLLta4u4yJPCzck4xVUbo67XtFRHXW5l8UFVdnXnSOGlFlZ88SJfL351kcu
qefo0WxNnTZHp0+fubhtw4atmj17XrXPXZ17DQi4Qs8/+2ipbWu/Xa+PP1lS7brsjSkqAAAAAMr1
0tTX1KFDO/W79SZXl6Ivv/pWL019zdVlXOSJ4YZkvIJKYeFprfxyrS5vuKnMvutiu+mqq1q5TV+O
8rRp01pTJk8os/31uR/o8JFMF1R0wYyZb2nx4hXq1ClSmZm/afuOH6t9zure68tTnlOzZk0u/js/
v0BPPzO52nU5gvu/8wAAAAC43OixT2n1158qMjLcZTUkJqa41ZQZTw03JOMVVLZu+0G7E8tODbrh
+hj16tldtWu7/yQBHx9vffj+v+Tv71tq+8b/t80tRisdPpJpt5Cluvc6cMDNGjyob6ltM//1jt2m
zdib+7/7AAAAALjciRP5Gv3A08rPt76qhqPl5xdo9ANPu01TUU8ONyTjFVTy8o4rM/O3Uv/xsljU
79beahkSZIq+HB9/OLtMUJeTk6eHH/G8/39W514bNrxckyc9o1q1al3ctnPXbr3y6ly712kvjOAA
AAAAYJPdu5MVnzBGq7761OnXjk8Y4zZNRT093Dh79pxuvvl6XRV25cVtaamHtPLLtUo/nFHqWIul
gUbePUw9ukfJy+L+fTnef2+mbrqxZ6ltRUVn9ejjf6/SyiTurLr3Ovmf43VlSIuL/z5zpkjj3XRq
Sgn3j9cAAAAAuI0NG7Y6/UPO+Gcma8OGrU69phFPDzck6bLLaqlHjygNv2PQxf+0b9+2zBKjkjQs
foD69estX99GLqi0cl6Z/ncNix9QaltxcbFe+Ps0LV32tYuqcozq3mtsbFfdfVd8qW3zPliozVt2
2rVOeyPgAAAAAFApr8/9QAs+XeqUay34dKlen/uBU65VkZoQbkhS7dq1dbmXl3x8vOXj4y2LxaK9
+1KVlfVbqeNiY7pqeMIgtQx2/6kpz04YpwfG3FVm++tzP3Cb95e92ONep099XvXq1b3479S0Q5o4
8VW71egoTFEBAAAAUGlPjZ+kDpHhDm06mpiYoqfGT3LY+SujpoQb1vz22zGlpR3Uyd9PXdwWGPgX
3T9qhK6+OqLUB2F39MCYuzRh/COleklI0qcLl+mZCS+5qCrHsMe9vvDcY+rQoV2pbcXFxfp8yXuG
r/H2blhm22uzJqmoqEiS9Ntv2br7nnE2Xb86CDgAAAAAVNqJE/kaljBWWzZ9KR8fb7ufPz+/QMMS
xrpFU9GaHG5IUsren3X48P9W9bBYGmj0qDt1Xc/uutzLy4WVVSzhjkGa8tKzZUaYrPxyre4f86SL
qnIMe93ryLvjy2xrHRqi1qEhlaqna5drLv73Q+lHKvXaqnLvcUQAAAAA3Nah9COKTxjjkHPH9R3u
tA9F5anp4YYk7dqVqEPp/2suOix+gAYMuFl+fo1dWFXF+t5yo1771z/LjDBZt26TRt77NxdV5Rg1
6V7LQ8ABAAAAoMo2bNiqMQ88bddzjnngabdYMYVwQ8rM/E17kvZeXB7YLH03Yq7tonfffqXMCJNt
239Qwp0P6vTpMy6qzP7sfa9n/phWYkZMUQEAAABQLZ8s+Fw9Y7tpxPDB1T7Xgk+X6pMFn9uhquoh
3LjgwIFfdPhwps6fP2+avhsdO7bTR/Nnq3Hj0iu7JCamKP6OMRfDGk/giHt9edrrZc5XkecmjFPD
hpeX2jZt+hs6/scUM2f9b07AAQAAAKDaRo99qtpNRxMTUzR67FN2rKpqCDf+56fEZB0+kmmavhut
rgzWp5/M1RVXNC21/ecDv2hYwlgdO5bjospsd2VIC11zTaSysn4rd1lWR93rRx9/VunXPPn42DIB
x7IvvlFiYkqVaqgq9x1TBAAAAMBU4voOr/I3tfn5BYrrO9zOFVUe4cb/5OcXaM+evcrOzjFF341m
zZpo0cK3FdKyRantR45kaVjCWLfo6VKRJx4fq53b1+jjD+fo2zWLterrT60GSp5wr47ACA4AAAAA
dnHiRL7i+g7X5o0rK/W6knDD1SumEG6UlpS8XwcO/KKrO7bXHcMGuH3fjXfffkXt2oWV2R4U1Fy7
tq+u9PkmPDdVs+cYL41qb82aNdGE8Y+ofv16F7fFxnTVuHH3aerLc0oda/Z7dRT3fXcCAAAAMJ3d
u5Mr3XT0qfGTXN5UlHCjrMTEFJ0//1/dP2qEOnZo59Z9NyQpoPlfXF1CtbSPaCuLpUGZ7WFhoWW2
mf1eHYWAAwAAAIBdfbLgc73x5nybjn3jzfkubypKuFHWqcJCpaUdUt9bbtAN18fI27uhq0vyeHuS
9qqw8HSZ7fv3p7qgGnMi4AAAAABgd0+Pn6QNG7eWe8yGjVv19PhJTqrIOsIN6w7+clihoSHqd2tv
NWvWRLVq1XJ1SR7v6NFsTZ02p9Syrhs2bNXs2fNcWJW50IMDAAAAgEMMSxirLZu+VHCLwDL70g9n
aFjCWBdU9T+EG8ZO5Bfo2h7RCg0NUZ06tV1djk2iu93i0usvWvyFFi3+olrnmDHzLS1evEKdOkUq
M/M3bd/xo9XjXH2vlwq+MsrVJUhy04Dj9OkzatCgvstrAAAAAFB1J07ka1jCWK3++lP5+Hhf3J6f
X6BhCWNd2lSUcKN8ra4MVkPvy0s1vIRzHD6SqcNHMl1dhim55RSV5V984+oS3KIGAAAAwOx2707W
U5dMQxk99imXNhUl3KhYkyZ+8rJYXF0GUCluGXC8MuNNZWfnuuz62dm5emXGmy67PgAAAOBJPlnw
uaZMnS1JmjJ1tlZ+udZltRBu2KZ27dr03YDpuOUUlf370zTmgaf10IMj1aVLJzW83Msp1z35+ylt
27ZLb8ydr/3705xyTQAAAKAmeGnqazqUfsSlK6Z079ZZdwwbqJ9+ctzokQOpvyg3N69a5ziRX2Cn
aoCapZaXd6tiVxdhxMfHW/5+jVWnjnNymHPnzikn97jyeaAAAAAA8HD33nOH2rVr45Rr/ec/G7V+
wxadPPm7U66HmsmtAw4AAAAAAABbuGUPDgAAAAAAgMog4AAAAAAAAKZHwAEAAAAAAEyPgAMAAAAA
AJgeAQcAAAAAADA9Ag4AAAAAAGB6BBwAAAAAAMD0CDgAAAAAAIDpEXAAAAAAAADTI+AAAAAAAACm
R8ABAAAAAABMj4ADAAAAAACYHgEHAAAAAAAwvTr+V8S4ugbAZYqLi11dAgAAAADADhjBAQAAAAAA
TI+AAwAAAAAAmB4BBwAAAAAAMD0CDgAAAAAAYHoEHAAAAAAAwPQIOAAAAAAAgOkRcAAAAAAAANMj
4AAAAAAAAKZHwAEAAAAAAEyPgAMAAAAAAJgeAQcAAAAAADA9Ag4AAAAAAGB6BBwAAAAAAMD0CDgA
AAAAAIDpEXAAAAAAAADTI+AAAAAAAACmR8ABAAAAAABMj4ADAAAAAACYHgEHAAAAAAAwPQIOAAAA
AABgegQcAAAAAADA9Ag4AAAAAACA6RFwAAAAAAAA0yPgAAAAAAAApkfAAQAAAAAATI+AAwAAAAAA
mB4BBwAAAAAAMD0CDgAAAAAAYHoEHAAAAAAAwPQIOAAAAAAAgOkRcAAAAAAAANMj4AAAAAAAAKZH
wAEAAAAAAEyPgAMAAAAAAJgeAQcAAAAAADA9Ag4AAAAAAGB6BBwAAAAAAMD0CDgAAAAAAIDpEXAA
AAAAAADTI+AAAAAAAACmR8ABAAAAAABMj4ADAAAAAACYHgEHAAAAAAAwPQIOAAAAAABgegQcAAAA
AADA9Ag4AAAAAACA6RFwAAAAAAAA0yPgAAAAAAAApkfAAQAAAAAATI+AAwAAAAAAmF4dVxcAAAAA
zzFz+mi7nOfxp9+xy3kAADUHIzgAAAAAAIDpEXBUQ1BgE1eX4BY1AAAAAADgakxRqaKhg2P1j+eG
a9ac5Zo3f7VLarhvZJwee2SgnnjmPa1eu9MlNQAViYwIUUCAv/x8veXn11B+vt7y9fUudUxeXoFy
8wqUm3tSuXkFSk3L1IHULBdVDAAAAMCMCDiq4LFxg/TYIwMlSf94briOZGQ7PWAoCVgk6d254zRx
8gK9/+Eap9YAWOPn6632ES0V2T5Eoa0CbHqN7x+hR2irki2dJUmpaZlK3HNQ23fuV2FhkWMKBgAA
AOARCDgqaea0+3X74JhS22a8PEpHjhxTUkq6U2qICA++GG6UmPj8CEW0C9YT499zSg3ApVqHNlfP
mEi1jwix2zlDWwUotFWABt7WQ3uSDmr9xkRGdgAAAACwqlaL1ncVu7oIM/Dx8dKiTyYoIjzY6v78
/FPqcf0Tys8/5fA6Nn03Qz4+Xlb3J6Wka9idUx1eh6coLubtX12tQ5srrndnm0drVFdqWqZWr91J
0AEAAACgFJqM2iAiPFirVkwyDDckqVatWureNdzhtXTvGq5atWoZ7relVsAe/Hy9de/dffTgmP5O
CzekC6M6HhzTXwnxvWSx1HPadQEAAAC4N0ZwVCCud2fNeHmU4YgJSSooKFT8iClOnaKyeMGz8va2
GB6Tn3+K5qM2YARH1URHhWlQ/+5qYKnv0jpOF57RwsXfKzHpoEvrAAAAAOB6BBzluG9kXJleF5dK
3puu+BHlTwkJCmyibl3bqkVgE3X7Y5SHj4/XxVEWSSnpF1+/ZWuKDmdka8vWvTqSkW14Th8fLy1e
MEHt2pY/UuOJ8e/ps6Ubyj2mJiPgqByLpZ4G9u+h6Kgwm19z+nSREvccvLg6SslKKX9WssJKaKsA
+fl6K7J9iBo0sH10xvqNiVq+YrPNxwOVERkRooG3dS+z+o+7ycsr0PIVmwn84DYCA/wV2qq5/Py8
FfjHalp//jkqWUFLkjIyc5SRmaPU1KwyvyMAANYNHRKr+0bGlfpcOe+DVfps6UYXV+Y6BBwGrDUT
vdSSpRs18aUFVsONiPBg3T44RnG9OysosEmVaihZnWXJ0o1WR4f4+Hhp5rT71eemTuWe57OlG2g+
aoCAw3YWSz09NKa/AgL8Kzz29OkibduxT9t37FdGZk6VrhcY4K/oqDB1iWpjU9iRmpap9z9cw2or
sCuLpZ5eenGkq8uw2enCM5r08kJ+DuAyrUObK7pzG0VGtKzyKL+8vAIlJh3UnqSDleq3ZLHU470P
oEa48GX3s4ZtCZJS0hU/YkqN7MtIwHGJipqJlpg1Z7lmzV5WZvvtg2P0+LhBVQ41jCSlpGve/NVa
YiWNm/j8CN17d59yX795617d/+BrNfJNXh4CDtvYGm4cP35S69bvtuuyrhZLPUV3DlOvnh3UuHHD
co/NzMzRG2+v5A9c2E3PmPYaeFsPV5dRKctXbNL6jXtcXQZqmOioMN3cu7PdRzqlpmVq/YY9FY5M
SojvpdahzfX+h2uqHKwDgFmsXjlZ7Sr4vJqUkq6b+z/vpIrcR+1Gfh0nuroIdxERHqx33/xbueFG
QUGhnv37h5o3f3Wp7XG9O+vj95/U0MGx5fbrqKpmTRsprndnDR0Sq+SU9FLTV9atT9SRjBzF9TYe
ydEiqImu69lBP/6YqmPZJ+xeHzyXreHG6rU7tXDxOqWmZencufN2u/65c+d1KP2otu3Yp3Pnzqt1
qHFDU29vL4W3aaEffkq1aw2ouVoGN1PbNi1cXUalHEo/qtQ0VhmCc0RHhem+u/soOqqNLA7oy+Tn
661rrg5Vl6gw5eWd1NFjx8sckxDfS9FRYbJY6qtTx1Dt3X9EBQWFdq8FANzB0CGxujPhhgqPa9a0
kY5kZCvZSX0i3QUBxx+6d22rj+Y9qRZBxiMvSpqJrtuQeHFbUGATvfvm3/TgmFsdEmxcysfHS0MH
x6pdeLC+35CoM2fOSpKSU9K15ttdGtCvu+rXr2v1tc2aNtJtt3bTDz+lltvfAyhhS7iRlZWjd+Z9
4/BQ4dy580pNy9KepIO6suUV8va2/vPm7e2lkJbNtH3HfofVgpqjoKBQXaLbqE6d2q4uxWZfrNzM
hzs4nJ+vt+4d2Uc9YyIdEmxcymKpr2uuDlVggL/27j988fdNSbhRok7dOoQcADzarOmj1bRpI5uO
DQpqqk8W/sfBFbkXpqj8YdXKSeU27Ezem65RY18rFQzYssKKI+Xnn9L9D76mzVv3XtwWFNhE7731
twrv5eb+LzijRLfHFJXyXfqH46W279iv5Ss3OX1KiC3NTmk8CnsJDPDXE48OcXUZNuF9D2eIjAhR
Qvx1LltJq2QFrfYRIYa/B/LyCvTqvz5nyiIAj3P4wEeVOr5F67scVIl7IuD4g4+Pl1avmKRAK70z
1ny7S4+Pf7dU/4rHHhmox8YNsvn8yXvTtWXrXiUlp+tIxjHl55+62Dg0IjxYPj5eCgpsqoh2werW
tW2Fq6P82cTJC/T+h2tK3YtR89GMjGzF3fYCvTj+QMBhLDoqTAnxvQz3b9+xXwsXr3NaPdZUFMB8
8OEaVpSAXVT08+Do/i+2jKZyh59JeL6KnruXSk3L1IHULKWmZaqwsKhMf4zAAH9ZLPUU2ipArUOb
K7SV8TTEysjKytHrb9GTCYDnIeAoHwHHn0SEB2vxgmfl7W25uO39D9do4uQFpY6bMW2Uhg6OrfB8
GRnZem/+Gq1eu7PSU0KCApsorndnjRrZx2rocilrK6VcuhJMyRQbayuy1FQEHNb5+XrryUcHG347
504fpMr7Y5sVJWBPrgo5CDfgLmwNN1LTMrVtx37tSTpY6Z8Hi6We2keEqFdspJo3r3jVLmsINwB4
MlsajJZITklXXA1rNEoPjj85ln1CqWlZuu3WrpKkJ8a/p7lvf1nqGFvCjYyMbL340qd6fPy7+uHH
VOUXVH60RH7BKf3wY6rmzV+jIxk5at8uuNypMBHhLRUU1ERrvt11cdvqb3eVaj768GNvlprOAhhJ
GNZLAQHWgzV3+yC1J+mg/Hy9FWjlw1+dunXk4+2lPYzigB1kZuaosPCMYdNRb28vXdGssX74KdWu
171rxI0KLae5rrv9TMIz2RJuZGXl6ONP/63Va3cpMzOnSn2Zzp07r8zMHG3akqLUtEwFBTYx7Llk
VAPhBgBPdqborOJ6d7bp2KmvLqbJaE2XmpalIxk5+tecZaWaiUrSY+MG6b6RceW+ftac5Rr1wGt2
fSMlp6Rr3vw1Uq1a6t61reFxEeEtlV9QqB9+TC312i3b9mrL1n1a8dUWu9UEz9U6tLluvaWr1X1Z
WTn66NN/V6uZ6MzpoxXXu/PF/0iq9ooPqWmZ6nxNazVoUK/MvsAAf6Xl7nk5AAAgAElEQVSmZSo3
72S1rgFIF1YoMQrUJKlZs8by8/W2W6iWEN9L11wdarjfHj+TQEUG3tZdPbq1M9x/+nSRvvx6qxYu
/t6uz9rcvJPatCVFhYVnFNLyigqb/RJuAKgJklPSdXPvzhU2Gk1OSdeEF+Y7pyg3QsBhRXJKepml
VON6d9aUf95t+JqMjGwNu3OqVny11WF1bdm6V2u+3aXre3YwHM3Rq2ekkvceLvWBsSYuD4SqSxjW
S36+3lb3vTPvm2r/8Xpp4pyallXtgOPcufM6kJpp+Ae4n583q6rAbsobNSRdCNXsEXJU9I05H+bg
DJERIRp4Ww/D/VlZOXr/wzXak3TIYTUcSj+qvfsOl7uCliR9+c02HUo/6rA6AMBdrPhqi67v2cEw
5EhOSdfQEVMurrhZk1zm6gLMICiwiWa8PMpwf/LedMXd9oJTelskpVy4VvJe42vNeHmUgmzo2wFc
qrwGb6vX7izTHM6dZGTmaPXanVb3lTSvA+xl4eJ15YZmFfXrqAjhBtyBn6+3EuKvM9xf8j50xu+G
jMwL18rKMr7WoP7dZbGUHckHAJ4mP/+U4vo/r8fHv1vqi+zklHQ9Pv5dxfV/vsYuKlHH1QWYwYxp
9xuOmEjem674EVMr9QZK//nDUv+eNWe5Zs1eZvPr8/NPKX7EVC1eMMHqais+Pl6aMe1+Dbtzqs3n
BCSpZ0yk1e3Hj5/U+o2JVve5k/UbE9U1uo0aN25YZl/PmEgdSK3eSBHgz5av3KSgQH/DRojRUWE6
kJZZ6dFD0VFhhBtwCwnDjJeCrcr7cOb00Va3P/70Oza9vrCwSK+/tVIPj+1v9eeugaW+EuJ7lVpZ
DgA82Wefb9Bnn29wdRluhREcFYjr3dmw70VGRnalww17KQk5MgxWZ+neta3NzWcA6cI3de0jQqzu
W7d+tyk+TBUWFmnr9n1W97WPCOGbPdhVyYet8r5RruySmhWN/Dh9ukifLlpnip9HmFt0VJjhiD5X
hmwV/dy1jwhRpMHvMgCA5yPgqMA/nhtuuG/UA6+5dOhPfv4pjXrgNcP95dUOXKp9REur20+fLtL2
nebpX7F+Y6JOn7b+R3d0Z9s/aAK2sGfIYUu48YaTpgMANxt8SeIOIVth4YUajJ71A2/r7uSKAADu
goCjHEMHxxr2spg1Z7lTem5UJCklXbPmLLe6LyiwSYVL2gIlItuHWN2+bcc+U31bXFhYpMQ9B63u
M7pHoDoKC4s0b/4aww9b0oWQo7xvlSMjQgg34Daio8Lka9BsetWaHW7xPszIzNGqNTus7vP19WYU
BwDUUAQc5Xhs3ECr2zMysivVM8PRZs1eZjhVxegegEsZDUU24+ojRv1CjO4RqK7cvAK98dbKCkKO
66yuvBIY4F9uI0fCDTib0eiNrKwcrd+4x8nVGFu/cY/h6Kmese2dXA0AwB0QcBiICA82HL0x8aVP
nVxNxWbONh7FERFethEp8GdG33SdPl1kyg9VGZk5hh80WU0FjpKRmVNuyNHAUl8PjelXKuQIDPDX
Q2P6GTZylKRlKzaZ8ucQ5tQ6tLnh6I1lKzY5uZqKGdXE6lkAUDMRcBi4b2Sc1e0ZGdmGS1G60mdL
NxiO4jC6F6BEgJVvlSUZTvUwgwOpmVa3M4oDjpSRmaOFi9YZ7v9zyGFLuFHRcrSAvUV3bmN1e2pa
pluuRHUgNavchqMA4MmGDonVqpWTdfjARzp84COtWjlZQwfHuLoslyLgMNDnpk5Wt783332XHjOq
rZvBKjBACT+Db+syMq2HZmZg9I230b0C9pKYdFALF68z3F8SchBuwB1FGjSc3ubG78V1G6xPS2xN
oA3AQ/n4eGnVysmaOe3+UqP1I8KDNXP6aK1aOVk+Pl4urNB1CDisiAgPNnxDfLbUfdcZNqqNaSqo
iJ9fQ6vbM8tZGcLdpaZZH8FhdK+APW3fsb/CkINwA+4mMMDf8H25J+mgc4upBKPaAgL8CbUBeKTP
Fjxb7ue7iPBgLV7wrBMrch8EHFZ06xpudfuWbXtduixsRfLzT2nLtr1W9xndEyAZj2rIzT3p5Ers
x6h2/tiFs2zfsb9KUxq379hPuAGXCG1lvWdFalqmW6+mVVhYZBhqh9KHA4CHGTokVu1s+PI6IjxY
Q4fUvBU1CTisaBFkvbno5q3WwwN3YlSj0T0BkgwbyuXmFTi5Evsxqt3oXgFHWL12Z6XCiopGfgCO
5Odn/fnojr03LmVUo7WViwDAzEZVor9iTezFSMBhhVEilpyS7uRKKs+oRltSPgCA/dk63YRwA65m
FAYYjY5wJ5kGfZcIOAB4msp8rquJbQoIOKwwWh72yJFjTq6k8oxqNLonwNUslnquLgEAIOMpfO48
PaWEmUccAgDsh4DDCqMwIMkEIziMaiTggLvqGROpe+/uQ28MeKyE+F6Kjgqr8LjoqDAlxPdyfEGA
AaMpfEarUrkTVs4CUFNUZlaBGWYg2BsBBwAdP+7ahpztI0L05KODFde7s93OaVS70b0CjmBruFEi
OirMrj8HQE1H3yUAnua9+asdcqynIOAAoJzcfKvbHbGk6gcfrrEaMjSw1Fdc7856YUKCWtuh671R
7Ub3Cthbz5j2lQo3SsT17lyl1wEAAM/32ecbbBqZkZySrs8+3+CEitwLAYcbeOyRgZoxbZR8fLxc
XQpqKKMlVQOa2785W2LSQb0ya4nh8pm+vt56cEz/ak9bCW0VYHW7mZe+hXlER4Vp4G09qvz6yo78
AAAANcfQEVPKDTmSU9I1dMQUJ1bkPgg4rCgoKLS63ZFdaIcOjtWm72bo3rv7VOs8RjVmZGRX67zw
bEbN2QIDHNO7pbCwSKvX7tTkqQsNu/P/edpKVRqRGnXOpxEdHM1evTQS4nspMiKk2ucBbGU0hc8M
K5EY1ci0RACeKD//lOL6P6/Hx79bKuhITknX4+PfVVz/55Wff8qFFbpOHVcX4I6SUg6pW5e2Zbbb
a4TFE+Pf08TnR8jb21Lm/BOfH6GhQ2L1z5cWaPPWvZU+t1GNhwk4UI4LIUPZef+RES210IHXzc0r
0BtvfanIiBANGtBDjRuXnlZSMm2lS1SYlq/YrMSkgzafu3Ur69NczLDcIczL3o1CE+KvU+7bBaZo
8gjzy8nNL/Mcluy32tXjT79jl/NYY1Qj0xIBeLLPPt9QI6ehlIcRHFYcOWI9DOjWNdwu5/9s6QZ1
7/W43v9wjdX9EeHBWvTJhCpNWzGqsSZ20IXtDqRmWd3ewFLfKd/c2TJt5Z67++ihsf1smrYSGOCv
Bpb6VvcZ3StQXYEB/nZfBaWBpb4eGtPPFN+gw/yMgjSjKX/uxKhGwkEAqFkIOKwwWmq1e9eyozqq
Kj//lCZOXqBbbntBW7ZZH6lRlWkrRjUeNghtgBJGIxuc1QfAlmkroa0C9PyEhApXmegZE2l1O6M3
4CiBAf56aEw/h5y7JORguUs4Wm6u9Sl89mj87GhGNRrdEwDAMxFwWLFla4rV7d26tLV7I9CklHTF
j5iqJ8a/Z7X3R8m0lU3rZlQYsPj4eFmdWiMZ3xNQInHPQavbu3QOs9vwZFuUTFsxWm2lIhZLPUVG
tLS6z+gegeooCTeMRg3ZQwNLfd17dx+n/iyi5klNsz7CLbRVgFu/9yyWeoYjOIzuCQDgmQg4rEhK
STdsNBp3U/nfHFdVRdNWggKbaNEnE/Tu3HEKCrTe+NGotoKCQsNRKUCJPUmHrG5vYKmv6M7OX83B
aNrK8eMntX5jouHresZEGn7Q3L5zv11rBJwRbpQICPDXQ2P6u/UHTZhbRmaOTp8usrqvvRs3vDWq
7fTpIqaoAEANQ8BhwKgXwO2DYxx2TVumrcT17qxGBqNIjGozuhfgz3LzCrTHoInndbGRLvlQZW3a
yrIvNqmw0Pof4BZLPXUxmFKzJ+mg4euAqrBY6ikhvpdTwo0ShBxwNKORbtcZTP1zB0a1MWoPAGoe
Ag4Dq7/dZXV7965t7dqLw5rypq3MmrPc6miM8uoyuhfgUkYjI3x9vQ37WjhDybSVuW+vLHcllZ4x
kfI16FNQ3qgPoLIslnp6aEx/Bbig+WdAgL8G9u/h9OuiZti+c5/V7QEB/m7Zi6N1aHPDn0OjewEA
TzF0SKxWrZyswwc+0uEDH2nVyska6sAv5M2AgMPA6rU7lWGwtOqjjwxySg2XTlvJyMjWvPmrrR77
9+dGWN2ekZHNCA7Y7EBqlmEjzrjenV2+kkN5K6AEBvgbNh9NTctk9RTYjSvDjRL2Xo4WKHEgNcuw
/5E7BmtGNR0/fpLnPgCP5ePjpVUrJ2vmtPsVER58cXtEeLBmTh+tVSsn2713pFnUbuTXcaKri3Bf
tdSrZ9lvrVsENVF+QaF++DHV4RWcOXNW69Ynas23u7RuQ6LVZln3jYwzTOpefOlTlohFpeTlFSg6
qo3VfSHBV+iHn1J17tx5J1dVPoulnh4a218Wg6kC/7d4nXLzKt+wFLiUO4QbJQID/OXn6204tQyo
qlOFZxRppa+Ft7eXCgvP6FD6UecXZUXPmPaGv6+WrdikTPpvAPBQK5b8o1SwcalmTRupV88O+mTh
f5xYlXtgBEc5Plu6wbDZ6GOPDCz3TWVvSSnp2ry1bF+OiPBgPfbIQKuvKSgo1GdLNzi6NHiYA6lZ
hh+Y3HVofEJ8L8OpKdt37OdbPNjNwP493CLcKBEdFea0pZxRc2zfsd9wFMfNbjCaT7oQ8N1sMGrv
+PGT2r6DptIAPNPQIbFqZ8Pn0IjwYA0dEuuEitwLAUc58vNPaebsZVb3+fh46dVp97t06E9FNUyc
vMDJFcFTLF+x2bCTvrsNjU+I71VuB/3lKzc5tyB4rIT4Xm4ZJrhrXTC3b9bssLq9gaW+EuJ7ubTR
bUUNfo1qBwBPMGpknM3H3leJYz0FAUcF5s1fbbiiSUR4sBZ9MsHJFV3g4+OlRZ9MMBxFsmXbXkZv
oMpy8wq0cNE6w/3uEnJU9MFu4aJ1rJwCu3D3EMHd64P5bN+x37AnkytX86lomlhqWiajNwB4NFtG
b5Rw5owDd0HAYYMXJy8wnKoSER6sb1ZMcupIjorCjYKCQr3I6A1UU2LSwXL/SCwJOVz1B+69d/cp
9wPd+o2J5a64AtjKLOFBQnwvt5g6AM+xcNH3hqP5XBFyVBRunD5dpIWLvndaPQAA90PAYYOklPRy
p3uUjOQICmzi8FpKrlVeGjdx8gKrS8kClbVw8TplZRk3aYuOCtOTjw5x6oeqwAB/PfnoEMNpKdKF
b/CWr9jstJrguQID/E0RbpR4aEw/+Rn0owEqKzevQMtWGE/zKwk5nPE7IPCPa5XXA2fhonXKzStw
eC0A4EqVWUCiJi42wSoqNkpOSVeLoKaGQ4KaNW2koYNjdTT7hMPeSPfe3Uczp92vFkHGQcqSpRs1
a471viFAVfzwU6ratW0hb2/ro5Qslvrq0a2dJCkzK8dhK6xYLPV04/VX668jbjRcLUWSsrJy9Pa8
b9xupReYU49u7dQ6NMDVZdisTt06ys0rcJtVLmB+mZk58vP1NgwxvL291KljqM6eO++w913PmPYa
Ht9Lvn7G4d36jYlav3GPQ64PAO7kTNFZxRk0Wb7U1FcX17iQg4CjElZ/u6vckKN+/bqK691Z3bqG
KyMjW0cysu1y3e5d22rGtPv11+E3qH79uobHLVm6UY+Pf9cu1wRKnDt3vsKQQ5Jahwao09WhkqSj
x47bLWAoCTaGDo4td9SGdCHceP2tlfTdgN0EBvirbZsWri6jUvbuO0zAAbvak3Sw3JCjTt06atum
hSIjQnT02HG7LcvdOrS57r07TtFRbVSnbh3D47bv2K8lSzfa5ZoA4O6SU9J1c+/Oatq0UYXHTXhh
vnOKciO1WrS+q9jVRZiJj4+XJj43QrcPjqnw2M1bLzT6rOov3dsHx2jo4Fh179q2wmMJN6qmuJi3
v60slnp6eGx/NW9e8VDk04VntG3nfm3fsV8ZmcZTXMoTGOCvnjGRioxoadgp/89S0zL1/odrCDdg
VxZLPb304khXl2Gz06eLNGnqp/wcwCFs7UeTmZmj7zcmak/SwUq/Fy2WemofEaLrYiJtWpJ5+479
Wrh4XaWuAQBm5+Pjpc8WPGv4xXtySrqGjpii/PxTTq7M9Qg4qmjmtPttCjmkC8vNbt6aos1b9yo5
JV3Je9PLvNl8fLzUrm2w2oUHq3vXtureNdzmxqWEG1VHwFF5lW24eLrwjA6kZSkjM0epaZnKzT1Z
Zo60n6+3/PwaKrRVgAID/NW6VXObQo0S6zcm0nMDDhMZEaJBA3qoceOGri6lXMePn9SyLzbRXBcO
VdnfAalpmTqQmqXUtEwVFhaVCb0DA/xlsdRTaKsAtQ5trtBWtk8JI9wAUNMNHRKrUSPjLgYdySnp
em/+an32ec1dTZOAoxruGxmnfzw33GXXLygo1MTJC1gOthoIOKomOipMg27roQYNnL+Cyp9d6Ji/
jg90AOBErv4dwLMfAGCEgKOaIsKDNWP6/WrX1rlrDCfvTdcTT7/LainVRMBRdX6+3hp4W/cK+2I4
yvYd+7V85SaG4gOACwQG+Gvgbd0rNeLCHlLTMrVw0feslgIAsIqAw07uGxmnx8cNkre3xaHXKSgo
1MzZyzRv/mqHXqemIOCovtahzRXXu7PT/shNTcvU6rU7dSA1yynXAwAYi44K0y19ohw+hev48ZP6
Zs0Obd+x36HXAQCYGwGHHfn4eOm+kXEaNTLO7kFHRka2Fi/dqHnzV9fIZjGOQsBhP61Dm6tnTKTD
RnTsSTqo9RsTCTYAwA05Kugg2AAAVAYBh4PE9e6soYNj1OemTtU6z5KlG7X6211avXannSrDnxFw
2J+fr7faR7RUZPuQao/qSE3LVOKeg9q+cz9TUQDABFqHNld05zaKbB9S5R4dp08X/fHs30eoDQCo
FAIOJ+jeta26dQ1XRHiwfHy81K2L9WVft2zbq/z8U0pKSdeWP1ZdgWMRcDheSVf8kpVS/P18ynzD
d/z4SeXk5l9cYaWk6z4AwLwCA/wV2qq5/Py8FRjgX+7zPyMzR7m5BUr9Y9UtAACqgoADNRoBBwAA
AAB4hstcXQAAAAAAAEB1EXAAAAAAAADTI+AAAAAAAACmR8ABAAAAAABMj4ADAAAAAACYHgEHAAAA
AAAwPQIOAAAAAABgegQcAAAAAADA9Ag4AAAAAACA6RFwAAAAAAAA0yPgAAAAAAAApkfAAQAAAAAA
TI+AAwAAAAAAmB4BBwAAAAAAMD0CDgAAAAAAYHoEHAAAAAAAwPQIOAAAAAAAgOkRcAAAAAAAANMj
4AAAAAAAAKZHwAEAAAAAAEyPgAMAAAAAAJgeAQcAAAAAADA9Ag4AAAAAAGB6BBwAAAAAAMD0CDgA
AAAAAIDpEXAAAAAAAADTI+AAAAAAAACmR8ABAAAAAABMj4ADAAAAAACYHgEHAAAAAAAwPQIOAAAA
AABgegQcAAAAAADA9Ag4AAAAAACA6RFwAAAAAAAA0yPgAAAAAAAApkfAAQAAAAAATI+AAwAAAAAA
mB4BBwAAAAAAMD0CDgAAAAAAYHoEHAAAAAAAwPQIOAAAAAAAgOkRcAAAAAAAANMj4AAAAAAAAKZH
wAEAAAAAAEyPgAMAAAAAAJgeAQcAAAAAADA9Ag4AAAAAAGB6BBwAAAAAAMD0CDgAAAAAAIDpEXAA
AAAAAADTI+AAAAAAAACmR8ABAAAAAABMj4ADAAAAAACYXp3i4mJX1wAAAAAAAFAtjOAAAAAAAACm
R8ABAAAAAABMj4ADAAAAAACYHgEHAAAAAAAwPQIOAAAAAABgegQcAAAAAADA9Ag4AAAAAACA6RFw
AAAAAAAA0yPgAAAAAAAApkfAAQAAAAAATI+AAwAAAAAAmB4BBwAAAAAAMD0CDgAAAAAAYHoEHAAA
AAAAwPQIOAAAAAAAgOkRcAAAAAAAANMj4AAAAAAAAKZHwAEAAAAAAEyPgAMAAAAAAJgeAQcAAAAA
ADA9Ag4AAAAAAGB6BBwAAAAAAMD0CDgAAAAAAIDpEXAAAAAAAADTI+AAAAAAAACmR8ABAAAAAABM
j4ADAAAAAACYHgEHAAAAAAAwPQIOAAAAAABgegQcAAAAAADA9Ag4AAAAAACA6RFwAAAAAAAA0yPg
AAAAAAAApkfAAQAAAAAATI+AAwAAAAAAmB4BBwAAAAAAMD0CDgAAAAAAYHoEHAAAAAAAwPQIOAAA
AAAAgOkRcAAAAAAAANMj4AAAAAAAAKZHwAEAAAAAAEyPgAMAAAAAAJgeAQcAAAAAADA9Ag4AAAAA
AGB6BBwAAAAAAMD0CDgAAAAAAIDpEXAAAAAAAADTI+AAAAAAAACmR8ABAAAAAABMj4ADAAAAAACY
HgEHAAAAAAAwPQIOAAAAAABgegQcAAAAAADA9Ag4AAAAAACA6RFwAAAAAAAA0yPgAAAAAAAApkfA
AQAAAAAATI+AAwAAAAAAmB4BBwAAAAAAMD0CDgAAAAAAYHoEHAAAAAAAwPQIOAAAAAAAgOkRcAAA
AAAAANMj4AAAAAAAAKZHwAEAAAAAAEyPgAMAAAAAAJgeAQcAAAAAADA9Ag4AAAAAAGB6BBwAAAAA
AMD0CDgAAAAAAIDpEXAAAAAAAADTI+AAAAAAAACmR8ABAAAAAABMj4ADAAAAAACYHgEHAAAAAAAw
PQIOAAAAAABgegQcAAAAAADA9Ag4AAAAAACA6RFwAAAAAAAA06vj6gIAwF7+coWvItq1VKuQv6hF
i6YKDPDXFc0a6/LLG6h+/bqqX6/uhf9bv66Ki6WiorM6e/acis6eV1HRWf1+6oxyc/J1LCdfR48e
16+/5elQ+m/aun2/CgpOufr2AHg4nmEAAFQPAQcA02oTFqTrYiPV6ZrWat+upYJbNFWtWrVsfr3F
Us+m486dP6/Dh48p7Zdf9fOBTG3bsV/fff+Tzp07X9XSYWINL2+g4OBmOnwkmw+NqBaeYQAA2Fet
oNC/Fru6CACwVedrWmvIwGvV67oOahHU1GV1nDjxu374KVWbt+7VqjU7lPbLry6rBc7R+8ZOGjyw
h3pe214+Pl4a98RbWvbFJleXBZPhGQYzaxcerGeejJdRDpey97CmTF/k3KIA4E8IOAC4vYDmfrpz
+A3qc2MnhV0VWKlvOJ3h3Pnz2rXrgJZ/uUWLl6zXmTNnXV0S7KR9u5aKv72net9wjYKCmpTaR8AB
W/EMg6dYtvgFRXW6ynD/lm17NXT4FCdWBAClMUUFgNtqGdxMD4y+VQP6d1fDyxu4uhxDdWrXVpfo
NuoS3UZPPjpY3/77B7097xvt/znD1aWhCpo0aaRht8fqlj5Rimx/pS67zL0+jMI8eIbBkzw2blC5
4QYAuAMCDgBup9WVf9HDY/urX9+uNs8xdxd+vt6Kv72nBvTvrq9WbdecuV/oQGqWq8tCBerUqa0B
/bqp/61d1aNbO9O97+BeeIbB03Ts0Epj7+/r6jIAoEIEHADcyriHBuiB+/uqYUNLtc5TWFik347m
6dff8nTs2AkVFp7RqcIzKiwsUuHpIl1Wq5bq16+revXqqH79eqpfv658GzeUv7+3mvj7yNfXu1rf
uNavX1eDB/RQ37gorfhyi6bNXKKjR49X655gf12j22jo4Fjd0KujmjZt5Opy4AF4hsETvTTxLnlZ
6ru6DACoEAEHALcQHRWmF5+/U5HtQyr92rNnz+nnA5nak3RQO3Yd0M4ffrbL0OqA5n7qEt1GEeEt
dVXrALUODaj0KgcNGtRT/O091atnB02buUSLl6yvdl2onpbBzTRsaE/1ubGT2oQFuboceAieYfBU
Tz9xuzp2aOXqMgDAJjQZBeByzz9zh+69u4/q1rU9cz1VeEZbt+3TN6t36Js123X8+O8OrPB/Woc2
1y19otW9W7iu6diq0t/S/vu7H/WPSZ/oUPpRB1UIaxpe3kCDB16rW2/poujOV1XqvWaEJqMowTMM
niqq01Va+NF4NWhg21QrmowCcDUCDgAu06RJI7326hj1jGlv82sS9xzUshWb9Pmy/6fcvAIHVlex
+vXr6o6h12nQgB66pmOozc0os7NP6Kln5+nb//zo4Apx0w1Xa/CAa9Uzpr0aNbrcrucm4ADPMJ5h
nqxOndr6ctmLiggPLrOvuLjY6kggAg4ArkbAAcAlOl/TWv96dYxCWl5R4bHFxcXasfNnvTd/tb5e
td0J1VXe1R1b6a4RN6l/3y42fdNVVHROr8xaorfe/doJ1dUs7cKDFT8kVr1vvEbBLZpV+TxHjx7X
1h371L9vV6v7CThqNp5hPMM83fPP3KExo8o2Fj1x4nf9cvA3Xd2x7LQVAg4ArkYPDgBO1//Wrpr+
0r02DY1OTDqo6TOWaN363U6orOp+/ClNP/70jt5+72s9Pm6Q+vTupDq1axseX69eHT03/g61CQvS
Y0+948RKPVMTfx8NHRKrW+Ki1DGyVZWXdj19ukhbtu3Vii+3aNmKzQq7KtAw4EDNxTOMZ5in69al
re65q4/VfW/P+0bXdm/n5IoAwDYEHACcatCAHpr+0r0VfkN44sTveuvdr/X6WyudVJl97Nt/RGMe
nqPozldp4vN3qkPkleUef/ugGHlZ6mvMw3OcVKFnGTSgh267tZt6dA+vcof/4uJipew9rFVrd2rh
onX69bc8O1cJT8IzrDSeYZ6nfv26mjzxLtWrV/ZjQnJKuubMXUHAAcBtEXAAcJohA6/Vy5PvqfCD
wb+/+1F//+cnSj9s3iZ223f+rAFD/6kJT8Xrnrt6l9t8sO/N0Zo7+yE9OO4NJ1ZoXtFRYRo6OEY3
9rpazZo1rvJ5jh07oX+v+1GLl6zX9p0/27FCeCqeYdbxDPMszz49zOoKU+fP/1dTX1nsgooAwHYE
HACcYuiQWL086R6r3wiVOHv2nGbPXaF/zVnuxMoc59y585o0dXtD694AACAASURBVKG+35Co6VPu
U2CAv+Gx/ft21flz/9Ujj7/pxArNI7hFMw27PVZ9brqwtGtllrn8szNnzmrLtr36YuVmLVuxWefO
nbdzpfBUPMN4htUEsTHt9dfhN1jdt/KrrW4/1QoACDgAONwNvTpqyot3l/vB4Nff8vTM8x/o3995
Xlf+9Rv3aPjd0/Tu3L8p7KpAw+MG3tZd6YeP6pVZnzuxOvflZamvIYOuVd+bo9U1uk2Vl3YtLi7W
3n1HtGrNDv3fZ98rMyvXzpXC0/EM4xlWE3hZ6mvS3/9q9Vmbm1egqa8sckFVAFA5BBwAHKpNWJBm
vDyq3CHdB1Izde+Yf+mXg786sTLnSvvlVw3768t65/VHFB0VZnjcA6Nv1Y+7f9Haf+9yYnXu5YZe
HTV4QA/16tmhWku7Zmef0L+/+0mLPl+v7Tv227FC1CQ8wy7gGeb5np+QoNBWza3ue/OdrwiHAZgC
AQcAh/Hz9dabsx9SkyaNDI9JTDqoe0fPqhGNHbOzT+jOe17Rgg+fVlSnq6weU7duHU2bfI/2/3xE
h9LNO3+/ssLbtlD8kJ7qfeM1ahlc9aVdL05B+XKLln2xiSkoqBaeYaXxDPNcN15/tRKGXWd1X+Ke
gywHDMA0CDgAOMycWQ/oqtbGw5m37/xZo8b+S7l5BU6syrVOFZ7RmIfnaNHHz6h1aIDVY5o2baRp
L92rO/76spOrcy4/X28NHRKrvjdfWNq1du3LqnSe4uJi7dt/RKvW7NTCxev4lhF2wzOsLJ5hnsfb
20svvnCn1WWBz50/rynTmZoCwDwIOAA4xKOPDFTPmPaG+xP3HNTdo2aooOCUE6tyD0ePHtf9D87W
/308Xlc087V6zLXd2yn+9p5avGS9k6tzvAH9u2tAv67q0b2dLvdqUOXzZGef0H/W/aT/W8IUFNgf
zzBjNf0Z5mkmPjfccOTcsi82a+OmJCdXBABVR8ABwO46X9NaD47uZ7j/UPpRjX54do38YFDiQGqm
Jrzwod6Z+4jVb80k6bFHBurrb7bp5O+nnVyd/UV1ukq3D47RTTdcbfiByBYlU1BWfLVVS5f/P6ag
wCF4hlWspj3DPFVc784aMijG6r7s7BP6/+zdd5QUZfY/4IuAZJTwRUAEAROKoCJmMStiVsCAOWdM
GFARUDCh66q4rK7rmgPmnDFgxBwRRVERFYkCkp3fH/521pFu6JnpqekanucczrHrVldfhzlX5zNV
73vZMNvCAulStvuBAbKoVatmDB18eNSpk3lBvqnTZsUJp14fEydOSbizwvPcC+/F7Xe+mLXeatWm
cdbp+yXYUX7VrVMrzuy7bzzz2CXx4L0XRJ8DtitzuPHFuIlxzXUPR7cd+8XBR1wZ993/inCDCmGG
5a6qz7CqrnGjBjHw/D5ZHw+8fsTjMXnyjIS7AigfAQeQV+ee1TvW7dA6Y23R4sXR77yb4+NPJiTb
VAEbPPSu+OSzb7PWD+i9TTRfpex3PFSmli2bxGmn7B3rdmgd1apVK/X7p0z9Ne67/5XoeeCQ2LFH
/7jq7w9aX4MKZ4aVTlWeYVXdRRf0iVatmmasvf/h+Lj5P88k3BFA+Qk4gLxZt0PrOPjA7bLW/3Pb
87YO/ItFixbH0MvvicWLf89Yr1e3dhx1+C4Jd1V5FixYFK+M/iTOOu9f0XXLvnHmuf+Kt8Z8Udlt
sZwww0rPDEunPXpsGnvvsXnG2sKFi+LiS+9OuCOA/BBwAHnT7/SeUbt25tu6P/zo6xhy+T0Jd5QO
r772aTz7fPYfmvbZa/OoVatmgh0l74txE+Pa4Y9Etx37RZ/Dr4h7R3oEheSZYWVjhqVL06YrxYX9
D4wVVsh8Z939D422cDOQWgIOIC+237Zz7LBd54y12bPnxtnn/9sPrEtxxdX3x9y5CzLWVmnWKA45
aPuEO6p4U6b+GiMfeDV6HTQ0duzRP6782wPxw6Spld0WyykzrHyWxxmWVoMHHBwtmjfOWJs8eUZc
cdX9CXcEkD8CDiAvzjptv6zrLNx6xwvx2effJdxRunw1flI8/tTbWevZbiVOmwULFsWroz+Jfufd
HJt1Oz3OOOemePPtsZXdFphh5bS8zLC022/vLWP3XTfJWh92zYMxZeqvCXYEkF8CDqDc9uixaazf
cfWMtYkTp8S1wx9JtqGUuvWO57M+x77eem2iTetmCXeUP/99BGWbnc+Ogw6/Iu4Z+XLMn7+wstuC
iDDD8qUqz7CqoPkqjaL/2ftnDfKee+G9uPu+l5JtCiDPBBxAuR28lFuPrxn+cPw2d36C3aTXhx99
HWPezfzcc43q1WOvlP0GdN78BTHywdHRu8+lxY+g2FqTQmSG5UdVm2FVzSUDD41mzVbOWJsyZWZc
OOj2hDsCyD8BB1AuG3RuF5t2XTtj7cOPvo57R76ScEfpdt8Dr2atbbv1+gl2Un4TJ06JM86+Md54
6/PKbgWyMsPyqyrNsKrkgF7bxM47bpSxVlRUFJcOG2kNJKBKEHAA5XLkoTtH9eqZR8md97yUbDNV
wKOPvxmzZv2WsbZB53bRtEnDhDuCqs0Myy8zrPC0atU0zjmrV9ZHU5557r24735BHlA1CDiAMmvQ
oG7slOU3Qt9P/MWzvGUwf/7CGPPulxlrNWvWiM0365BwR1B1mWH5Z4YVnksuOjRrsPTLLzPjoos9
mgJUHQIOoMz22n3TqF+vdsba/Q+OTribquPlVz/OWttwg/YJdgJVmxlWMcywwnFInx1ih+02yFgr
KiqKoVfcG5N+nJZwVwAVR8ABlNmO22+Y8fjcuQvitjtfSLibquPxp97OuhNBh7VXS7gbqLrMsIph
hhWGtqs3j36n75e1/uQz78T9DwnygKpFwAGUSf16tbMuzPfOe1/GlKm/JtxR1TF58oyY+EPm3UbW
WmPVhLuBqskMqzhmWGEYMvDQaLRy/Yy1nydPjwGDPZoCVD0CDqBMduuxSdSvXydj7YVRHyTcTdUz
7qsfMh5v1mzlaL1as4S7garHDKtYZljlOurwXWLrrTpmrBUVFcXQy++NyZNnJNwVQMUTcABlstkm
62Q8Pm/egnjksTcS7qbqGTv2+6y1NddomWAnUDWZYRXLDKs8a7RvGWecuk/W+uNPvR0PPvJ6gh0B
JEfAAZTJuuu0znj840+/dWt3Hnzy2bdZa6u1+r8EO4GqyQyrWGZY5Rk6+LBo2LBuxtpPP0+PAYPv
SLgjgOQIOIBSq1+vdqzRPvNv4D79bEKyzVRR30z4KWutZYvGCXYCVY8ZVvHMsMpxwrG7xeabZt6K
t6ioKC657J6YMmVmwl0BJEfAAZTaVluuFyuuWCNj7f0PxifcTdX05VeTYuHCRRlrzVdplHA3ULWY
YRXPDEteh3VWi1NP3DNr/dHH3/T4FVDlCTiAUtugU/uMxxctXhyvvPZpwt1UTYsWLY5p02dlrDVt
ulLC3UDVYoZVPDMseUMGHZ514dxJP06LgZfcmXBHAMkTcACl1rp15uenf/hhqltf82jq1Mw/HNSu
vWLCnUDVYoYlwwxLTt+T94quXdbMWPv996K4eOhd1pYBlgsCDqDUmq+S+fnpH3+alnAnVdv8BQsz
Hq9dq2bCnUDVYoYlwwxLxvodV48Tjt0ta/2Rx96Ix596O8GOACqPgAMotVWaZb69+Mcf/XCQT/Pn
Z/7hINvaAUBuzLBkmGHJGDro8KhXt3bG2sQfpng0BViuCDiAUmv2fytnPD7JDwd5le2Hg1p++wnl
YoYlwwyreGef0TM26NwuY+3334ti8NC7sq6FAlAVCTiAUmnTulnW56cn/vBLwt1UbfPmLch4fMUV
/XAAZWWGJccMq1hdNlwjjjmye9b6Aw+/Fk89806CHQFUPgEHUCqNGtXPWps2fXaCnVR91atXz3j8
98W/J9wJVB1mWHLMsIpTo0b1uGTQYdnDuolTYvBQj6YAyx8PQQKl0iDLFnQREb/9Nj/BTqq+2rUz
/5Zz3vzMvxWFQtJ6tWax4Qbto2HDujFv3oKY8O3PMeadcZXdlhmWIDOs4pxzZq/ouG6bjLXFi3+P
gUPujBkz5iTcFUDlE3AApVKvXuaFzCIiZs+em2AnVV/durUyHp+X5bl2KAQ9uneNk4/fIzqu1yaq
VatWojZ12qx46JHX47Jh92Vdn6GimWHJMcMqxmabrBNHHrZz1voDD42OZ557N8GOAAqHR1SAUqlb
J/P/sEZEzPLDQV79X9PMOz3Mneu3nxSmQw7aPob//cRYv+PqS4QbERFNGjeIo4/YJe6+7dyoUSPz
4wsVzQxLjhmWf7Vq1YxLBh6adSea776fHAOH3JVwVwCFwx0cQKlM+nFaPPjI6xlrv/wyM+Fuqram
TTL/cDBt2q8JdwLL1qzZytH/7P2jRpZ1F/6sa5c148zT9o3Lh41MoLOSzLDkmGH5d+5ZvWPttVpl
rC1avDgGXnxnzJr1W8JdARQOAQdQKm++PTbefHtsZbdR5XVct03UqZN58ThbWVKI+hywXdRfyvoW
f7X3HptXSsBhhiXDDMu/rbdcLw47eIes9ZEPvBrPvfh+gh0BFB6PqAAUoC4brZm1NvGHKQl2Arnp
vH7bUp3fatWmsUb7FhXUDZXNDMuvunVqxeABh0TNmpl/Nznh259jsEdTAAQcAIVo3Q6ts9a+mfBz
gp1Abpo2aVjq97RpvUoFdEIhMMPy64JzD4g12rfMWFu0eHEMvOTOmD1nXsJdARQeAQdAAVq/4+oZ
jy9avDjefe/LZJuBHNTI8pvlpaldK/M2oqSfGZY/223TKQ48YNus9XvueyVeGPVBcg0BFDABB0CB
adqkYayTZRG5CRN+jmnTZyXcESzbnDLsQDJ1mu/lqsgMy58GDerG4AGHZF289+tvfoohl92dcFcA
hUvAAVBgdtx+w6zPWY8dNzHhbiA3X0/4qVTnz5u3ID76+JsK6obKZIblz4D+B8bqbTI/yrVo8eK4
6OI7PJoC8CcCDoACs8N2G2St+YGQQvXk02NKdf4bb42N3+bOr6BuqExmWH7sslOX6LXv1lnrd9/z
Urz0ykcJdgRQ+AQcAAWkVq2asdkm62Ss/f57UTz3wnsJdwS5GfXyRzmvAzB7zry4dvgjFdwRlcEM
y4+VV64XA8/vE9WrZ/5f9a/G/xiXXHZPwl0BFD4BB0AB2X3XTWLlletlrH0xbmJ8Nf7HhDuC3J3W
75/x7PPvRVFRUdZzJv04LU49Y0S8Y6HJKskMy4+BFxwcrVo1zVhbuHBRDLj4dndAAWRQ+iXPAagw
e+6+Wdba629+lmAnUHozZsyJo46/JjbftEN037lLtGvbPOrVrR3zFyyMX36ZGWPeHRf3PfBqzJ+/
sLJbpYKYYeW3+66bxD57bpG1fsfdo+LV0Z8k2BFAegg4AArEqi2bxJabr5u1/vSz7ybYDZTdG299
Hm+89Xllt0HCzLDya9qkYVzY/6BYYYVqGetfjZ8Ul115X8JdAaSHR1QACkSfA7eLWrVqZqx9+dUP
8ebbYxPuCCB3Zlj5DR5wSLRs0ThjbeHCRXHhII+mACyNgAOgQOyzR/Zbkp94qnQ7VAAkzQwrn333
2iJ277FJ1vqtd7wQo1//NMGOANJHwAFQAA7af9usC8rNm7cg7rxnVMIdAeTODCuf5qs0iv7n7B/V
qmV+NOWLcRPjsmEeTQFYFgEHQAE4aP9ts9Zefe2T+Onn6ck1A1BKZlj5DB5wSKzSrFHG2oIFfzya
YnFegGUTcABUsl126hKdO7XLWCsqKopbbnsu4Y4AcmeGlU/vnt2i+85dstZvveN5i/YC5EjAAVDJ
jj+mR9baW2O+iFdf88w1ULjMsLJbtWWTOO+sXlkfTfl87Pcx9Ip7E+4KIL0EHACVaJedusTGG62Z
tX7jzU8n2A1A6Zhh5XPJwMOiadOVMtbmz18YFw66LRYtWpxwVwDpJeAAqEQnHrdb1tr7H46P5154
L8FuAErHDCu7gw/cLnbcfoOs9Vtuey7eGvNFgh0BpJ+AA6CS9Np3q9hogzUy1oqKiuK64Y8m3BFA
7sywsmvTuln0O6Nn1vqnn38Xl181MsGOAKoGAQdAJahRo3qcfMKeWeujXv4onnvx/QQ7AsidGVY+
QwYdFo0bNchYmzdvQVxw0a0eTQEoAwEHQCU4/uge0a5t84y1+fMXxpVX359wRwC5M8PK7sjDdo5t
tl4/a/3m/zwb77z3ZYIdAVQdAg6AhLVs0TiOOap71vr9D42OTz77NsGOAHJnhpXdGu1bxBmn7pO1
/vGnE2LYNQ8k2BFA1SLgAEjYuWf1znpr8qQfp8UVV/nNJ1C4zLCyGzLo8FhppXoZa/PmLYgLB9o1
BaA8BBwACdpisw6xx+6bZqwVFRXFZcPui2nTZyXcFUBuzLCyO/6YHrHFZh2y1m+65el49/2vEuwI
oOoRcAAk6ML+B0WN6tUz1p5+9t146JHXE+4IIHdmWNl0WGe16HvSXlnrH338jTtfAPJAwAGQkDP7
7hsd122TsTZ12qwYNOTOhDsCyJ0ZVnZDBh0e9evXyVj7be78OH/grQl3BFA1CTgAEtBhndWyLspX
VFQUQy6/J36YNDXhrgByY4aV3akn7RVdu6yZtX7jv56KDz78OsGOAKouAQdAAgZecHDUq1s7Y+3h
R9+IkQ+8mnBHALkzw8pm/fVWjxOP2y1r/f0Px8dVf38wwY4AqjYBB0AFO+7o7AvLTfj25xhw8e0J
dwSQOzOs7IYMPixrMDTnt3lx/kUeTQHIJwEHQAXqsM5qcdrJmReWW7BgUfQf8J+YMWNOwl0B5MYM
K7uzTtsvNuzcPmt9xE1PxsefTEiuIYDlgIADoAItbWG5G//9VLz62qcJdwSQOzOsbDbs3D6OPWrX
rPV33/8qrrnu4QQ7Alg+CDgAKsiZfffNurDcmHe/jMuHjUy4I4DcmWFlU6NG9Rgy+LCoU2fFjPU5
v82LCzyaAlAhBBwAFWCLzTrECcdmXlhu5sw5cXb/mxPuCCB3ZljZ9Tt9v1h/vdWz1oePeDw++ezb
5BoCWI4IOADyrEGDunHpxUdErVo1l6gVFRXFpVfeF1+Nn1QJnQEsmxlWdl03XiuOOnyXrPUx74yL
6254NMGOAJYvAg6APBsy8NBo17Z5xtrDj74Rd94zKuGOAHJnhpVNrVo1Y+igwzIGQxERs2fPjfMH
ejQFoCIJOADy6OADt4u999w8Y23clz9E/wH/SbYhgFIww8ru3LN6xzprr5a1fv2Ix+Lzsd8n2BHA
8kfAAZAnnTu1i/PPOSCqVau2RG327Llx5rk3xew58yqhM4BlM8PKbqst1ovDDt4ha/2tMV/E8BGP
J9gRwPJJwAGQB/Xr1Y6rLjs643aKRUVFMfTK++KDD7+uhM4Als0MK7u6dWrFxRcdEjVr1shYnz17
bpxv1xSARAg4APJg6ODDY+21WmWsPfToG3H7nS8k3BFA7sywsjv/3ANijfYts9b/PvyR+GLcxAQ7
Alh+CTgAyumYI7rHPnttkbH2xbiJcb5n1oECZoaV3XbbdIqDDtg2a/2Ntz6PETc9mVxDAMs5AQdA
OWy9Vcc4+8yeGWt/PLP+L8+sAwXLDCu7+vVqx6ALD44a1atnrP/662/Rf4BHUwCSJOAAKKNWrZrG
sEuPjtq1V1yiVlRUFEMuvyc+/Mgz60BhMsPKZ8D5B0Xb1TNvpxsRcc11D8dX4ycl2BEAAg6AMqhR
o3pcO+z4aNmiccb6ffe/GnfcPSrhrgByY4aVz047bBS99ts6a33065/GTbc8nWBHAEQIOADK5LKL
j4iuG6+VsfbeB1/FuRfeknBHALkzw8pu5ZXrxcALDsr6aMrMmXPiwkG3JdwVABECDoBSO+7oHtG7
Z+bf3P308/Q45fQRsWjR4oS7AsiNGVY+A/r3idarNctav/rah+Kr8T8m2BEA/yXgACiFnXbYKM4+
o2dUq1Ztidq8eQui33k3x3ffT66EzgCWzQwrn926d4399t4ya/2V0Z/Ev299NsGOAPgzAQdAjjqs
s1pceelRseKKNTLWr/zbA/HSKx8l3BVAbsyw8mnapGFc2P+gWGGFJcOhiIgZM+bEBQM9mgJQmQQc
ADlo1mzl+Me1J0eTxg0y1h985PW48eanEu4KIDdmWPkNvKBPrNqySdb6sGseiG8m/JRgRwD8lYAD
YBlq1aoZI647Jdq3a5Gx/vEnE+K8CyzIBxQmM6z89t5z89hz982y1l965aO49Y7nE+wIgEwEHADL
cM2w46JrlzUz1n75ZWacfPoN8dvc+Ql3BZAbM6x8mjVbOS4494CM65ZEREybPsujKQAFQsABsBQD
+h8Uu++6ScbavHkLol//m+Prb9ySDBQmM6z8Lh5wSKzSrFHW+rC/PRDffmdhVoBCIOAAyOLIw3aO
o4/YJWOtqKgohlx+b7ww6oOEuwLIjRlWfr322zp23WXjrPUXRn0Qt9/1YoIdAbA0Ag6ADHp07xrn
n5P9luRbbnsu/nP7cwl3BZAbM6z8Vm3ZJPr36531azh12qy4YJBHUwAKiYAD4C823mjNuGLIkVm3
Unxh1Adx0cV3JNwVQG7MsPy4eOCh0bTpSlnrV1w1MiZOnJJgRwAsi4AD4E/atG4W119zYqy0Ur2M
9c/Hfh+n9ftnwl0B5MYMy48+B2wXO22/Ydb6cy++H3fd+1JyDQGQEwEHwP/XoEHd+OfwU2PVlk0y
1idPnhEn9r0+ZsyYk3BnAMtmhuVHm9bN4uwze2atT5kyMy60awpAQRJwAPx//7j2pFivQ+uMtblz
F8TpZ98YX43/MeGuAHJjhuXHkEGHReNGDTLWioqK4rKrRsYPk6Ym3BUAuRBwAETElZceFdtsvX7G
2u+/F8XgoXfGK6M/SbgrgNyYYflxxKE7Zf06RkQ8+/x7ce/IVxLsCIDSEHAAy72+J+8VB/TaJmv9
n/96Mu64e1SCHQHkzgzLj3Ztm8eZfffNWv/ll5kxYPDtCXYEQGkJOIDlWq/9to7TTtk7a/3xp96O
oVfcm2BHALkzw/JnyKDDsi7OWlRUFJdeeW9M+nFawl0BUBoCDmC51W2rjnHxRYdEjerVM9bHvPtl
nHaW3QaAwmSG5c+xR+0aW22xXtb6U8+8EyMfHJ1gRwCUhYADWC51WGe1+Puw46Je3doZ699M+ClO
PPX6mD9/YcKdASybGZY/a6/VKk5fyl0wP0+eHhddfEeCHQFQVgIOYLnTrNnKMeK6U6Jp05Uy1qdN
nxUn9b0hfvp5esKdASybGZZfQwcdFvXr18lYKyoqikuvuM/XEiAlBBzAcqVWrZox4rpTol3b5hnr
8+YtiDPPuSk+/nRCso0B5MAMy69TTtgzNum6dtb6E0+PiQcefi3BjgAoDwEHsFy5Zthx0bXLmhlr
f2yleFc8/+IHCXcFkBszLH86rtsmTjph96z1n372aApA2gg4gOXGgPMPit133SRrfcRNT8Ttd72Y
YEcAuTPD8mvI4MOyrmFSVFQUQy6/JyZPnpFwVwCUh4ADWC4cdfgucfThu2StP/bkW3Hplfcl2BFA
7syw/Dqz776x0QZrZK0/9sRb8fCjbyTYEQD5IOAAqrwe3btG/7P3j2rVqmWsj3n3yzi9340JdwWQ
GzMsvzbo3C6OO7pH1vqkH6d5NAUgpWpUdgMAFWnjjdaMK4YcGSuumHnc2UoRKGRmWH7VqFE9hg46
POrUWTHrOSutVDeefuziBLtKn5Ua1st4fMPO7eOd1/+ecDcR/c67OUa9/FHinwsUHgEHUGW1ad0s
rr/mxFhppcz/IzZ12qw48dThtv8DCpIZln9nnbZfrN9x9aWeU69u7axrc7B0tWrVjFWaNUr8c2vX
zh5YAcsXj6gAVVKDBnXjn8NPjVVbNslY/+9Wip989m3CnQEsmxmWf127rBlHH5F9HRMA0k/AAVRJ
/7j2pFivQ+uMtf9upfjCKFspAoXJDMu/bbt1ilq1alZ2GwBUIAEHUOUMu/To2Gbr9bPWbaUIFDIz
DADKRsABVCmnnbJ37N+rW9b6Y0/YShEoXGYYAJSdRUaBKqN3z27R9+S9stbHvPtlnH62rRSBwmSG
Vaz3Phgft935QmW3USVs2239aL1asyWOT5w4JV58+cPE+/n2u8mJfyZQmAQcQJXQbauOcfFFh0SN
6tUz1r/+5qc4/pTrbKUIFCQzrOK9MOoD65bkyT23n5s54Jg0Jc6/6NZK6AjgDx5RAVJv3Q6t4+/D
jou6dWplrE+dNitO6js8Jk+ekXBnAMtmhgFAfgg4gFRr1mzl+Me1J0fTpitlrNtKEShkZhgA5I+A
A0itWrVqxojrTol2bZtnrP/+e1EMGnKnW5KBgmSGAUB+CTiA1Pr7VcdH1y5rZq3/48Yn4o67RyXY
EUDuzDAAyC8BB5BKF53fJ3br3jVr/dHH34zLhtlKEShMZhgA5J+AA0ido4/YJY46fOes9THvjIsz
zrkpwY4AcmeGAUDFEHAAqbJb967R/+z9o1q1ahnrX3/zUxx/6vW2UgQKkhkGABVHwAGkRtcua8YV
Q4+KmjVrZKzbShEoZGYYAFQsAQeQCm1aN4vrrzkpGjasm7E+b96COOPsG22lCBQkMwwAKp6AAyh4
K69cL/45/NRo2aJxxvp/t1J88aUPE+4MYNnMMABIhoADKHjX/+3EWK9D66z1G2583FaKQMEywwAg
GQIOoKBdddnRsc3W62etP/r4m3H5sJEJdgSQOzMMAJIj4AAK1umn7hO9e3bLWreVIlDIzDAASJaA
AyhI+/fqFqeetGfWuq0UgUJmhgFA8gQcQMHZtlunGDzgkKhRvXrG+pSpv8YJp15vK0WgIJlhAFA5
BBxAQVm3Q+v425XHRt06tTLW5879YyvFzz7/LuHOAJbNDAOAyiPgAApG81UaxT+uPTmaNmmYsb54
8e8xaMidMerljxLuDGDZzDAAqFwCDqAg1K1TK/5x3cnRlFihwAAAIABJREFUrm3zrOfccOPjcec9
tlIECo8ZBgCVT8ABFIS/XXlsbLzRmlnrjzz2Rlxx1f0JdgSQOzMMACqfgAOodBed3yd6dO+atf72
mC/izHP/lWBHALkzwwCgMAg4gEp1zBHd46jDd85aH//1j3FC3+G2UgQKkhkGAIVDwAFUmt133STO
O7t3VKtWLWN9ytRf48S+w22lCBQkMwwACouAA6gUXbusGZcPOTJq1qyRsW4rRaCQmWEAUHgEHEDi
2q7ePK6/5qRo2LBuxvrixb/HwEvusJUiUJDMMAAoTAIOIFErr1wvRlx3crRs0TjrOTfc+Hjcde9L
yTUFkCMzDAAKl4ADSNQN15wU63ZonbX+8KO2UgQKlxkGAIVLwAEk5qrLjo6tt+qYtf7WmC/i9LNv
TLAjgNyZYQBQ2AQcQCLOOHWf6N2zW9b6+K9/jONPuT4WLVqcYFcAuTHDAKDwCTiACrd/r25xykl7
Zq1PmTIzTjj1+pgyZWaCXQHkxgwDgHQQcAAVarttOsXgAYdEjerVM9bnzl0Qp599U3w+9vuEOwNY
NjMMANJDwAFUmI7rtomrrzg26taplbH+360UX3rFVopA4THDACBdBBxAhWi+SqO44dqTommThlnP
sZUiUKjMMABInxqV3QBQ9dStUytGXH9KtF29edZzHnrkdVspQhXWerVmseEG7aNhw7oxb96CmPDt
zzHmnXGV3VZOzDAASCcBB5B31ww7LrpsuEbW+ltjvogzzrkpwY6ApPTo3jVOPn6P6Lhem6hWrVqJ
2tRps+KhR16Py4bdF/PnL6ykDpfNDAOAdPKICpBXAy/oE7vusnHW+lfjbaUIVdUhB20fw/9+Yqzf
cfUlwo2IiCaNG8TRR+wSd992btSokXnRzspmhgFAegk4gLw55ojuceRhO2etT5kyM07saytFqIqa
NVs5+p+9f9bdRv6sa5c148zT9k2gq9IxwwAg3QQcQF7svusmcd7ZvTP+1jbCVopQ1fU5YLuoX79O
zufvvcfmFdhN6ZlhAJB+Ag6g3Lp2WTMuH3Jk1KyZeVmfxYt/j4sutpUiVGWd129bqvNbrdo01mjf
ooK6KR0zDACqBouMAuXSoEHduP6ak6Jhw7pZz3nvg/HRoEGdOPaoXRPsjBtvfqqyW2A5srTtVLNp
03qV+Gr8jxXQTe7MsMJlhgFQWgIOoFwaN6ofLVs0Xuo5XbusGV27rJlQR/yXHw5IUo0sdz8sTe1a
NSugk9IxwwqXGQZAaXlEBQAotzmz55b6PVOnzaqATgCA5ZWAAwAot68n/FSq8+fNWxAfffxNBXUD
ACyPBBwAQLk9+fSYUp3/xltj47e58yuoGwBgeSTgAADKbdTLH8ULoz7I6dzZc+bFtcMfqeCOAIDl
jYADAMiL0/r9M559/r0oKirKes6kH6fFqWeMiHfe+zLBzgCA5UG1Vu0Pyf5/IQAApbT5ph2i+85d
ol3b5lGvbu2Yv2Bh/PLLzBjz7ri474FXY/78hZXdIgBQBQk4AAAAgNTziAoAAACQegIOAAAAIPUE
HAAAAEDqCTgAAACA1BNwAAAAAKkn4AAAAABST8ABAAAApJ6AAwAAAEg9AQcAAACQegIOAAAAIPUE
HAAAAEDqCTgAAACA1BNwAAAAAKkn4AAAAABST8ABAAAApJ6AAwAAAEg9AQcAAACQegIOAAAAIPUE
HAAAAEDqCTgAAACA1BNwAAAAAKkn4AAAAABST8ABAAAApJ6AAwAAAEg9AQcAAACQegIOAAAAIPUE
HAAAAEDqCTgAAACA1BNwAAAAAKkn4AAAAABST8ABAAAApJ6AAwAAAEg9AQcAAACQegIOAAAAIPUE
HAAAAEDqCTgAAACA1BNwAAAAAKkn4AAAAABST8ABAAAApJ6AAwAAAEg9AQcAAACQegIOAAAAIPUE
HAAAAEDqCTgAAACA1BNwAAAAAKkn4AAAAABST8ABAAAApJ6AAwAAAEg9AQcAAACQegIOAAAAIPUE
HAAAAEDqCTgAAACA1BNwAAAAAKkn4AAAAABST8ABAAAApJ6AAwAAAEg9AQcAAACQegIOAAAAIPUE
HAAAAEDqCTgAAACA1BNwAAAAAKkn4AAAAABST8ABAAAApJ6AAwAAAEg9AQcAAACQegIOAAAAIPUE
HAAAAEDqCTgAAACA1BNwAAAAAKkn4AAAAABST8ABAAAApJ6AAwAAAEg9AQcAAACQegIOAAAAIPUE
HAAAAEDqCTgAAACA1BNwAAAAAKlXo7IbAGD5sWHn9nHyCXvk9ZoXXXJHTJw4JSIi9tht09h7j83L
db0bb34q3hrzRc7XKyoqit9+mx+zZ8+NL8dPirfGfBGfff5duXoorQYN6sZhfXaIzTZdJ9q3bREN
GtSJ6tVXiDm/zYuJP0yN9z8YH7ff9UJ8/c1P5fqcrl3WjOOP2a3EsQcffi2eeHpMma63rK/v/AUL
Y8aMOTFlysx49fVPY8w74/J6/Vz8+fsh36696vioV6928evX3/w8bv7PMzm/f432LeK8fvsXvy4q
KooBg2+PST9Oy/kamb5Gpfl3PuSg7WPbbp2KX8+dOz9OPv0fOX8+AOSTgAOAxDRv3ih23nGjvF7z
qr8/WPzPa7RvWe7rP/7U2+W6XlFRUXz08Tdx863PxkOPvF6uXnLRu2e3OPfMXvF//7fSErX69evE
Ks0aRZcN14hD++wQ/7rl6bj0yvvK/FmDLjwk1u+4eoljH3z0dZmvV5qv7+mn7hM//jQt7n9odNww
4vGYPWdeXq+fzZ+/H/Jt+207x0or1St+ncu/058d2HvbJf79Pvv8u7j62odyvkamr1GL5o2jx94D
cnr/uh3alHj/7Nlzc/5sAMg3j6gAQB5Vq1YtOndqF38fdlxcfcWxFfpZJxy7W1wx5MiM4cZfrbhi
jTjxuN3jykuPKtNn9T15ryXCjaS1aN44Tjlhzxj17OWx3Tadlv2GKm6XnboscWzXXTYu93XX77h6
nHrSXuW+DgAkTcABQGJ+/70oFi1anP3P4sVLvGfR4qWcv2hxFBUVLfUzl/p5Gf78/nvpr5dJtWrV
ote+W8XgAYfk/gUqhe237Rz9Tt8vqlf/33/K/3v3yIOPvB4jHxwdH386YYn3HdBrm9hjt01L9Vlr
rblqHH90j/K2nJNc/m6br9Iobhx+ahy0/7blun4+vh8qy47bbxBtWjdb4vg6a68Wm22yTrmvf8Ix
PWKN9i3KfR0ASJJHVABIzDPPvRtt1zkia/2wg3eMSwYeWuJYrwOHxjvvfVnmz9xyuzNLtSZBWa7X
uFGD2HSTtaP3ft1ix+03KFHrc8B2MfLBV+PjTybkrYeIiDNO3Sdq1vzff8Znz54b/c67eYlHKo45
ontc2P/AqFatWvGxIw7dOR574q2cP2vgBQdH/fp1yt90Dv789a1Vq2a0a9s8ttp8vditxybRZcM1
is+rXXvFGHThwfHd97/E6Nc/LdP102y/fbbKWuu939bx5ttjy3X9+vXrxID+feLQo4aV6zoAkCR3
cABAOU2bPiueeuadOOLYq+M/tz9XorbiijVi3722zOvndd14rejcqV2JY9ePeCzjehE33fJ0vDL6
kxLHOnVcPWrVqpnTZx184Hax9Zbrlb3Zcpg/f2F8Pvb7uOmWp2PvXoNjyOX3lLjLp3btFePKoUdF
/T8t1Lk8aNCgbmy79frFr4uKikrc7bL9dhvk/Pe7NNtt0yl67bd1ua8DAEkRcABAHl0+bGRMmz6r
xLG/hhHl9df1J2bPmRe33PpclrMjnnn+vRKva9WqGau3WWWZn9N8lUZxZt99i19Pmz4r5vxWuoUw
82nETU/GdcMfLXGsVaumceThu1RSR5XjgJ7dStxR88ln38aXX00qft2kcYPYb+/8hGpnn9EzmjZp
mJdrAUBFE3AAQB7NnjNviW1iGzeqn9fPaL5K4xKvv/tucvw2d37W8yd8+/MSx1ZccdlPqQ7of1A0
bfq/BUyvv+GxWLQw85ojSbn62ofii3ETSxw7sNc2ldRN5eixa9cSr0e99GG8+NKHJY7tuftmZb7+
n+8Gab5KozivX+8yXwsAkiTgAIA8mztvQYnXNWtWz+v1b7nt2Tjy2L8V/7lg0G1LPb9li5KByMKF
i2LCt5OX+p4e3bvGbrtuUvx6zDvj4qZbni5703n0yGNvlnjdqlXTEutzVGUd1lktNuzcvvj1osWL
4/6HXov7Hxodixf/Xnx8065rR9vVm5fpM579yx0/++6zZXTbqmPZGgaABAk4ACDPWrZoUuL1jBlz
8nr9jz+ZEM+9+H7xnzHvjFvq+TtsW3Lh07HjJsasWb9lPb9+vdrR/+z9Y4UV/liYdO7cBXHRJXeU
v/E8eeb5d5c41u1Pa1JUZQf02qbEzjkffPh1fDPhp/hi3MT45E+75tSoUT0O6NWtTJ9x5d8eiClT
Zv7vWtWrx4D+B0WNGvkN6gAg3wQcAJBH3bbqGB3WXq3Esc/Gfpfl7IrXcd02S6zZ8fiTSy5G+mfn
nb1/iS1I/3P7c3nfBaY8xn35Q0yfMbvEsUxbplZFO++wUYnXz7/4fvE/P/enf46I6L7zxmX6jFmz
four/v5giWNrr9Uqzui7T5muBwBJsU0sAFXaqGcvz+m8p555J04765/l+qzNN+0Qwy47uvjOh4iI
xYt/j/sfHF2u65ZVjRrVY8jgw6J27RWLj0349ue4+T/PZH3PZpusEwf2/t+aFl+Nn7TED7uF4Ndf
f4tGK/9vbZOVGtbL6X1Jfj/kW4/uXaNVq6bFrxcsWBQPPPRa8ev7HxwdfU/aq3j74HZtm8d223SK
US9/VOrPuuPuUbHbrpvEVlv8bwedIw/bOR5/8u0l1pgBgEIh4ACgSqtbp1ZO5+W6reYJx+4WCxf9
b6HNalEt6tevHWu0bxkbdG4XNaqXvI3/vgdeibfGfJF7w3l08UWHxkYb/G9tikWLFsdFF98R8+cv
zPqeiy7oU/wD8qLFi2Pw0LuWen5lmfuXRVXr189tq9h8fz8kad+9tijx+u13voiffp5e/PqHSVPj
3fe/is02Waf4WM99tipTwBERMXjoXfHQfRdGvbp/fG3r1a0dAy/oE737XFqm6wFARRNwAEApHH7I
Tjmf+/hTb8fZ/f9dgd1kd+Jxu0efA7YtceyW259bYreNPzuz777Rcd02xa8fevj1Mv9wXNF+/72o
xOvqK1Ttp26bNmkYW225Xoljf10MNCLimefeLRFwbNutU9SvVztmzyn99r6fj/0+/v2fZ+OUE/cs
Prb5ph3i0D47xG13vlDq6wFARRNwAFClPf3su7Fo8bK3Nn33vS/z9pk/T54eI256Mv51S/ZHQSrS
/r26Rb8z9otq1f73qMzo1z+NoZffm/U9HdZZLY45qnvx659+nh5Dr8h+fmVbccWSd1j8deeabCrj
+yEfevfsVnwnRUTEnN/mxUOPvr7EeQ8+/Hr0O6Nn8Z0qDRvWjd49u8W/b322TJ979bUPxc47bhRr
r9Wq+Njpp+wdzz7/Xom7RwCgEAg4AKjSLrr49pj047REP/Oe+16ptHCjR/eucclFh5Z4VGbsF9/H
SX1viEWLsv9gf9H5fUr8AH3F1ffHlKm/Vmiv5dGgQclHUmb+mttONZXx/ZAPPXYpuWDom2+Nzbg7
z7Tps+LNt8bG9tt2Lj62e49NyxxwLFq0OAYNvStuu/nM4u+ppk1XigH9D4oT+w4v0zUBoKIIOACg
FA4/5uqY85fb/S+9+PBYo33L4tcHH7R9/Of25xIPCLbaYr246rKjSywqOvGHKXHcydfFtOmzsr7v
0D47xJabr1v8+v0Px8f33/9S4lGH//rzFqUREU0aNyg+b8rUX+Or8ZPK+6+xTM2arRxNm6xU4tiU
KYUbxpRX507totP6bUsca9y4QVz/txMynt+oUf0SrzfaoH2svVar+GLcxDJ9/qujP4kHH3otevf8
37azu+26Sezy+Jtluh4AVBQBBwCUwudjv1viDoAR/3oyhl16dPHrJo0bxKkn7RUDBt+eWF+dO7WL
6/52QtSvX6f42JQpM+PYk66Nr7/5Kev7GjSoG2f03bfEsQ07t4+Rd/XP6XOPOnyXOOrwXSLijzVH
Tjjl+jJ0Xzrbduu0RNAy5t1xFf65lWX/nt1KPG4U8cff0Yad2+f0/urVV4gDem0Tg4bcWeYehlx+
b2y9Vcdo0bxxRESssEK1OP+c/ePNt8eW+ZoAkG9Ve0UuAEjAvSNfiU//snVm755bR5vWzRL5/HZt
m8eI606Opk0aFh+bOXNOnHDq8Pj4kwlLfW+tWjWjSeMGFdxhfu2526YlXs+btyBGLWXx1CS0Xq1Z
cdjz3z9rtG+x1Pf8NaRZtHBRxvN22mHDcvfXfacu5Xr/tOmz4sq/PVDiWNvVm8dOO2xUrusCQD4J
OAAgD4aPeKzE63p1ay9xZ0RFaL5Ko7h5xGnRatWmxcfm/DYv+p71z5x+uz5lyswoKipa5nmFYqft
N4yttii5m8jzoz4o0y4h+dSyReMYeEGfEn+22GzdrOc3bbpS1K1bch2RGTOXXFNj7z03j+arNCp3
f61aNY1d/7KOR2mNfODVJXbV+XOoBgCVzSMqAJAHjz3xVhx9xC6x0QZrFB/bo8cm8a9bnl7mXRRl
1aBB3fjXP/qWWP9jwYJFcc75t8QLoz7I+TrnXnBLrLBCtWWfGBEXnHdgicVIH3rk9Xj7nS8iIuLb
7ybn/Jll0XHdNnHJoMNK3PmwaNHiuOGfj1fo5+biu+8nR1FRUYlHSTp1bJv1/D16bLLE1zzTo0R7
77F5idc/T54e2+50Tk49vfrCldG06f/WKtl3ry3jqWfeyem92Qweemd07bJmiUehAKBQCDgAIE+u
v+GxuPmfpxX/kFuzZo04s+++cfgxV5c4b+21WkWDP/2AOPaL70t9B0KNGtXjxuGnROdO7YqPLVq8
OAYMvj0eeeyNUl3rrntfyvncc8/qXeL1l+MnxR13jyrV55VWrVo147CDd4wTjt1tiTsG/nXLMxUW
IJXGpB+nxfivfyrxWEqP7hvHPSNfjnf+suXsGu1bxPHH7Fbi2Pz5C+OZ598rcaxZs5VLLP4aEfHy
Kx/n/L3yymufxr57bVH8euut1ovGjRosdcHZZflq/I/xj5uejH6n71fmawBARRFwAFClXdj/oFi8
lO1R/+qxJ9+OZ557t0yf9dyL78ebb4+NzTftUHxsu206x9ZbdYxXR39SfOyKoUeWuNOj10FDS71Y
4/BrTlziUY1PP/02Vm+zSpx/zgE5XeP2u16M776v2LsuSuvPf1+1a68YjRs1iA7rrJbxjoFRL38U
Qy6/p8zXz0Vpvh+eeOrt6HvyXsWvGzSoG3ffdk489sRb8eHH38Svs36Ljuu2if322WqJdU8efeKt
mDJlZoljB/bepsSOOBERj5Ri55LHnnizRMBRr27t2L9Xt/jHjU/kfI1Mrh3+SHTfuUusv97q5boO
AOSbgAOAKm33XTcp1flffPlDmQOOiIjrbng0Nu26TvHjByusUC1OP3nvEgFHea3RvkX06N51ieOd
O7UrcUfHsrww6oOCCzhy/fu6/6HR0e+8myvs+v9Vmu+HG/75eOy840bRYZ3Vio/Vrr1i9Npv6+i1
39ZZ3/f1Nz/FFVeNXOL4rruU/Dv+7vvJ8Uopvo+ef/GD+GHS1Fi1ZZPiY7t171rugCMiYvCQu+Ku
W8+OmjX9ryQAhcMiowCQR6++9mm8MvrjEse6brxW7PGXnT/+rPSLfOa2XkZVNP7rH6PfeTfH6f1u
jEWluBMjCb/NnR9HHHt1vPfBVzm/5+NPJsRRx18TP/08vcTxjTdaM9b9U1ASEfHSKyW/r3Lx0isl
FwXttH7bUoVg2bz59ti4Z+Qr5b4OAOSTgAMA8uza4Y/EosUlf/g+6fg9iv+5Vq2Sjx389Ydb/rBg
waKYMvXXGPflDzHywdHR98wRse3O58Q9I1+u7Nay+mHS1Nir5+AYPOSu+Ozz7zKGV0VFRX/ctXH1
/bFnz0Hx1fhJS5yzf69uJRYsjfhjQdfSevjRkuuxVKtWLfbv2a3U18nk0ivvi4kTp+TlWgCQD9Va
tT8kPXvDAUAV8Nar10TLFo0j4o8tXdfpdGwld0RFWbVlk9ik69rRpHGDqF69ekyfMTs++HB8jPvy
h8puDQCqHA9OAkCCOq7bJlo0b1T8+p13v1zK2aTdD5OmlunOCwCg9DyiAgAJOvyQnUo8elCaXTEA
AMhOwAEACWnXtnnsuftmxa/HvPtljHzg1UrsCACg6hBwAEBC1lu3TSz+/4uPTp8xOwYPvbOSOwIA
qDosMgoACWq7evM467R94+77Xo7Rr39a2e0AAFQZAg4AAAAg9TyiAgAAAKSegAMAAABIPQEHAAAA
kHoCDgAAACD1BBwAAABA6gk4AAAAgNQTcAAAAACpJ+AAAAAAUk/AAQAAAKSegAMAAABIPQEHAAAA
kHoCDgAAACD1BBwAAABA6gk4AAAAgNQTcAAAAACpJ+AAAAAAUk/AAQAAAKSegAMAAABIPQEHAAAA
kHoCDgAAACD1BBwAAABA6gk4AAAAgNQTcAAAAACpJ+AAAAAAUk/AAQAAAKSegAMAAABIPQEHAAAA
kHoCDgAAACD1BBwAAABA6gk4AAAAgNQTcAAAAACpJ+AAAAAAUk/AAQAAAKSegAMAAABIPQEHAAAA
kHoCDgAAACD1BBwAAABA6gk4AAAAgNQTcAAAAACpJ+AAAAAAUk/AAQAAAKSegAMAAABIPQEHAAAA
kHoCDgAAACD1BBwAAABA6gk4AAAAgNQTcAAAAACpJ+AAAAAAUk/AAQAAAKSegAMAAABIPQEHAAAA
kHoCDgAAACD1BBwAAABA6gk4AAAAgNQTcAAAAACpJ+AAAAAAUk/AAQAAAKSegAMAAABIPQEHAAAA
kHoCDgAAACD1BBwAAABA6gk4AAAAgNQTcAAAAACpJ+AAAAAAUk/AAQAAAKSegAMAAABIPQEHAAAA
kHoCDgAAACD1BBwAAABA6gk4AAAAgNQTcAAAAACpJ+AAAAAAUk/AAQAAAKSegAMAAABIPQEHAAAA
kHoCDgAAACD1BBwAAABA6gk4AAAAgNQTcAAAAACpJ+AAAAAAUk/AAQAAAKSegAMAAABIPQEHAAAA
kHoCDgAAACD1BBwAAABA6gk4AAAAgNQTcAAAAACpJ+AAAAAAUk/AAQAAAKSegAMAAABIPQEHAAAA
kHoCDgAAACD1BBwAAABA6gk4AAAAgNQTcAAAAACpJ+AAAAAAUk/AAQAAAKSegAMAAABIPQEHAAAA
kHoCDgAAACD1BBwAAABA6gk4AAAAgNQTcAAAAACpJ+AAAAAAUk/AAQAAAKSegAMAAABIPQEHAAAA
kHoCDgAAACD1BBwAAABA6gk4AAAAgNQTcAAAAACpJ+AAAAAAUk/AAQAAAKSegAMAAABIPQEHAAAA
kHoCDgAAACD1BBwAAABA6gk4AAAAgNQTcAAAAACpJ+AAAAAAUk/AAQAAAKSegAMAAABIPQEHAAAA
kHoCDgAAACD1BBwAAABA6gk4AAAAgNQTcAAAAACpJ+AAAAAAUk/AAQAAAKSegAMAAABIPQEHAAAA
kHoCDgAAACD1BBwAAABA6gk4AAAAgNQTcAAAAACpJ+AAAAAAUk/AAQAAAKSegAMAAABIPQEHAAAA
kHoCDgAAACD1BBwAAABA6gk4AAAAgNQTcAAAAACpJ+AAAAAAUk/AAQAAAKSegAMAAABIPQEHAAAA
kHoCDgAAACD1BBwAAABA6gk4AAAAgNQTcAAAAACpJ+AAAAAAUk/AAQAAAKSegAMAAABIPQEHAAAA
kHoCDgAAACD1BBwAAABA6gk4AAAAgNQTcAAAAACpJ+AAAAAAUk/AAQAAAKSegAMAAABIPQEHAAAA
kHoCDgAAACD1BBwAAABA6gk4AAAAgNQTcAAAAACpJ+AAAAAAUk/AAQAAAKSegAMAAABIPQEHAAAA
kHoCDgAAACD1BBwAAABA6gk4AAAAgNQTcAAAAACpJ+AAAAAAUk/AAQAAAKSegAMAAABIPQEHAAAA
kHoCDgAAACD1BBwAAABA6gk4AAAAgNQTcAAAAACpJ+AAAAAAUk/AAQAAAKSegAMAAABIPQEHAAAA
kHoCDgAAACD1BBwAAABA6gk4AAAAgNQTcAAAAACpJ+AAAAAAUk/AAQAAAKSegAMAAABIPQEHAAAA
kHoCDgAAACD1BBwAAABA6gk4AAAAgNQTcAAAAACpJ+AAAAAAUk/AAQAAAKSegAMAAABIPQEHAAAA
kHoCDgAAACD1BBwAAABA6gk4AAAAgNQTcAAAAACpJ+AAAAAAUk/AAQAAAKSegAMAAABIPQEHAAAA
kHoCDgAA4P+xdz8xct73fce/O5wlucsll6QkLmnQigvGRnSoKCio7JqIJSGpXdSFEUtAYyFRDpKD
QL5ZittLnFhuLlYhtycXhtwcnAB1UUQGCruA0oOdg4EGAYTIObSIICRRFZG0JVIkl3+Wu9zpYXe5
O7Mzu7Pk/vvMvF4CODPPPDv7I/YBqOe9v+f3AMQTOAAAAIB4AgcAAAAQT+AAAAAA4gkcAAAAQDyB
AwAAAIgncAAAAADxBA4AAAAgnsABAAAAxBM4AAAAgHgCBwAAABBP4AAAAADiCRwAAABAPIEDAAAA
iCdwAAAAAPEEDgAAACCewAEAAADEEzgAAACAeAIHAAAAEE/gAAAAAOIJHAAAAEA8gQMAAACIJ3AA
AAAA8QQOAAAAIJ7AAQAAAMQTOAAAAIB4AgcAAAAQT+AAAAAA4gkcAAAAQDyBAwAAAIgncAAAAADx
BA4AAAAgnsABAAAAxBM4AAAAgHgCBwAAABBP4AAAAADiCRwAAABAPIEDAAAAiCdwAAAAAPEEDgAA
ACCewAEAAADEEzgAAACAeAIHAAAAEE/gAAAAAOLszdSqAAAgAElEQVQJHAAAAEA8gQMAAACIJ3AA
AAAA8QQOAAAAIJ7AAQAAAMQTOAAAAIB4AgcAAAAQT+AAAAAA4gkcAAAAQDyBAwAAAIgncAAAAADx
BA4AAAAgnsABAAAAxBM4AAAAgHgCBwAAABBP4AAAAADiCRwAAABAPIEDAAAAiCdwAAAAAPEEDgAA
ACCewAEAAADEEzgAAACAeAIHAAAAEE/gAAAAAOIJHAAAAEA8gQMAAACIJ3AAAAAA8QQOAAAAIJ7A
AQAAAMQTOAAAAIB4AgcAAAAQT+AAAAAA4gkcAAAAQDyBAwAAAIgncAAAAADxBA4AAAAgnsABAAAA
xBM4AAAAgHgCBwAAABBP4AAAAADiCRwAAABAPIEDAAAAiCdwAAAAAPEEDgAAACCewAEAAADEEzgA
AACAeAIHAAAAEE/gAAAAAOIJHAAAAEA8gQMAAACIJ3AAAAAA8QQOAAAAIJ7AAQAAAMQTOAAAAIB4
AgcAAAAQT+AAAAAA4gkcAAAAQDyBAwAAAIgncAAAAADxBA4AAAAgnsABAAAAxBM4AAAAgHgCBwAA
ABBP4AAAAADiCRwAAABAPIEDAAAAiCdwAAAAAPEEDgAAACCewAEAAADEEzgAAACAeAIHAAAAEE/g
AAAAAOIJHAAAAEA8gQMAAACIJ3AAAAAA8QQOAAAAIJ7AAQAAAMQTOAAAAIB4AgcAAAAQT+AAAAAA
4gkcAAAAQDyBAwAAAIgncAAAAADxBA4AAAAgnsABAAAAxBM4AAAAgHgCBwAAABBP4AAAAADiCRwA
AABAPIEDAAAAiCdwAAAAAPEEDgAAACCewAEAAADEEzgAAACAeAIHAAAAEE/gAAAAAOIJHAAAAEA8
gQMAAACIJ3AAAAAA8QQOAAAAIJ7AAQAAAMQTOAAAAIB4AgcAAAAQT+AAAAAA4gkcAAAAQDyBAwAA
AIgncAAAAADxBA4AAAAgnsABAAAAxBM4AAAAgHgCBwAAABBP4AAAAADiCRwAAABAPIEDAAAAiCdw
AAAAAPEEDgAAACCewAEAAADEEzgAAACAeAIHAAAAEE/gAAAAAOIJHAAAAEA8gQMAAACIJ3AAAAAA
8QQOAAAAIJ7AAQAAAMQTOAAAAIB4AgcAAAAQT+AAAAAA4gkcAAAAQDyBAwAAAIgncAAAAADxBA4A
AAAgnsABAAAAxBM4AAAAgHgCBwAAABBP4AAAAADiCRwAAABAPIEDAAAAiCdwAAAAAPEEDgAAACCe
wAEAAADEEzgAAACAeAIHAAAAEE/gAAAAAOIJHAAAAEA8gQMAAACIJ3AAAAAA8QQOAAAAIJ7AAQAA
AMQTOAAAAIB4AgcAAAAQT+AAAAAA4gkcAAAAQDyBAwAAAIgncAAAAADxBA4AAAAgnsABAAAAxBM4
AAAAgHgCBwAAABBP4AAAAADiCRwAAABAPIEDAAAAiCdwAAAAAPEEDgAAACCewAEAAADEEzgAAACA
eAIHAAAAEE/gAAAAAOIJHAAAAEA8gQMAAACIJ3AAAAAA8QQOAAAAIJ7AAQAAAMQTOAAAAIB4AgcA
AAAQT+AAAAAA4gkcAAAAQDyBAwAAAIgncAAAAADxBA4AAAAgnsABAAAAxBM4AAAAgHgCBwAAABBP
4AAAAADiCRwAAABAPIEDAAAAiCdwAAAAAPEEDgAAACCewAEAAADEEzgAAACAeAIHAAAAEE/gAAAA
AOIJHAAAAEA8gQMAAACIJ3AAAAAA8QQOAAAAIJ7AAQAAAMQTOAAAAIB4AgcAAAAQT+AAAAAA4gkc
AAAAQDyBAwAAAIgncAAAAADxBA4AAAAgnsABAAAAxBM4AAAAgHgCBwAAABBP4AAAAADiCRwAAABA
PIEDAAAAiCdwAAAAAPEEDgAAACCewAEAAADEEzgAAACAeAIHAAAAEE/gAAAAAOIJHAAAAEA8gQMA
AACIJ3AAAAAA8QQOAAAAIJ7AAQAAAMQTOAAAAIB4AgcAAAAQT+AAAAAA4gkcAAAAQDyBAwAAAIgn
cAAAAADxBA4AAAAgnsABAAAAxBM4AAAAgHgCBwAAABBP4AAAAADiCRwAAABAPIEDAAAAiCdwAAAA
APEEDgAAACCewAEAAADEEzgAAACAeAIHAAAAEE/gAAAAAOIJHAAAAEA8gQMAAACIJ3AAAAAA8QQO
AAAAIJ7AAQAAAMQTOAAAAIB4AgcAAAAQT+AAAAAA4gkcAAAAQDyBAwAAAIgncAAAAADxBA4AAAAg
nsABAAAAxBM4AAAAgHgCBwAAABBP4AAAAADiCRwAAABAPIEDAAAAiCdwAAAAAPEEDgAAACCewAEA
AADEEzgAAACAeAIHAAAAEE/gAAAAAOIJHAAAAEA8gQMAAACIJ3AAAAAA8QQOAAAAIJ7AAQAAAMQT
OAAAAIB4AgcAAAAQT+AAAAAA4gkcAAAAQDyBAwAAAIgncAAAAADxBA4AAAAgnsABAAAAxBM4AAAA
gHgCBwAAABBP4AAAAADiCRwAAABAPIEDAAAAiCdwAAAAAPEEDgAAACCewAEAAADEEzgAAACAeAIH
AAAAEE/gAAAAAOIJHAAAAEA8gQMAAACIJ3AAAAAA8QQOAAAAIJ7AAQAAAMQTOAAAAIB4AgcAAAAQ
T+AAAAAA4gkcAAAAQDyBAwAAAIgncAAAAADxBA4AAAAgnsABAAAAxBM4AAAAgHgCBwAAABBP4AAA
AADiCRwAAABAPIEDAAAAiCdwAAAAAPEEDgAAACCewAEAAADEEzgAAACAeAIHAAAAEE/gAAAAAOIJ
HAAAAEA8gQMAAACIJ3AAAAAA8QQOAAAAIJ7AAQAAAMQTOAAAAIB4AgcAAAAQT+AAAAAA4gkcAAAA
QDyBAwAAAIgncAAAAADxBA4AAAAgnsABAAAAxBM4AAAAgHgCBwAAABBP4AAAAADiCRwAAABAPIED
AAAAiCdwAAAAAPEEDgAAACCewAEAAADEEzgAAACAeAIHAAAAEE/gAAAAAOIJHAAAAEA8gQMAAACI
J3AAAAAA8QQOAAAAIJ7AAQAAAMQTOAAAAIB4AgcAAAAQT+AAAAAA4gkcAAAAQDyBAwAAAIgncAAA
AADxBA4AAAAgnsABAAAAxBM4AAAAgHgCBwAAABBP4AAAAADiCRwAAABAPIEDAAAAiCdwAAAAAPEE
DgAAACCewAEAAADEEzgAAACAeAIHAAAAEE/gAAAAAOIJHAAAAEA8gQMAAACIJ3AAAAAA8QQOAAAA
IJ7AAQAAAMQTOAAAAIB4AgcAAAAQT+AAAAAA4gkcAAAAQDyBAwAAAIgncAAAAADxBA4AAAAgnsAB
AAAAxBM4AAAAgHgCBwAAABBP4AAAAADiCRwAAABAPIEDAAAAiCdwAAAAAPEEDgAAACCewAEAAADE
EzgAAACAeAIHAAAAEE/gAAAAAOIJHAAAAEA8gQMAAACIJ3AAAAAA8QQOAAAAIJ7AAQAAAMQTOAAA
AIB4AgcAAAAQT+AAAAAA4gkcAAAAQDyBAwAAAIgncAAAAADxBA4AAAAgnsABAAAAxBM4AAAAgHgC
BwAAABBP4AAAAADiCRwAAABAPIEDAAAAiCdwAAAAAPEEDgAAACCewAEAAADEEzgAAACAeAIHAAAA
EE/gAAAAAOIJHAAAAEA8gQMAAACIJ3AAAAAA8QQOAAAAIJ7AAQAAAMQTOAAAAIB4AgcAAAAQT+AA
AAAA4gkcAAAAQDyBAwAAAIgncAAAAADxBA4AAAAgnsABAAAAxBM4AAAAgHgCBwAAABBP4AAAAADi
CRwAAABAPIEDAAAAiCdwAAAAAPEEDgAAACCewAEAAADEEzgAAACAeAIHAAAAEE/gAAAAAOIJHAAA
AEA8gQMAAACIJ3AAAAAA8QQOAAAAIJ7AAQAAAMQTOAAAAIB4AgcAAAAQT+AAAAAA4gkcAAAAQDyB
AwAAAIgncAAAAADxBA4AAAAgnsABAAAAxBM4AAAAgHgCBwAAABBP4AAAAADiCRwAAABAPIEDAAAA
iCdwAAAAAPEEDgAAACCewAEAAADEEzgAAACAeAIHAAAAEE/gAAAAAOIJHAAAAEA8gQMAAACIJ3AA
AAAA8QQOAAAAIJ7AAQAAAMQTOAAAAIB4AgcAAAAQT+AAAAAA4gkcAAAAQDyBAwAAAIgncAAAAADx
BA4AAAAgnsABAAAAxBM4AAAAgHgCBwAAABBP4AAAAADiCRwAAABAPIEDAAAAiCdwAAAAAPEEDgAA
ACCewAEAAADEEzgAAACAeAIHAAAAEE/gAAAAAOIJHAAAAEA8gQMAAACIJ3AAAAAA8QQOAAAAIJ7A
AQAAAMQTOAAAAIB4AgcAAAAQT+AAAAAA4gkcAAAAQDyBAwAAAIgncAAAAADxBA4AAAAgnsABAAAA
xBM4AAAAgHgCBwAAABBP4AAAAADiCRwAAABAPIEDAAAAiCdwAAAAAPEEDgAAACCewAEAAADEEzgA
AACAeAIHAAAAEE/gAAAAAOIJHAAAAEA8gQMAAACIJ3AAAAAA8QQOAAAAIJ7AAQAAAMQTOAAAAIB4
AgcAAAAQT+AAAAAA4gkcAAAAQDyBAwAAAIgncAAAAADxBA4AAAAgnsABAAAAxBM4AAAAgHgCBwAA
ABBP4AAAAADiCRwAAABAPIEDAAAAiCdwAAAAAPEEDgAAACCewAEAAADEEzgAAACAeAIHAAAAEE/g
AAAAAOIJHAAAAEA8gQMAAACIJ3AAAAAA8QQOAAAAIJ7AAQAAAMQTOAAAAIB4AgcAAAAQT+AAAAAA
4gkcAAAAQDyBAwAAAIgncAAAAADxBA4AAAAgnsABAAAAxBM4AAAAgHgCBwAAABBP4AAAAADiCRwA
AABAPIEDAAAAiCdwAAAAAPEEDgAAACCewAEAAADEEzgAAACAeAIHAAAAEE/gAAAAAOIJHAAAAEA8
gQMAAACIJ3AAAAAA8QQOAAAAIJ7AAQAAAMQTOAAAAIB4AgcAAAAQT+AAAAAA4gkcAAAAQDyBAwAA
AIgncAAAAADxBA4AAAAgnsABAAAAxBM4AAAAgHgCBwAAABBP4AAAAADiCRwAAABAPIEDAAAAiCdw
AAAAAPEEDgAAACCewAEAAADEEzgAAACAeAIHAAAAEE/gAAAAAOIJHAAAAEA8gQMAAACIJ3AAAAAA
8QQOAAAAIJ7AAQAAAMQTOAAAAIB4AgcAAAAQT+AAAAAA4gkcAAAAQDyBAwAAAIgncAAAAADxBA4A
AAAgnsABAAAAxBM4AAAAgHgCBwAAABBP4AAAAADiCRwAAABAPIEDAAAAiCdwAAAAAPEEDgAAACCe
wAEAAADEEzgAAACAeAIHAAAAEE/gAAAAAOIJHAAAAEA8gQMAAACIJ3AAAAAA8QQOAAAAIJ7AAQAA
AMQTOAAAAIB4AgcAAAAQT+AAAAAA4gkcAAAAQDyBAwAAAIgncAAAAADxBA4AAAAgnsABAAAAxBM4
AAAAgHgCBwAAABBP4AAAAADiCRwAAABAPIEDAAAAiCdwAAAAAPEEDgAAACCewAEAAADEEzgAAACA
eAIHAAAAEE/gAAAAAOIJHAAAAEA8gQMAAACIJ3AAAAAA8QQOAAAAIJ7AAQAAAMQTOAAAAIB4AgcA
AAAQT+AAAAAA4gkcAAAAQDyBAwAAAIgncAAAAADxBA4AAAAgnsABAAAAxBM4AAAAgHgCBwAAABBP
4AAAAADiCRwAAABAPIEDAAAAiCdwAAAAAPEEDgAAACCewAEAAADEEzgAAACAeAIHAAAAEE/gAAAA
AOIJHAAAAEA8gQMAAACIJ3AAAAAA8QQOAAAAIJ7AAQAAAMQTOAAAAIB4AgcAAAAQT+AAAAAA4gkc
AAAAQDyBAwAAAIgncAAAAADxBA4AAAAgnsABAAAAxBM4AAAAgHgCBwAAABBP4AAAAADiCRwAAABA
PIEDAAAAiCdwAAAAAPEEDgAAACCewAEAAADEEzgAAACAeAIHAAAAEE/gAAAAAOIJHAAAAEA8gQMA
AACIJ3AAAAAA8QQOAAAAIJ7AAQAAAMQTOAAAAIB4AgcAAAAQT+AAAAAA4gkcAAAAQDyBAwAAAIgn
cAAAAADxBA4AAAAgnsABAAAAxBM4AAAAgHgCBwAAABBP4AAAAADiCRwAAABAPIEDAAAAiCdwAAAA
APEEDgAAACBec6cHAAAMitYdft3Ipo4CABhOAgcAsI47DReb/flCCADQm8ABAHTYhKCx3kfcUavo
/FDBAwBYJnAAANV31Ohjt1Z/O9VIP4FizV1Wfh+xAwCGncABAENpnQjR5e2+wsWGRnAXIWTVJrM7
AGDYCRwAMDT6jxrrx4fO9+82fnQGieXX3cYy0hrptmuP8YgdADAMBA4AGGh3EjU2O170o5/v2Rk9
Fl6LHQBAlcABAANqjSixKmpsPGgca87VydHZOtmcrZOjN2tyz3yNNeZrbGS+xhutGhtp1VjjVo03
WjU+Ml9VVddajbo2P1I35vfUtdZIXZsfqeutRl2fb9SlW416Z3ZvvTM3Wu/MjtbP5rr9L0r3cS2H
mZENxA6hAwAGjcABAAOl6+IZK55ubJbGVHOuHtx/ve4fna2To3N1cvRmnRydrf2L0WIjDo3cqkON
qqq5dfe90WrUO7OjC9Fjtllvz47WT2+M1fm28NE5M6PVFjtWrd/R1jSEDgAYNAIHAAyE3mFjI1Fj
KWg8uO9GPTh2o+4fvbmpo+zX/pH5+sW9M/WLe2fatr89u7f+5vr+emNmf0fwWB07FrZ2uZRF6ACA
gTRy8tTT23FhLQCwJdYKG91mWbTvv6eqHpuYrof2Xd/RoHGn3p7dWz+9vr/+emasfjw9UbdW7bE6
XIxUo9dbvTYCAAEEDgCI1CtsrLxMo/e+j4xdq8cmpuvxA1fv6HKT3ehGq1E/mj5QP7o6UX91fbzL
HiMdr0YWtgkdADAQBA4AiNItbKy8HKP3vr+070Y9fuBqPXZguo41118HI9nP5pr146sT9aOrB+r/
zuzveLdb6KiqkW5RQ+gAgBQCBwBEuLOwsaeqnpi8VJ+ZuFKnOtazGBZv3dxXr00frFcvTXZcwiJ0
AMAgETgAYFe7s7Ax0bhVTxy6XE9MXqrJxuqVKYbRpfk99eqlyXr18qGant+z4h2hAwAGgcABALtW
l4Cx6s4o7fsda87V5w9dqicPXarREf/EdzPbGqk/uzxZ3788WT9ru+3syIpnK++40hk1RA4A2I0E
DgDYlToCxjph4yOjN+vzk5fqcwcvb8voBsX/uHKovn9psv5+du+Krf2EDpEDAHYbgQMAdpWNhY09
1aovHr1YX5i8uC2jG1Tfu3SkvnPhSN3qETGEDgDY/QQOANg1Wu2Prd5ho6rqX0xM17NH3q+pAb8j
ynY5P9es/3Lxnvpf0xMd73SEjpHO7SIHAOwGAgcA7Ar9x42P7p2pZ45crE+MX9220Q2T/33tQP3x
xSP15s19K7aKHACw2wkcALDjWrUybCw8rI4bzWrVM0cv1FOTH2zr6IbVf710uP74wtGa6xIx2i9Z
WXoicgDAThI4AGBHzS8/XRU3lv+J/mfj1+qFe96rqebs9g2NOj83Wi+/f2/91bXxFVtHFv/sjBxV
VY3tGhoA0MG/wgCwI+arM260Fv+7vWHR04cv1ktTZ8WNHTDVnK2Xps7W04dXLuLaWvxz8efV9qui
jp8rALBtmuvvAgBsro4T4B7rbRxtztXv3ft+/fOx6e0bGl09c+RC/dL+m/Xye/fUhblmLfyMFqZu
tKpVI62Rjpkc8+X3SACwvfzLCwDbplX9xo0zB67VKx/6R3FjF/nk2HS98qF/rDMHri1uWf65rZ7J
UbXws3YlMABsF4EDALbFioVEV7xsvyRl4fkzRy7UHx07W0f3uP3rbnN0z1z90bGz9czhC4tbln9u
tyNHW9NYtQEA2CICBwBsuS5xo1YvJtqoVn196nzHeg/sRk8fuVhfnzpfjY6fYWv5h7uCyAEA20Hg
AIAttTpudFtMdLJxq14+/m79yrhLUlL8yvh0vXz83Zps3FrcstbioyIHAGw1gQMAtkSresWNjg11
sjlbL584Ww+N3djmMXK3Hhq7US+fOFsnm7OLP+q11uXockwAAJtG4ACATbf6Vq+94sYD+2bqmyfe
rVN7Z7ZzgGyiU3sXfoYP7JvpM3K07wMAbA6BAwA2Vf9x45Hxa/XNE+/WfU2Liaa7rzlX3zzxbj0y
fk3kAIAdInAAwKbpHjdW7dOq+tWJ6frG8bO1vzHfuQOh9jfm6xvHz9avTkyvihy16qXIAQCbTeAA
gE3R+0R1+c4ayzM3fv/Y+W0aF9vt94+dX57J0eq4u0pXIgcAbAaBAwDuSueikT0uTVk80X1g30y9
KG4MvBePnV9Yk6OqPXJ0ncWx9FzoAIC7IXAAwB3rPCFdO26cHJ2tF6fOuSxlCOxvzNeLU+fq5Ojs
woa+Ike31wBAvwQOALgjG4sbk3tu1demzllQdIjc15yrr02dq8k9txY2iBwAsKUEDgDYsH7jxsJD
o1r1tWPn6tTem9syOnaPU3tv1teOnatGxzEhcgDA5hM4AGBD1o4btx9X3EXjD4+fr4fGbmz90NiV
Hhq7UX94fGndlVb7chsiBwBsGoEDAPq2/glnq7V85tqqVj1z5EJ9avzq1g6LXe9T41frmSMXFmf3
LF6q0uonYIgcANAvgQMA+tLtRLPj0pSOuHHmwLV6+sjF7RgcAZ4+crHOHLi2OnKsOYuj1zYAoJPA
AQB3ZO24cbQ5Vy/c+96OjIzd64V736ujzbk7iBwAwHoEDgBY1zqLiq641GBpgdEX7r1QR/e4Ywrt
ju6Zq9+790JVrViMtvqJHKIHAKxH4ACANa1zYtnWOuaravFShPHpLRwTyT45Pn370qWlY2bxxTpE
DgBYi8ABAD2tsx7C/PJv4ZdOVB8Zv1bPWneDdTx75GI9Mn6tqpaPnVa1amXvsB4HAGyMwAEAXW18
5kazWvW8dTfo0/P3vlfNjkC2+GIdIgcAdCNwAMAqvU4gW8sPraXlRJf3ffboxTretO4G/TnenKtn
jy7P9rl9PC2vP1rrHosAwG0CBwBs1O3OsXwm+tF9M/XU4Q92bkxEeurwB/XRfTOLr1YEM/0CADZM
4ACANn3M3qj2O2BUVT17RNzgznQeO6sjh1kcANAPgQMAbutj3Y22S1MW9v/0xHR9Yvzqlo+OwfSJ
8av16Ymlu+60qvulKr2IHACwROAAgKpa+0Sx1bGo6PKLPdWqZ49e2LphMRSePXqh9qw4rlrtB1yt
e3wCAAIHAPR9x5RW1fztu10sbPzi0Ys1ZWFR7tJUc66+eHvB0YVja37hPsQrN61B5AAAgQMA1tTj
t+pV9ZG9sxYWZdM8dfiD+sje2bZt7ceciAEAaxE4ABhy/c3eaLVW3hJ24fGJQ5e2blgMpeVjqrX4
Z6tarX7vrCKAADDcBA4Ahth6caP3+8eac/W5Q5c3eTwMu88dulzH1rrkaY1jcnGHTR0PACQROACg
m5VrPJq9wTZacxbH8mYAoIPAAcCQWuMsccVdKzrX3aiqmmjM15OTZm+wNZ6cvFwTjflV29si25qR
QwEBYDgJHAAMof5OAFuLJ5KdszeenLxcoyNOItkaoyOtFQFtRWhrdQ9u3Tk+ARg+AgcArLRi9kY3
zap6YtLlKWytJyYv1Z41I8V6szgAYPgIHAAMmfUuTVl62n32xucnP6jJxq2tGx5U1WTj1oqQtsYs
DpeqAMBtAgcAdOh9GUCr/uXB6W0dC8Nr4Vjrfiz2f6kKAAwPgQOAIdLP7I3e+zywb6ZO7b25qSOC
Xk7tvVkP7JtZY49W28Oa+wDAEGju9AAAYDdZ+Zvx9stTWvX4xNUdGVOKsQcfrrGHHq7RqRM1evxD
1Zw6UaPHT7TtM3vubM2dP1uz596t2fNn6/pfv17Xf/r6Do1493t84mr9n5l9i69GqlWtGqmRqqq2
5wBA1cjJU09L+wAMgX7X3pi/vW05cCxs++/3/7+6rzm3NcML1Jg4WIc+/a9q4sxjNXb64bv6rOtv
vF7TP/lxXf7z/1nz01c2aYT5fjbXrH/z9ocXXy1MvB2pkVrqGiMrJ+Ou2TqEEAAGn8ABwJBYP3Dc
jhuL21YGjo+PX6tvHD+/ZaNLMnb64Tr8xBdq4syjW/L50z/5i/rg1e/V9TfM7Kiq+nfnpuovr41X
t8Cx8Lqx9GQNAgcAg88lKgAMgf5mb3S3ED0ec3lKjZ1+uO757d+569ka65k482hNnHm0rr/xer3/
3VeGPnQ8NnF1MXDM15rLp7VqjY6x5psAMBDM4ABgCPQze6O18kXb7I09VfXDj/xD7W/Md/mAwdeY
OFhTX/nqls3YWM/l135QP//P/2loL125Md+oz/79L9TCzYm7zeIYWV6LwywOAIaYu6gAMODuZPZG
q+3x8YnpoY0bE2cerX/yp9/fsbhRVXXoM/96x8ewk/Y35uvxiaXbE7c6Hju4owoAQ0zgAGDotc3e
6Hinqur0/hvbOp7d4r7nvlwnXnypGhMHd3oo1Zg4WCdefKnue+7LOz2UHbF8DHY/TlviBQAIHAAM
sjuYvdFaOlVc3uH02Mwmjmn3a0wcrPu//Sd1+MkvbOv3nb86ve4+h5/8Qt3/7T/ZFdFlO7Ufg4vH
aMssDgBYSeAAYKit95vvqeZc3T96c5tGs/MaEwfr5Mvfqn2nPrbt3/vvfvPX68J3v7Nu6Nh36mN1
8uVvDVXkuH/0Zk2tc4tiszgAGHYCBwADqt+FRVfuu/Jx6fKU61swtt1pJ+NGVdX89JV6/7uv1N/9
5q/XB6/+tzX3HcbIsXwsrrykqv2xtXxwr0EIAWAwCRwAsKS1+tTvwf3Dc3nKTsaNmbfevP18fvpK
/fxb36x3Xniu5s6f6/k1S5FjWPzTjmOxdfsPAKBK4ABgIG1k9kbn17Tatj04JOtv3Pel53csblRV
ffDq91Ztu/7G6/UPv/tbdf2nr/f8un2nPnK1EhgAACAASURBVFb3fen5rRzarrGwDkf78dn+uPTK
LA4AhpPAAQA9TDVvDcX6GxNnHq3DT/zGjn3/mbferMuv/aDre/PTV+qd55+ry3/+w55ff/iJ3xiK
W8j2sw4HAAwzgQOA4dF19ka3W8QubBuG28M2Jg7W1Fe+umPff+atN+udF55bd7/zL319zcgx9ZWv
DsV6HAvHZO9jdvlVP7M4AGCwCBwADJjNO6O7f+/gz97YqTAw89abdf4//Pt6+3d/q+anr/T1Nedf
+nrPy1UaEwfrvi99eTOHuCvdv3d2Ez9N/QBgsDR3egAAsC16nst1+a334uPJ0VtbOqSdNnb64S29
tOPNX/v4pn/mu3/wb+sXvv2n1Zw6vuq9Q5/+bF1+7Qd1/Y3ea3akO9lcOiZbVTVSrWrVSI20bVul
x2YAGDRmcAAwVFYvLnr7jVVONjfzt+W7zz2//Ts7PYQNm5++Uu/+wVd6vp/4d9qIk6Ndjsmeh7QZ
GgAMF4EDgAGyGSd0y5/R9WRyQIydfrjGTj+808O4IzNv/W3P9TiS/179aD8mN/d4B4B0AgcAQ6z3
yd2xPXO1vzG/jWPZXkeefGqnh3BXfv6t/1jzV6e7vpf+d1vL/sZ8Hduz1p1UBAsAhpfAAcDg63r3
lLWd3NTFHHeXxsTBOvDJT+30MO7K/PSVev+7r3R978AnPzXQd1TZyLHpbioADBOBA4ABscmXpzTX
+i15tkOf+exOD2FTXH7thz1ncQzK37Gb9mPTZSoAsETgAGBIrXFS16r68ACvv7GVd05ZMnf+3JZ/
j/npKzX9k7/o+t52/B13yodHZ9dpEoIFAMNJ4ABgsG34RHBh2+Sewb1F7NiDW78I5+XXfrDl36Oq
6oM/+17X7dvxd9wpy8fmBkOG7gHAgBM4ABgK66+/0f7+/sZgng1u9R1G5s6fqwvf/U7P9TE228xb
f9vzMpVBvZvK6mOz1eP50pbBPJYBoFNzpwcAAHdvE0/gFj9qfEDvoDJ++pe7bp87f66aU8f7/pw3
f+3jmzWku3b9jde7Lpo6fvqX6/obr+/AiLbW7WOzVVUjm/Wpm/phALAjzOAAYHD17B7r/Za79f/b
u/c4Oao67+PfU9WTmUkmVwgJhEsQBMVVICq7K/sQdVlQQAVZvKCCF1BA9xEQEFfAVRcvXHTXC64S
VNjnwVUJ4gtQw7IiCAi4BMI+3O8kgVwIySRzn+6q54/q6qmuruqu7ulbdX/eSqan6lT1aVL0TH37
d87RTNOZn3pnFu8auX37qpu08dKvNrk39TH+1BOR2+Nea9p51+bU9RldoRFz/XbmZQ0AgCQCDgBA
F6hYou+W7u/v0CEqPTE3/SNr7k9tyDGy5v7I7XGvNe0ih09FXMNFu0k2AABdgIADAJByjblx6+/Q
ISqZXcrf9Kc15IhS6bWmVeOGTxGCAADSjYADANCZqhieUrzL29+pQ1TiqhqCc1WkLeTIbnwpcnun
VnBMXZtubcvFdualDQAAAQcAoLNVu3qKr1MnGU0qTSHH5IbogKNTxV+bDFMBAHQ3VlEBAKQYN2yN
tH3VTZKkRedeWLLv1bfeW5fncIZ2aPuqm7X5B9+uy/kwXaymAgBILyo4AABdJNnwFFfSiMOPSKnx
lRzWwGzNO/4D2umkUxv2HJ1mxLGK1lCpaZgKAAAdiN/eAACdpw73dCNuZ36Knd24IXJ7ufkqmjFc
ZfYRR9d8bFzf415r2tXl2iT3AAB0IAIOAEDHSjT/RkyTTq3gmNz4YuT2zKLWrq4ynQlB4/oe91rT
bjTu2gxUIcVhHg4AQCfrzN/eAACYpjGnMys44ibk7N13v4rHtuvEozMPfGPk9k6dfHS0Q69NAACm
i4ADAABNTavoz8LRsUNUYm7640KCsHYMOeLCmbjXmnbetTlVi9GZVyoAANUj4AAAIEKnDlEZWXN/
5PYZr3p14nO0W8jR/4aDI7fHvda069RrEwCA6eInJACgS1Q390CnDgMYXbM6cnvP4l3Vu0/lYSq+
dgk5evfZT9bA7Mh9ca817cpfm1H7mHcDANAdCDgAAClVj5u2qJtBb9tgrnN/RI4+FH3jP+fIY6o6
TzuEHHF9jnuNnWDq2mxUCEcgAgBIp8797Q0AgGlYN9nT6i40zNBdt0dun3PEUbHVEHG2r7qpHl2q
iTUwW3OOOCpyX9xr7ASdfG0CADAdBBwAgC5V/lPqtdlMk/rRfNtX3Ry53RqYrYFDlze5N7Wb/94P
xAYyca+xE1S+NqnAAAB0JwIOAEBnqeberkzbdROdG3A4Qzs0fPcdkfsWnn5m1VUcrWANzNa8974/
ct/w3XfIGdrR5B41T9lrs07XPwAAadS5v70BALqaO827t03ZjMYcS32WU6cetZetK3+mWW85rGS7
NTBb89/7AW255sqm9+nVt95beOwM7dD4009q+6qbtP2W0mqMctUbW1f+rGF9bLUxx9KmaVYXuXJl
WFwWANCBqOAAACDGusnO/RxgdM3q2Ik4F5x0SlUrqow//WS9ulVgDcxW/4HLtOi8i7TnD/+9KMzo
P3CZFpx0SuRxow+t7tjVU6TOviYBAJguAg4AAOTKNX7F/lTlR6dP5rjl6vgqjUXnXZh4qMq26/+j
Xl2K1LvPftr98iskecHHonMvim1b7jV1gvA16Upyjf8IAIDuRsABAEBeuGx/7aTdop40x+ia1bFz
cfTus58WnXthovNsX3VTQ6o4wv2Zc+Qx2u3Ll6hn8a7R/bjl5o6u3pDC1yRDTQAACCLgAAAgxgsT
nV3BIUkbLvmKnOGhyH0Dhy5PHHKs+9zpDQ85Fp17ofoPXBa5zxke0uYrvt3Q528HL3Tw5LcAAEyX
PWfBgf/U6k4AANBY5cr3TWi/m98mDeUsnTCvc1fjkCR3YkKTa5/X7Lf9XeT+3n33U8+iXWMrPYLn
GbzpemU3blDP4t2UWbBTI7oba8PFF2j86Sea+pyt8L2X52nYteVfo0ZG+f+r8LmVKfwRYgKPTHhT
bFsAANKCCg4AAGJszNpa2+HzcEjS0F23a9v1P4/dP+fIY7Trly9JNCfH9lU36YVPfVhPHv6X9exi
Wduu/7mG7rq9ac/XKi9M9mjjNFdQAQCgkxFwAABSqHkTKq4Z7W3ac7XS5iu+VXaIycChy7Xnv/17
VaurNMPoQ6u1+YpvtbobTfHQSDOvRSYtBQCkDwEHAKALxdy8mdKJRrsl4JAqz6PRs3hX7fnDf9eC
k05JvMJKI40//aRevOi8VnejadaMzSj63kyNTYlAQAEA6D4EHAAAlJmvYM3ojIh9nckZ2pFostCd
TjpVe/+fX7U06Bh/+kmt+9zpcoY6e46UoKmwrfz8GgAAdCsCDgBAd0r4AffGbEYvdME8HL6kIYc1
MLsQdCw698KmDl0ZfWh114UbVc2/QfEGAKBLMVMVAKA7hRdPCWw3rpEb2LlmZIb2nDvZtK61mjO0
Qy986sNaeMbZmvfe95dtaw3M1pwjj9GcI4+RM7RDI2tWa/zpJzT64OqG9G3b9T/vmjk3gtaMVDE8
hWIOAECXMrvv8xFyfgBAypT50eX6X8JLv0Y0dKceu4V2bv7/ruR63x8+e1gXLnpl2r1Oo4FDl2vR
eRfJmjXQ0n44w0PaeMlXumK1lChf3bhAt+6YJS+BM4GAw2hq5pjg0q/TXSa24k4AANoOQ1QAAKjg
tqGZGnO680fm0F2369kPHavhu+9oWR+233Kznv3QsV0bbow5lm4bmtnqbgAA0PYYogIASKG48SX1
O31wmErOlW4b7tM7Z4807jnbmDO0Qy9edK76D1ymnU4+Vf1vWNaU5x19aLW2XH2lRtc0ZrhLWtw2
3Kdc4HIvv3pKvVC9AQBIHwIOAEAXmE4g4h17246ZXRtw+EbXrNa6s09X/4HLNP/4D2rWWw5ryPMM
332Htq78WdcHG77bdvjVG9MJHQgsAACdj4ADAICC+JlH7x3p06ZsRrtkss3uVNsZXbNao2tW5ycY
PVoDhy6fdlXH6EOrNXTX7dq+6uauWh2lks3ZjO4d6RMzigIAUBkBBwAAUSKyjtuG+vX+edx8+5yh
Hdq28j+0beV/SJL6D1ymmQe+UZnFu6pn8a7qWbSbMosWFx2T3bhBkxtf1OSGl5Td8JJG1txPpUYZ
vx/qL91IpgEAQCQCDgAAitKMqcdG/jwc/jAVAo5y/MoO1M9tO/yAw18nJZhuxD0GAKA7deeU8AAA
hJiIR2GPjs/Q0xM9zegOoKcnevTo+IwyLYoWhwUAoOsRcAAAOpJp0G3fb7ezXCeao1HXWqP+2wAA
oNUIOAAAnaWe926WCdwMel+v3zZLgzm7jk8ClBrM2bp+cCD/XWB4ilXHC5ycAwDQYQg4AADdK/YG
L/7OLytLKwdnNaQ7gG/l4Cxl3XIJRMw+QgsAQBcj4AAAdKmEd4KmdH6O67YNaLLszSdQu0nX6Lpt
4eoNVRFecG0CALoTAQcAIKUafRMXf/4hx+i6bczFgca4btssDTk1VG/UDQEJACCdCDgAAKjEmJKJ
GVcOzm5RZ9DpVhbm3vAYGckQOgAAUAkBBwCgS9T3BnFT1tavmYsDdfbrwVnalK33JLaEIwCA7kDA
AQBAiYgbQuN9ku5Vcnj7V24j4EB9TV1TZup6i8wnCC0AAAgj4AAAQJJKBqF428oNDXhuIqNrtw7E
7geqce3WAT03kYlvYKbCtcKmwJ8AAHQ7Ag4AQMeKiiwiGiU+W/FSFl74seLl2dpY9yEF6DYbs7ZW
vDw7FGKEr7kKEl3uhCEAgM5FwAEA6Dx1X06zeKHY4E1iVkZXvjwn6RMCka58eY6yRddZOIqo/lqt
RzMAANKEgAMA0EUq3dWZUJSR/2qKmhTvk3TLjn79abivPl1E1/nTcJ9u2dGf/y75dZdseApJBgCg
exBwAABSrJk3b8XzHxSikPwcHSu2sGwsalO4dowfWYSTjWZf5wAApBMBBwCgo1WecyBulYoyRxS1
9755cryHCUdRtWu3DujJ8Z78d4EArdqcIcFcHcy/AQDodAQcAIDOVJd7ORPzVZIpnSXhqpdnawMT
jiKhDVlbV71cXPljSlbuKXMN1oqcAwDQoQg4AABdppp5OBIeZrwfp5MyumzT3Br7hW5z2aa5miwM
dSrzK1nEtcf8GwAAlCLgAACkXD1u4qoZphL40WmCcYj39b7hXubjQEUrtszWfcO9+e8Cc28UXYcJ
f02rZinZyicCACC1CDgAAJ3L/3B8Wjdu0cdGf4LuTQh5zSsDumu4v+QYQJLuHO7XNa8MKHoC0XJX
a+3X8dSkuDWfAgCAtkfAAQDoQrUMUwl+um5Cm0tbX7ZptrbkmI8DxbbkbF2+qbTCp7R6IxhIGJXu
YXgKAABhBBwAgA5Qp5u5xKcJffJuJFOYQ8HbviVr63Lm40DI5ZvmakthItp8VGGsiHAj4cVYtxyD
QAQAkH4EHACArpBoudiazmlC30v+j9c7h3rzQxEA6ZpXBnTnkD/vhneNFF+XpSvzJMPysAAASAQc
AIBOF3tvV80wlcBEonGHGYWWjvW+rtgyW3cM9yXqKjrXHcN9gclng5OKVrimQtfTtIankHMAADoc
AQcAoEO0YphKaRVH8X5v+0UvztMDozPq0Dmk0QOjM3TRi/Py38VfL+FwrCKGpwAAUISAAwDQNaY3
TKVcFUdgQkhTOszAkdFFL83TU+M9ifuKzvDUeI8uemmenJKJQsPVG6GLKqJ6IxrDUwAA8BFwAAA6
X12GqcQf7/1pTW0qrKwy9Wn9YM7WlzbM0+ZJVlbpFpsnvb/zwVxwUlEztWJK4eKyIoZDlWJ4CgAA
5RFwAAA6SKOHqVSai6N4fzjkWDth64KX5mnM4W6z0405Rhe8NE9rJ2LCjXLVGUmqNxieAgBACQIO
AEBXqX6YSjVVHIXyjcKu4nkVjB4d79GFL80LnwQd5oKX5unR8R4FAy4TujamQg8FN0aKrt5geAoA
AEEEHACA7lDtMJWaqzhKT2AKP269bfcM9+orG+aWOxgp9pUNc3XvsL8crB9NBH/lKnPhTKt6g+Ep
AIDuRsABAECJelVxRIUgloyR/nN7v85ZP5/hKh1kzDE6d/18/ef2fhkjlfyaVXRNNLZ6AwCAbkTA
AQDoMJVv/ErjinpUcZQ5p4n+BP/e4V59dt18Jh7tAJsnbX123XzdE6rc8B5Zocsj5lqpY/VGsuEp
hCQAgM5CwAEA6B5V3c9VW8URPMq/YQ0slRGaj8N4H/HrkbEZ+uz6+XpqPFNN59BGnhrP6LPr5+uR
sRmSlP+7jZh3QyZ/TRT2VDTt6g0yDABAFyHgAAB0peZUcYS2GRMZcqydyOjMdfP1wEhPhV6j3Tww
0qMz183X2gkvoCoNN4LXRJnro+nVGwAAdB4CDgBAB6o0iWOt56mlikMq+nGbDzn8JWT9kGMwZ+vM
dfN1+1BfNR1EC90+1Kcz183XYM4bYuSHG4W/36JwwyoKwlpfvUEIAgDoPAQcAICulayKo9xqKfFV
HKU3pybyYXCDI0sXvDhXV2+ZVabXaAdXb5mlC16cKye0Qk5B7JwbEROLJq7eqFAhpKTRCQAAnYkB
vwCADmUkuVXvSnJeI7e6w40k17/xdL0NxvXO5ErGuHID+1dsGdBj4z06Z9EO7WTnau0oGmBLztZl
G2frzqHQMrD5AMKYcFCRH7JSZe4QXb1R9Qlq2QkAQGpRwQEA6Gq1VnGUfApfqYqj8Al88Q1wYVhD
4VjvR/OdQ736xPPzdecwQ1baxV3Dfd7fSSHc8P6ukocbyao3ogt8qN4AAKASAg4AQAer11wctZx3
+iHHlqytL6yfqxUMWWm5FVtm6fz1c7Ul6y/pW69wIw7VGwAAVIshKgCA7pUfqlI66CRqDIs3rCS4
eaqV/6jc2JfCkwWGq/hcGeMPV5Fc15V3A+1Ikq7eMqDHxrwhK4szDFlppg1Zb0jKvcO9ga1+uGGK
vpaEV6GwK1qdqzfILwAAXYwKDgBAh2vUHV/c0Ja4oSoJzlhyw2wVjr53uFcnPrOTrn1lZm3dRdWu
fWWmTnxmp0C4YRQfbpRX3cSizbpmAQDoLGb3fT5S8zRrAACkR5kfd67/Jdwm6hg3tDl4lBvTzi35
0/viBvb7e93Ct27Efknar3dCp+w8or+eNR7/mlCzPw33asXLM/XE+IzA1qnqDOOHWCY48CS+eqN8
uDH1uCQOq2v1BuEGAKDzEXAAALpEHQOOol1uqGVzQg7J1ZGzx3TqwiEtyjhxrwxV2Ji1dOXmAa3a
0afSAKIZ4Ua4Xbht9DYCDgAAPAQcAIAu0owqjuAxpe3CfyYJOaaewS06j+QqI+nUhUM6cf5I9OtC
ItdunakrNw8oK6l06IgpDhGmFW5EnZ/qDQAA6oGAAwDQRSoHHN5DN3pH+ICqQ45wnUdcyOGfzw1t
diP65n2/dEZWx88f1bFzR2P6iyg3DPZr5dZ+PTfhz7seDCz8AMGEMoxQqDG1o+ioKeXn3UgeboSP
Cx8Th4ADANAdCDgAAF2mUUNVoo6MDzlKhrQkCTkkyQ1UeBTaTjXYpSenv587qr+fP6Ie7msjTbrS
L7fO1MrBfm2atAN7QkNRJMkUhwhJwo3gntrCjdC20p2hPkY0jTkGAIBORsABAOgytVRxxB1XKeSo
dT6O4ONA1UZhU1TIUXz8gOXqhPkjOn7eqObazNEhSYM5Syu39euXW2dqyCmdByM23Ch8iQo38o/r
NqlouG30Nqo3AAAoRcABAOhC9ariyG+PnWcjfFySkCP4oPhYN3x85PwcxcdljHT8vBG9Y86Y9u3N
xryGzvbUeEa/296nlVtnqvjfQHHoYKICiZKqjeBxpXNr1DypaGTbuL5SvQEAQBQCDgBAF6pnFUd+
e9KhKkWniQg5Cg+jQg7JlVMaqCQIOiTpgL6s3jZ7TH87MK6FPbmY19IZNk3a+v1Qr27b0adHxjKh
vQmCjfxDIyvmWBPKDxo1qWjpdqo3AACIRsABAOhSLQw5Yis+koYcbmGYStH+wpfwkJRQn11XfzVr
Qm+bM663D4yrz+qMXwXGHOOFGtt7dc/wjOL5MySVBgVWaHMwODAKTxVaVbhReEi4AQBAsxBwAAC6
VIUff7FDVeKOrXXS0ant5UOO4sdT83JEhCCxQUe4nSvbSG+fPa6D+id10MxJ7TkjXcNYXpjI6MGR
Hj042qPf7+hVzlUo2Ci90S8NNgLfmNA8HCUNGxFuRPczuu9JhqYkagAAQMch4AAAdLF2DTnC54of
djI1L0e1QUewwdQxi3pyOrB/Ugf1Z3VgGwYeaycyenC0Rw+O9GjNaEYbg6ugmNJAIahssJEPLuKr
NqbaBLcTbgAA0D4IOAAAXa7WoSpxx1YKOeImHZ3aFx1yBB/EhRwxbdxgywqvwy3ev0uPo4P6J7VX
b1Z7zHC0eyarPWbkGj6sZcwxWjtha91kRmsnLT0/7gUbmyZDc2JUrNYITBAaF2zkv5QdklJ0fDUT
hZrII2oON+IOSbYTAICOFp51CwAA+IwK9/5GJiYcKHNQ5NbgfiOZYIjh7fNvUV2/bWGDf2zxcxgZ
uYXzBG9wC50PtDRFIYZbOJ9CbT2bJi3dMtkrqbfoVe3Sk9MeM3Lao8f7Z67tqt92NdNyNNNIMy1X
/fbUY0kacYxGXGkkZ2nUf+xYGs0ZDeaM1k7a3j8TtjYFKjOKc4lK82qYMm2DxxSHFrXNt1F0goj+
lMQaMc9RXvJwAwCA7kbAAQDoctGBRNTu0pAj7th8cOHGtZuKMAr7Ck3CUUhRB8qGHJJCQYffJtRH
M/X8JhCIlIQdcotCAhMIRjZP2to8aWt1zL+BWsTWYlQVapTuL95ZKdgIHl9ruFGhKqNiH2OekaEp
AACURcABAECTQg5TMgQlGFYo0D5cwxEIREpCjvAZ44IOSSVzcfg38PlApWzYUfptsEvTjznCYUH5
J46+8Y+7wQ8Ma0kUbOQfh85rotqVhBVRrQg3AABoBgIOAAAkVRNyVLWzaFdJTUaoQXTlR7imYyrk
kJIHHdLUjX64qiMYLpSGHb7IV2gCfa+LCmFGSbME1RqBZomCjYjz1y/ciFNmJ+EGAACJEHAAAFCl
6Pk4okKOYCBRvK2WkEPBIwsbQsfmWwX76jULnzPc39A5THh7/lwlKUdUEJKsmiM6bKh0+iTVD6WV
J5WDjULDMj2sR7iRpB8J/90AAIAiBBwAABQkr+KoetLRkpBDoTNEhBzyN4VrOIo64v3hShWDDhNe
cSXuJjpqvhCpKFgpIzoIKWlUhRpCjfym2oINb1tkuBEZVIQjjdKAJbaPkb1jaAoAALUg4AAAoMh0
Qo64Y/2bYze0O3yG8LCTSpOPSpWDjuL+FAUdwaZlb5QrDUOJeM013XdXOigimIhpEl8BEQomYipE
koUbUa2iwo1yryt8DsINAABqRcABAECJRoQc+X0xIYekUNBRefLR8KPCoUVBR2k1h/+sUmCOjqIm
1d44V/j3lfgcNbYpygQaEGwUHlYxJCXymHJ9ItwAAGC6CDgAAIjU4JBDCgUK1c7LIVUMOipMROr3
PfiUpZUdwecrPT66TT2VDzUqz1UREUqY0v2xwUbh2yrCjURDUgg3AACoNwIOAABiJQ85qtsZHn7i
b5OSz8sxdUxs0FF4GBV0FJ0o8IxTIUBRaFN1dUddJ+FIWKURd+7pBBvh7eFII8kxlfqXbFfCBgAA
dC0CDgAA6iB+ZRUpfl6OcMgRdaaIcCKmAqS4daWgI9g6uo/BIKFoKEv8IUVH1yzi0OpDjcC2isFG
aEuFYCP2LBXDjejtrJgCAEB9EHAAAFDWdIaqVDpHILAoG3KEzxEVdBSHF2WDDq88o6h9NWFHuPve
EdObg6O2m/ykocbUhuqDjdLv48ON6qs2GJoCAED9EHAAAFBRdSGHFHXDX2HISkRVRvTko8EtNQYd
wR0Vw47iHsRpThVChcqIyN31DjaSHht/Hm9LXPVH8nMAAIBiBBwAACSSIOSQKlRzVAg5Es3LEfFk
NQUdRZ2dOk/RE9UeeNRHgqEeZUKN6N3VBxtTW+oz30Z1VRuJGwEA0PUIOAAASKxCyBFqUu95OUqP
KhN0RExEGvzO21Iu7FBgzo7wM1dzwx33+qs1nVAjYmvkkJJycUgD5tsg3AAAoK4IOAAAqEo9Qo5y
54mfl8P7M2HQEbviytTGqsKOkuqOsOkuH1umXeyuKkONok2mbLuyZ27KfBuJGwEAgDwCDgAAqlZ9
yCHVY14O/5hyQUe5YSvF5wjuiA87AgeXvd8O7Ew6gqXq+/e4OTESnHQ682xUPEf5569+vo3EjQAA
QAABBwAANaku5PC+rWVeDlUZdMQNWwmdIGFlh7c17mY7pt/TvjevKrqI3hOuPqlwzPSDjej9hBsA
ADQPAQcAADVLGHJIRdUc1YUcgZNMK+gIbgucq6hJ9Jwb5YKFZMUacZOVRp0xqVpCjdLt9Qk2ottU
PySlqoYAACCEgAMAgGlJEHKEmlU/+WjoJJFNKwUd4QOqCTvi+5XsdrweN+2Vhp6Ue55a5tiodM7y
+wk3AABoPgIOAACmrV4hR5JzBdKNqoKO4LHhPZXCjvCxcWpdPrbKG/saQ43irdMNNso9B+EGAACt
QMABAEBdJKnAUEnI4R1RazVHvk3VQUfweF/EMJLwvB3hphXPOU2Rp6su0Cjd26RgI+mpCDYAAKgb
Ag4AAOqqXvNyRDSsdLLIpy4OOjTVOuY84b1xgUCCao1prRxbe9AQvafSEJfpPh9VGwAAtBoBBwAA
dVfbkBUpqprDb6gK5yw3EWnwHP53Uw2Shx3x54tvEledUqukoUaF52lEsJH0dNU1BAAACRFwAADQ
ENWHHN63cdUcfmNVOG8o6IhtHhy0kTTsiFLpNVZ7I19d+9pCjaTPU2nYC+EGAADthIADAICGqSLk
kBJWc0QcULaNag47Kj1DyfM0QeKh/tQR3QAAF+VJREFUJ5G7k/a1UcFG1Y0BAEAVCDgAAGiohJOP
RjRNFnQkWbkkJuyI7Fb8UJawWtdMqSTpdKHJdtevgoRgAwCA9kbAAQBAUyQNI1Rl0FFFgFLUPn9M
xek2Ks15Ue+Yo4YgYNqhRvljphds1HQAAACoAQEHAABNU0XIEdG8vkFH8Jj8cUnmFi17jiaqS6hR
/riSYKOmpyHcAACgWQg4AABoqhpCDqmGoCN0UOIn8r+NObZR41LixOYD0wkOqpxjo+anI9wAAKCZ
CDgAAGi6Gqotqg46ggdV+VwlxwbOUc09+zRWmJ3mATWdg2ADAIB0I+AAAKBlmhV0BA/01VKKUWW6
UbZ5o0OA5Ocn2AAAoDMQcAAA0HLNDDrCJ6jyeRNrxc1+dc9JsAEAQGch4AAAoG3UN+jwNrdD2NFI
dQg1qj/NdA4CAAANQsABAEDbqXIiUv8QX0zY4e2qdN6YuTfaQvWBQmygUdvp6nUwAABoAAIOAADa
Ui3LvoYOjTi8+uqO8AnLqTUIqW9Y0LhQoy4nAAAADULAAQBAW5tG0BE8POIUtYUdSZ+suRobatTt
JAAAoIEIOAAASIVpBh3BU0ScpvqhLK1VNtDwGtTtmQAAQDoQcAAAkCp1CDqCp/FVCDzCGh2AVAww
Sg+oew8AAEC6EHAAAJBKdQo6wqdLeMqkAUQ4CKk6uCjfiQYg2AAAIK0IOAAASLUGLPFa6R6/qlVs
pxEYNC1rINQAAKATEHAAANAxGhB2VHqacuK60BZ5Qlt0AgAA1BEBBwAAHalJYUfSLrSFtusQAACo
IwIOAAA6XoUZRTsWgQYAAN2EgAMAgK7TBtUdDUOoAQBAtyLgAACgq3VC2EGoAQAACDgAAEBBuaCg
1eEHIQYAACiPgAMAACQw3aVTpnteAACA8gg4AABAHRFYAACA1sgMb3+y1X0AAAAAAACYFqvVHQAA
AAAAAJguAg4AAAAAAJB6BBwAAAAAACD1CDgAAAAAAEDqEXAAAAAAAIDUI+AAAAAAAACpR8ABAAAA
AABSj4ADAAAAAACkHgEHAAAAAABIPQIOAAAAAACQegQcAAAAAAAg9Qg4AAAAAABA6hFwAAAAAACA
1CPgAAAAAAAAqUfAAQAAAAAAUo+AAwAAAAAApB4BBwAAAAAASD0CDgAAAAAAkHoEHAAAAAAAIPUI
OAAAAAAAQOoRcAAAAAAAgNQj4AAAAAAAAKlHwAEAAAAAAFKPgAMAAAAAAKQeAQcAAAAAAEg9Ag4A
AAAAAJB6BBwAAAAAACD1CDgAAAAAAEDqEXAAAAAAAIDUI+AAAAAAAACpR8ABAAAAAABSj4ADAAAA
AACkHgEHAAAAAABIPQIOAAAAAACQegQcAAAAAAAg9Qg4AAAAAABA6hFwAAAAAACA1CPgAAAAAAAA
qUfAAQAAAAAAUo+AAwAAAAAApB4BBwAAAAAASD0CDgAAAAAAkHoEHAAAAAAAIPUIOAAAAAAAQOoR
cAAAAAAAgNQj4AC6kGUZGVO8Lfw9AFTDsowsy8i2k/9qYdtW4TgAAIDpyrS6AwCaxxjJsizlco4k
qacnI8uyNDk5KcdxZVlGjuO2uJcA0sSyjCzbVi6bletKkvceYoxk27Ysy5JleaGH4zhyHEe5XE6u
q8J7kTFSpicjJ5fjPQhAVfz3GtOmn9S4rlt4zwPQeAQcQJfwPyHN5RztuceuOvUTf6/jjj1cAwMz
df/qh3XJZT/Wvfc9JGPED2EAFfmBqeM4yk5m1dfXqz32WKz999tbb3rj67TvPntq772XaOed5mtg
YKYkaWhoRC9v2apnn12vp55+Qf99/8N6/IlntW7dRo2OjuVvVLxz8j4EoBI/08hmc63tSAXGiN+v
gCYx8xf+Ff+pAR3MDzYcx1V/f58+evKx+oczPqTFi3eW6/qftBpt3z6kD374HP3pnjVUcgCIFfyQ
1HWlpUuX6MgjDtXhb/9r/eUhbyiEGUkNDY3o3vse0q2//5NW3XKXnntufclzAECYHxjMnNmno9+5
XHvttZusKobINYOTc/T88y/q5t/erpGRMUIOoAkIOIAO5Zds+mWRb11+iC784mk6+KDXSvIqOWzb
ypdOOspkbK265S598MPntLjnANpVMDBdsmSRPn36B/Wed71du+66sNAmm80V2vkl4/5XP1T1vzqO
q0zGLhy7YcPL+vWNv9f3f3Ct1q3bWPR8AODzg4LX7L+3vvevF+jgg1/b1kNUHnzwMX36f39Vjz3+
LCEH0GAEHEAHCt4U7LPPHvrcWR/V+094p4wxyuWcQml52ODgkF7zF0drfHyi2V0G0Ob8yq6BgZn6
xMeO15n/+yTNnTsgyQtMXdeVbVtV32T4IasxUxOUDg4O6V++c42u+slKDQ2NUFUGoMAPCPr7+3Tj
r76vZcsOUC7nze/jqr3eJ4yMLMuSbVtavfoRHXPsGRobGyfkABqIgAPoIMFgY9682froScfptE++
T7vsspNc15XrupHBhm9sbFyv2u8IjY0RcADweGPHvYDhdQfsq8svPU+HvPn1RdUYxphpf3rqv0cF
qz7u+/P/6HPnXqKHH3lKlmXybab9kgCkWCZjK5vN6YTjj9QPf/BPyuWc/Opw7VvB4TheAHzaGV/W
L677XeE1AKi/9hqoBqAm/tKMjuP9ED3qnYfpxhuu0IVfPE0LFy4ofDpaLtyYMrUCAgDYti3HcXXc
sYfr+uu+o0Pe/PrA6ife+0o9bizC58rlHB3y5tfr+uu+o+OOPdy7QcgwNzrQ7fz3iKVLd5Pkrc7U
ruGG5AfE3nvmXnvtWtgGoDH4TQFIOX/FAcdxtf/+e+v8c0/Re979dkkqDEex22zSLQDpYNuWstmc
Tvn48fraP59V+NQxOG9GI3jDVYyy2ZwW7jxfP7zin7TTgrla8eOVsu2ppa4BdB+/iMv/0KbdhqVE
8fs41WcAjULAAaSUX66dyzlasGCuTv3ECTrlE8drpwXzCp8U1BJsuNR/A5D3HpPLOTrl48frm1//
XOFTyEaHG0GZjF14zm9+/XOSpBU/Xsn4dQAAEImAA0gZf5yp/wnme979dn3hvFO1335L85UcTsKh
KAAQza+SOPY9f6uv/fNZMsZUnMOnUSzLKszN8fWLz9aWVwb1qxtupZID6HJp/EAmjX0G0oaAA0iR
4HCU1x2wry74x9N05BGHBlYhiF4dBQCS8oOD1x2wr775tbOVydiFZaVbxQ91bdvSNy4+S0888Zwe
fuQpQg4AAFCEOyGgzXmhhZExyg9HmacvXXiGVv3mykK44S/PSLgBYDr895lZs/r19YvP0sKFC5TN
5tpiHh9/PpCFCxfo6xefpVmz+gvBLgAAgETAAbQ1fziK43jl2R98/1G65bcr9Nl/+Ij6+mYUZg4n
2ABQTx89+Tj9zaHLlMs1d86NSvxqkr85dJk+evJxre4OAABoM9wVAW3KsryPJR3H1bJlB2jlL76j
73/3Qi3da7dCSTbBBoB68SfuXLJkkc4+82RJU+9D7cTv09lnnqwlSxbJdVnWGgAAeLg7AtqMZRlZ
lle1sXjxQn3ja2frphuu0PLD3sRwFAANY9tepcanT/+g5s+bU6gQazf+ai7z583RZ844UdJU3wEA
QHfjDgloE5Zl8pOIeisVfOzk47Tq5h/pk6ecoBkzehiOAqBhLMsom81p6V5L9K6j39rq7iR2zFHL
tXSvJcpmc21ZbQIAAJqLOyWgDdi2VajOeMtfH6Qbb7hCl196nnbbbZf8JHoEGwAax8pXQBx91GFa
smRRPjBo3/ccy/ImHF2yZJGOOXq5t40qDgAAul77/vYCdLjw6ihLl+6uyy85T9f9/F/0l4e8oWg4
SjuWiQPoDMZI2cmsZszo0VuXH9Lq7lRt+WFvVm/vDGUns8zFAQBAl8u0ugNAN/KXXMzlHPX0ZHTq
KSfoM6efqMWLd5bjOHIcR5ZFsAGg8Ywxcl1X+7xqDx36loMlqS2Wha3E7+OhbzlYr9p7dz362DOF
1wIAALoTAQfQZLZtFZZePOywN+lLXzxDBx/8Wrmuq2w2R8UGgJbYf/+l6uvrVTaba6ulYeMY480b
0tfXq/33X6pHH3um1V0CAAAt1v4f0QAdxB+Osu++e+pfv/2P+sXPvqWDD36tHMeR67rKZGzCDQBN
5ThexcOygw+QpFS9B/l99fvuvxYAANCdqOAAmsAYyXWl3t5enXHaB/SpU9+nhQsXKJebGo4CAK1i
jPSa/fcuPE4Lv6/777e08D4LAAC6FwEH0GD+L91z5gzop1ddrLcuP0S5nMNwFABtw7Zt7bH7Yknp
rODYY/ddZdu2stlci3sEAABaiYADaJJPffJ9euvyQ/LLLxrZLGkIoE1YltFOO89vdTdqtvPC+bKs
9AQzAACgMQg4gAZzXSnTk9EJxx8pSVRtAGg7xhjNmtlfeJwWfl9nzexPVb8BAEBjMPAfaALbsrTT
gnmS0nXzAKCz+W9HaX9bmpzMtroLAACgDRBwAE0wMTGhxx5/WpK3igoAtAN/Uk7HcbVjaDi/LT0z
dfp9HR4eSVW/AQBAYxBwAA3mTTLq6oof/F9J3lj3ycksv4wDaBu5XE6vvDLY6m7UbHBwh3I5JhgF
AKDbEXAADebnGDfefJvOPudiDQ7uUE9PRo7jLRELAK2Wyzlau/YlSems4Fi7bgPVcQAAgIADaBbL
svXjn6zUO4/5uH7+i5uUzeVkWZZc1yXoANByjz/+TKu7ULM09x0AANQPAQfQFEaua2TZth599Bmd
/pkv6fgTztCf7nlAxhhZlqVsNpeqT04BdAZvglGj+1c/LGmq6iwN/L6ufuARSSb1k6UCAIDpIeAA
msQYI9e1ZGd6ZGTpzjtX65h3f0KfPesreu65dcpkbEliHDmApvJXdnr8iWc1Mjoq27ZSEba6rivb
tjQ6NqbH8hUcrFIFAEB3I+AAmsbIGEuua+TKlmVn5LhGV19zg45458m67FsrNDi4Q7ZtM2wFQNP4
YcYzz67T3XevlpSO1Z78Pt5992o98+w6SemaPwQAANQfAQfQdCb/jyXJlmXb2vzyNv3zxVfoHUd/
TCuv/50kFYatEHQAaCTXlWzb0sSEoz/cfq+kdFRC+H287Q/3aGLCyVeetLhTAACgpQg4gJYxMsb2
qjmsjGzb1uOPP6ePn3q+jjv+NP33/f8j27YKQQcANIoXpLq66ebbtH79Btm21dbhquN4gcb69Rt0
82/+IImqNwAAQMABtJyRNzeH41oyli1jLP3h9j/rmHefonPO+3rR/ByO41CCDaDuXNerGnv+hU26
6Te3tbo7id382z/ouec35lekanVvAABAqxFwAG3CGEuSJWN6ZNm2xieyuurH1+mIo07Wt/7lxxod
HSssK0tFB4B688PT737vGm3dOijLat9fESzL0tatg/rOd6+WxNwbAADA076/vQBdyeSDDlvGZGRn
bG3evE1f/up39bbDP6Sbf3ObstmcMhlbuRzLygKoH9f15rVYv/5lXf7tqySpLcNUv0+Xf/sqrV//
cn6FqhZ3CgAAtAUCDqAteZOQOq43P4dlLD362DM68SNn6aSPfk6rH/h/sm1v2IrrugQdAOrCGCMZ
o59efb3+eOeflcnYbRVy+AHvHX+8Tz/56UrJmFRMiAoAAJqDgANoY978HEYymfxEpBn9btWdetex
n9TZ51yslzZsLvxy3043IQDSyVtRJaPhkXGd/4+XavPmV/IVY62fwDOXc5TJ2Nq8+RV94YuXaWR0
QradoXoDAAAUEHAAbc8btmKMLde1ZWcyGh2Z0FU/uU7/a/n79KMrf6aRkVGGrQCoC8dxZdsZPfzI
Mzrv/G8ol8vll2Bt3XuL67qybW9FqfPO/4YefuQZ2XZGjsP7HQAAmELAAaSGF3S4riUZW5Zla8sr
23Xe+ZfqmPecohtv+r1MvlzbdVkyEUDtHMeVbdn61a//S5//wiVyXVfGmJa8rziOU3hf+8IXL9Wv
fv1fsi2bcAMAAJQg4ABSx+T/yc/PYVl64IHHdPLHz9WJHz5TDz/8hIwxsizv004qOgBUz8iVkW1n
tOKqX+YrOZzC+0qzZLM5WZalXM7R57/wTV254hfesJTC+yAAAMAUAg4glaZWW3Fly870SK7Rb1f9
UW/7uw/pixdcphdf2qRMxpuINJdjfg4A1TJyHCnT06MrV/xSp3zyfG1++ZWmDIdzXVe5nDeh6OaX
X9EpnzxfP7ryF8r09MgrIiHcALqdX1FmUvB+4PeR6lqg8Qg4gJTzhq0Yydiy7YwmJx19/wfX6u+O
PEk/uvJnGh+fKKy4wg9WANUwxpLjGFm2rV/dcKuOfe9puufeBxu2ilPwfLZt6557H9Sx7z1Nv7rh
Vlm2Lcfxw10AXSv/HvHc8+vluq4sq7VzBFUS7OPzz6/3N7a2U0AHM/MX/hX/hQEdw5XrOjJyvHk4
XEcHH/Qaff7c0/TOdyyX5Jd8e0NYwgYHd+g1f3GUxsezMoafvwA8ruvIslzlslnNnNWrj37kvTr3
nE9q/vy5krwVTvyJQKtdttWr1vDm2bBt731p27btuvSyH+kn16zUyPC47EyGcAOAJBV+P+nrtXXj
r3+gNy57vbLZXNt+iGNZljIZW/ev/h+96z2na2w8x+9YQAMRcAAdx5UryZIr180p5+QkuTr23Yfr
/M+frte+Zp/CJKT+p7DZrFcKvuqWP+oDHzqHmwgAJVy5MnIk11HOyWn3JbvoHz59st797sO12667
FNpls94v78EQ1Q89gp+yOo4j11VhKJ0kvfjSJt1443/pO9/7qdat3yTbsiVjyZWVijJ0AM1hjOQ4
Oe2/3x76wfe+ooMOOqDqcLVZXNfVgw8+otM/c5Eef2KtLMsm3AAaiIAD6Fj+f9qOXMcbLz9zVq8+
8bH36dNnfFiLFy0s3GwYY7Rjx5De98HP6t77Hhbj2wFEc6V8eOq6Ock1Wrp0N73jyMN0+N8eqr85
9E3q6+ut6oxjY+O66+779Z+33qnfrbpDzz33omSUXxUqIzGhKIBIjhwnq5n9M3T0UW/V0qW7R1an
tlIul9Pzz6/Xzb/5g0ZGJ2RZGTFDANBYBBxAx8sPWzHeV9dxteeei3Xap07Ue951uGbPHtB9f16j
b3zz3/Tfqx+RZfWImwkA8bx5MoxcGePmq8Sk3t6Mlu61uw547b468MDX6tX7LtWrXrWnFu68QAMD
M5XN5rR9+w5tG9yh555bpyeefFZr1jyqRx59Ss+/sF5jY1lJ3vK0ruut4uJ9Isv7EYAoruQ6ctxs
/vt2fa/wbrUsk5GMpfbtJ9AZCDiAruHKGEluzlsBQY56emxZlqXJiaxc13ifLPDDF0AiXtBhGXlB
R35lFTdf5WEk2bYly7YKE+w5jhey5nJO/ld+4/3PGNm2F2w4rgg2ACTkvd9YljdspR25rgKrP7Vp
J4EOkml1BwA0i8mvUGDJti05TlaTk46knIwsWXaGce4AquAFE65cOa6RsYyMP4TFceS4jrI5V8pl
S46TjCxjyVhW4fuc6737tOs4egDtyHv/cJx2/7yW9zWgWQg4gK4ydUMik5Fl3MJ2/5NUAKiO/85h
VJj7x1iyjKa+jzgm/JV3HwC14x0EgIeAA+hKhk9JATRAPurg/QUAALQA0/gCAAAAAIDUI+AAAAAA
AACpR8ABAAAAAABSj4ADAAAAAACkHgEHAAAAAABIPQIOAAAAAACQegQcAAAAAAAg9Qg4AAAAAABA
6hFwAAAAAACA1CPgAAAAAAAAqUfAAQAAAAAAUo+AAwAAAAAApB4BBwAAAAAASD0CDgAAAAAAkHoE
HAAAAAAAIPUIOAAAAAAAQOoRcAAAAAAAgNQj4AAAAAAAAKlHwAEAAAAAAFKPgAMAAAAAAKQeAQcA
AAAAAEg9Ag4AAAAAAJB6BBwAAAAAACD1CDgAAAAAAEDqEXAAAAAAAIDUI+AAAAAAAACpR8ABAAAA
AABSj4ADAAAAAACkHgEHAAAAAABIPQIOAAAAAACQegQcAAAAAAAg9Qg4AAAAAABA6hFwAAAAAACA
1CPgAAAAAAAAqUfAAQAAAAAAUo+AAwAAAAAApB4BBwAAAAAASD0CDgAAAAAAkHoEHAAAAAAAIPUI
OAAAAAAAQOoRcAAAAAAAgNQj4AAAAAAAAKlHwAEAAAAAAFKPgAMAAAAAAKTe/we+wlJaKKEI9QAA
AABJRU5ErkJggg==
" width="800px"&gt;</msg>
<status status="PASS" starttime="20230124 18:24:53.110" endtime="20230124 18:24:53.683"/>
</kw>
<status status="PASS" starttime="20230124 18:24:52.703" endtime="20230124 18:24:53.685"/>
</kw>
<kw name="Clica botao de adicionar alarme" library="steps">
<kw name="Log To Console" library="BuiltIn">
<arg>-&gt; Clicando no boão para adicionar novo alarme...\n</arg>
<doc>Logs the given message to the console.</doc>
<status status="PASS" starttime="20230124 18:24:53.689" endtime="20230124 18:24:53.691"/>
</kw>
<kw name="Click Element" library="AppiumLibrary">
<arg>id=com.google.android.deskclock:id/fab</arg>
<doc>Click element identified by `locator`.</doc>
<msg timestamp="20230124 18:24:53.698" level="INFO">Clicking element 'id=com.google.android.deskclock:id/fab'.</msg>
<msg timestamp="20230124 18:24:54.201" level="INFO">criteria is com.google.android.deskclock:id/fab</msg>
<status status="PASS" starttime="20230124 18:24:53.693" endtime="20230124 18:24:54.202"/>
</kw>
<kw name="Capture Page Screenshot" library="AppiumLibrary">
<doc>Takes a screenshot of the current page and embeds it into the log.</doc>
<msg timestamp="20230124 18:24:54.776" level="INFO" html="true">&lt;/td&gt;&lt;/tr&gt;&lt;tr&gt;&lt;td colspan="3"&gt;&lt;img src="data:image/png;base64, iVBORw0KGgoAAAANSUhEUgAABDgAAAeACAYAAAArYecKAAAABHNCSVQICAgIfAhkiAAAIABJREFU
eJzs3XlYlXX+//GXuSCJB8GERHDhoMnillruleVWmaXl0qrW/DRnamwsnZZpm6ZGy6nxO5ktllNZ
aWmZlVvTlFsuaKksphxKWRRUkIMGKOTvD8MJOffhAGe74fm4Lq+p+77Pfb/v6XDkfp3P5/1p0Kx5
6zMCAAAAAAAwsQt8XQAAAAAAAEBtEXAAAAAAAADTI+AAAAAAAACmR8ABAAAAAABMj4ADAAAAAACY
HgEHAAAAAAAwPQIOAAAAAABgegQcAAAAAADA9Ag4AAAAAACA6RFwAAAAAAAA0yPgAAAAAAAApkfA
AQAAAAAATI+AAwAAAAAAmF4jXxfgDiEhLdSyZWitz1NWWqZjefmy2+1uqAoAAACon4KDLerSJV6S
NGhgP8Pj1m/YLEnasydZBQX8Dl6uefPmKiws9GkNTz7xsHr17FGt1yz/+FN9/Mlnys8/7qGqAOdM
H3B07GjV/H/NVd++l9X6XCdPntTWbTs0f/4bWrvuK/3yyy9uqBAAAACou4KDLRo4oK8GDuynrl3i
1bVrgoKDLS699pGHZ5z754ICu3bvTtLuPcnasGGzNmz8tl6GHpGREWrTJkJbtyb6tI5ePXvoyisH
[...]
lVv+FEbZFpmmyozo41xJYb6KbF5Tu9eYiGkobkOoyOY4dsf3GsrJdB2x9UFSxutDfKON27mSFkm6
QyF9Y7q0Ux4d4ePvlLPACOtuhVSjcML9imVqscJabIS1xgxpu7zqSjKgmMx7aY0RUqNGYvMWXTEN
fZShgBnAKObgAADAhsuw3PwreBuNET1gDE/YEI9VLlMPGkE1GSNpn/sWm8asJFUoosUTNDpS4dHo
68yVfF5TO4acsZJKrupDsgxJc42INhtBPajhnJ8f2dNghPW/NDxhuBFrnhHR/zKCujXL8UKdwmpW
0PL3JCRpm3z6huYYkFG8owAAsOG0zuz3G0GttblDOMaUoaAUd/y5S1KTQlptpPdh/5YEjYsVaR4z
nhqFtVbZDznyfU3jcULdzGV9SIWh0WEMDxrBvJUBmfNthbRJw2kOepLcMnWfEVRjln6fVCmi7xlB
S/lMSduVm6FiwHRDHz0AAGw4aXjKSoVt70KGJB2SR4dMt7rlVkijje5ahbXMCGu5QlEfvA2Z2qig
TsqlCyncAykzTC1I0KC9WREVy9RQBvvErDNCOmq6dTFL92ryeU3b5NF5M/6+A5KGbDqUfGMYBbFS
bC7rg921MjQ6XGe2YeomhW1736xQSEfl1jEamI5VrbDuMUZs31V+uXTYdMsvty4ZhmaaEVXL1DIj
bOnp4ZJ0tzGiM6ZL3RmsD8UytVlB255Me02P2miGAVnBOwsAABtOafaUGabusen+fFmG3jN9lokV
I5I65Van6dZRufWIEYwaV+6TdLcR0ntm9GSViayOadTH8snUKoW0J+37rFbFMnWvMaL/L4WJQpOV
72vql1uHE9TAQUmX7R4ogHBDym19SHitzNHGa7MRVGNMWGVIusMI6ZjplHc6xnNJ+q5GLHNiRCR9
anq1c3zdMqUBueWX1GZ6dIcR0t0KRgUjXknfNUb0hunO2CorDxtBzbE52j/k1t+V/O9XAKlhiAoA
YBqL3yI0HNKD4zaFNMPmQ/77Ng3xWP+Q2/Yu4mKFLJNyJrLEjL4jGpR1IsxlRubnXVissJZnYT6H
QrimiRR63cxXfbATkfSh6dNRmyBjrsKjK23AcRoU0hzDGh60KibcsLHL9OhTm4ChShE1ZGg+jvuN
oG62+d3UI5f+nEJ4DCB1BBwAANgo8DbkNXbLDnbIrc4k+6DsMj0ajNnmkbQiyeCgxgjrxpiGxqmr
wzfGmy9TczMcRhiSNhhB29VDJiPf13Qiietmfhvs+awPidiFTh5JNRm7X49carAJyM7KrR1JrtCz
0/TojM37eVUG5odpNEK2w9sGZOg9+TI6VA+AFQEHAAA2nPAR9OY48wt8YSY/AnVYhvw2d7fnm8k1
PhvMkOVaHTU86og5piFTqzNw1z721c6SqQ0ZXKmkEK7pRAq5bua6PiTrlNw2g46kUnpwOM6Nimie
TTi2J8XhRl/YvUcVsR1WkqxFCmuDTU0bkaH3TZ/6EsytAyAzeJcBAGCjkBuRY26y+ZDfr9Qnyusx
rB8HZicxnMIlaVHM3fpBSYdMlw7Jrdh1KhZn4G55h81rW62wFmSosZzva5qMQq2b+agPqQjaXH4m
o3OeWoUt74FBGTqS4k/zsDwajDmSIak2zXo55+qKKbGlMGXoQ3nV5ZiZnQBn4/c6AAA2CrUROd6N
Ng3mvjRKvt30ansaEz6uUNgyV8XXciskQ6Gr/14yLjAoV0TLFNLBlM903VF5VCFF3cF1yVSzRvSb
DDQg8n1Nk1GodTPd+pBqwzQdPkklNhfuStbPjEyrtnmPfmO6Uo4lIpJ6TJclHJ1vRFIe6VUiU48Y
QdseQbvl0YEUeoABmBzebQAA2CjURuR4M0zTUtB+c/Il91TNSWq/VcawPDE9Hk6oSJ6rXb+PKhzV
oJWkFUZYR5I8vscYlCemweBRkT6W9LSCMnu/ubZ9niJaZ4yoNckx+PFk65pmUmGV5rrlNvMXHB33
UfOoPPb1IQeNv5VGSO6YumRqdDlROIvdELLzaS6RfEGGFiRx/Ik8ZARVaROxHDXd+jhLQScAewQc
AADYKPSVKiSpyKaMwzlq/s6SqQUxH+gHTCNqyc4jplsbDSNqpYpaRTRDpi5PopzdplsHDLcaYrbf
oZA6DPekxrnn85qOWWKGND/BBJwRQzo/7vtuuW2H7uRSPuvDxGWL6E6bSR/PyaVLBByO47MJIS+n
GULa1TufmVrAsdEYsV0x5azp0n+zHCyQcwQcAADYcEC+IZ/NncbYeQ6ypUHWO+JdhjvqLmpIUqdc
umXch3+vTK02QpPuabHd9GmBXKoY16j2ydRGjWiLitI+bj6v6ZjlE8wnYkrqG1dBvZJlEs9cy3d9
iGelQlpvjKjc5ue6N0vnRHb5bIaoBNPswWH33vYZZtLHuskMa3WclVf2GF6FCqz3FzAdEHAAAOBQ
hs2n8FxN27jUphF+yKaRfcT06JaYfZeaYbVOstt2UKPzXGw2ovtX3KywVimsL9Ps0ZDPa+pk+aoP
d5gjliU5DWM0OJmliEriPO+o6U67jiC/YoetSdJImvP32q2sk0qfi1sN64SnY76jEZ2Qi2VhgRyj
Xx4AADZYPDK+BQqrKqbZf1GGOm0ajMfkViDm48aNRkQ1CYZgJOuI3Dpq04j+TpzJ/qaKQntl+awP
c42IFhjhqK+bFNa8BOHGCbn1/iR6+QBj7ALRMRWK6D4j1/2/ANCDAwAAG6YpB4xTMRTb3HWl2VU7
Fats5jM4keBueKdcahjXADYkNRhhdWdgWEWLfFqgoah5HcplaoMR1DYznUZsfq7peGflSjjvR9iU
Loz7fjJzjmRCIdWHRAYlfSGvdjA0xdHCpiHFDFNJt0FjVxNCGfzFv1xhdSqkgzS5gJzh3QYAgI1C
u0tuJyhZ7lJ7M1DyUG9P3Mc8kmqNQYViznNARQrFNFDHVmP5ynSrYdw49VBvj2plKGKWJBz+ETIG
LXdIQzHnuShDraZX98bcKV2psI4obNuLIJFsXdNU7JZXhxM09kOm1F8gFdQjaZFh/Sl+leC6x9YH
SVqksFzK3nCgiKT/V8XqyXMYhMkbMawhZCrzZozntZvPI40yRWToc9Oj242RqNDEkNSsEZ2WS/10
nAdygoADAAAbBdJ+TGjEpreB3SSZmbRSoajeEtJoyOCWtCBmbgXPuO8Dcql8XPN1hkytmMRcGeO1
yaNlZlg1487n0mjD4usUj5+Pa5qqQipNKvVhvEzVh3+Ybl22WfJomcJRPzeXpEZzRNsYmuJ4wzbb
SlNc+STqeTHVx+74iUQkfWh6tVceGaa0zhiJPodh6rvmiN6i7gE5QcABAICNQmpExnNZhqpits1K
84N+spbZNFpnydTTNs0CzwRNheVGSF9maFjC3+XR/6Fw1N3TOUZE39FISj/MfFzTVBVSaVKpDxNJ
pz58ZXhse7sEjaAaY4bOLDfCajMj6uFOuqMFZGhezLYb0nxX3GDTgyOQwsonpqRProYbkvSpvKo1
I1FhqyTVGmHdZY7o80lOrgxgYgQcAADYKKRGZDzfyFBtzLbKNLpqf9sIaVXMJI/nZei/zej1BG5Q
RDdlYHLQMQsU0SyZupiBMe9n5dZ+ebVW0XdPv60RHTGS/7iT62uajkKpm4VcHz43vVphhKN6l3gl
rdeI/sSddEc7Y7q0JCZAuNGIpPXGiJ0cV5LOxixvnEibPNoVE1r8j+HVM4qoKOYgdxkhfW265Gf1
HiCriLABALBRKI3IRPw28wnMVkSVNnMiJFKrsObFfMV+OJdGJ4LM5AcHt0zdalgnqEzXJ6ZX52NK
6JO03GYSzHhyfU3TUSh1s5DrwxUZOmDTs2Px1VVW4FwnDWutK5OpJSn+XG9WWOU276ZTKfTgOGMT
VvSYLn1m01PDK1PfNUa4uwxkGQEHAAA2CmxUgq0T8mgo5m63IWl1Cg16l6Qam7uYdt3467PQMEy1
UZJISFKL6bW8mlQ6hef6mqajUOpmodeHnfJqIOZn6ZLUlMFQDbnXbbrVZ/Neui2F96gkfdtm/z7T
pe5MzAtkevQPm4BtjiLamNY0pgCSRYgIAIANJ9zj7UeHSwAAIABJREFUDUo6KrcaYj6or1RYXyii
i0k0qBsV0oyYu5gRja50MV6dwrohptEekfRrs1iX4wwp8JjR65HMVEQ/iFntpFIR1Sqc8mSg8RyX
W0dMt25JMMFlIrm8pukqhLqZTn2INVYfxq+Uk8n6MCxD++XR+phhSwsU1hKFdYyhAo71penWPTG9
qmqNsG5VWPuTeJ8tU0g32/yOOJjBOvE3efXPiqgs5nfBaiOkTtNN/QOyhB4cAIBpKvFt8HCB3CWf
yBemJ6b5JpXI1MMaUfEEr3G+wrrTsN5NPCW3emM+Iqy0uet9xnSrRy5dkZHU11m5dc6m+3dDmmFE
PC2GL+lGtp1cXdN0TVw3s195nVIfdpleXYq57oasK13AWfbJq4DN+2mjhrVigp4ci4ywHjBGLL8h
Bq4GYplySS61mNZFpl2S7jNGLCEogMygBwcAADYK4S55Mr6RS23y6q6YJnmNEdYPNKTdplcH5VZo
3Mf5CkW02ghrtUZUEnO8iKRPYz4e+DR6xz7WsTQa7MfltqxScrPC8siMKuNkDJiGPpNXm2yChmTk
4pomUmZGtCDBpThvyGYAjHTZNGy77qd6fDtBc3QiVynz9WFezKvJZH0ISWoz3doYc7d/niJqUEjt
fBR2pKCkv5lePWoMR9U6r6QHjaCWmGG1y6MT43pJLFBYqxTSLbLOHWPK0EfyWYanTdYheXSzIpbQ
pVwR3W8E9SeTCW+BTOO3OgAANiJXF87I7Mfd7PjE9OpbhnVFixtkapMR1EZJQ3IpJMknU6Uy476u
z+VVd0wX71VGyNJoD2l0ic5Ub0IelEe3y5Br3BOLZarBCGuvmbmPJfvl0TKFVZtmVJXta5rIxgS9
C0xJfXGu+VG5k1ohJNHx47lguPSfV19DpuvDOoWyWh++kFdrbIbU3GmEdND02IZFKHzH5dZu06M7
Y3oTGZLqjbDqFVZEhoZMqcgYncQ2nn1y2y43nAl/N72qMSKqiKlpSxXWrQpltNcIAIaoAAAQl1OG
qUjSH01f3HkLvBq9Y3iDIpqRoCHeLo8+M61Tci6zCQm65dZACqsNjLkoQ6dtViqpNzPfZ+Yj0zup
6fyyeU3TVQh10mn1ISJpt01YcoMilmWF4Szb5dNnNhMLj3HJVKlhxg03TEl75NEHGVi+OZ4hGfpb
nDLebQRVScQGZBQBBwAAcThlmIo0OqHiO2aR9pmeFNcSGO3u/aHp1TabD/lViqja5kp0TOJup91Q
hm8Z4ZSXYp3IN3Jpb0prqETL1jWdjHzXSafWh/3yqMcmSGk0Qhlbvhf5sUNebTOLkpoAeLwBGfrA
9OmjLIYbYzrl1l6bnholkh4gZAMyioADAIA4CuFueSpCkv4mn940i3VIbssSmeOZMnRBLu2RR6+Z
JWqLEwQ0KGT5sBCUdGgSKwAckkexU/y5JK3OQvP9U9Nr27BNVjau6WTku046uT7sNqw/jzKZliEO
cJ6DcutXZpE+k1dn5YrbJ8KUoV65tMv06P8xi7Uvh8NDWkyfztn8LqoxwrqbSW+BjDFmVSx02Me3
yUjhpZoTPSPVy2azvxnv0fjHvmV5bYrnBQDYm/j3eJFLKnf4rYAFRlizTGnG1W7aw6ahK5JOy2VZ
XSLTPFVzbLeHenuyet5sy+c1DUSk4aQ6Njhh9hggO2YpomrD1AzTVLFhasg0dFmGzl4NIYFUHDrc
dfVfyfxeNWz+Fe+p6fyetn+OkfjhlI7ldMxqAwBAHCNT4BbAybGhA1PgtRSKfF7TqVAngWy7KJcu
jr1XeM8A0woRJgAAcUTM/A8JAMaEzdE6CQAA7BFwAACQACOjUSjovQEAQGIEHACAaSj5liKNShSK
1MI2Ku7/397dR1lS1ncC/1XVHZgZQEVeBBlxBpUX5ZyNyEayKouYgIhCeMmb7knYAEIgARYQTDTZ
NTm+gm8kRwQCm92TbHYTOAooiGfVmCUiCsY9QUDPBsZANBF5GZiZnpm+VbV/3L6Xnpme7ntv35eq
ez+fc5rp6blVt5qufuqpb/2e5wFg+piDAwAWMVuExwF9qvtkolUzO9hVdAFg4uiyAcAiijAPB+OX
l7HLpS8BgBYBBwAswTAVxs05CABLE3AAMIV6W/vdRKOMW+/nYG/nOABMAgEHACxha2HKRsanjNY5
CAAsTsABAF3YKuFgTJx7ANAdAQcAdMETdMbFuQcA3RFwAEAXZkurqTB6eWmCUQDoloADALq0zY0m
I+acA4DuCTgAoEvmQmDUnHMA0D0BBwB0qVm2PmAUnG8A0BsBBwD0wBN1RsW5BgC9EXAAQA9migiL
WjBsRbTONQCgewIOAOjRFjeeDJlzDAB6J+AAYEolfW85U0QYPcCwlLHc6o3+z20AqDMBBwD0qAxP
2BmeLQI0AOiLgAMA+jDjDpQhcW4BQH8EHADQh6JUxcHgbSla5xYA0DsBBwD0yZN2Bs05BQD9E3AA
QJ/y0lKeDM5M0TqnAID+CDgAYBk2uSllAPKydS4BAP0TcAAwxQaznOZmN6Ys0+DOIUvEAjC9BBwA
sExby4htqjjo07aydQ4BAMsj4ACAAVDFQb+cOwAwGAIOAKbcYEr6m6UbVXq3uWidO4NheAoA003A
AQADstmEo/QgF4oBwEAJOABggDa6YaVLzhUAGCwBBwAMsLR/1nKfdGFT0TpXBsfwFAAQcADAgM0U
VlVh17aVrXMEABgsAQcADMHGPMI9LDsqonVuAACDJ+AAgCFwI8tCBF8AMDwCDgCIiGHMYbDNKhnM
s3loQ5fMvwEAEQIOABiqzUXEVvNxTL2twi4AGDoBBwAM2XP5oFfMoE5my9Y5AAAMl4ADADqGV+r/
bB7RFHJMnWbZ+tkPj+EpANAm4ACAESgj4rkiIhdyTI28bP3M/cgBYDQEHAAwIm54p4dACwBGT8AB
ANsZbsn/8IcsUAWjGZJkeAoAzCfgAIARM+nkZDOpLACMh4ADAHYy/CfjW8uIDbnhKpOkjNbPdDTL
AqveAIAdCTgAYExm50IO8zTUXz73s1S5AQDjI+AAgAWN5gl5e04OS8jW1+h/hqo3AGAhAg4AGLM8
PP2vq04VzrgPBAAQcADAro3uSflo529gEMYzj4rqDQDYFQEHACxqtDeUz+URm4uRviV92FyMYyUc
4QYALKYx7gMAALa3uWjN57Bn5klE1RQRsTGP2KbSBgAqR78JAJY0+ifn28qIZ5pupKtkvD8T1RsA
sBQBBwBUVBGt1Tk2GbIydpuK1s/CjwIAqssQFQDoShKjnk6ybaY9ZCWNyDzIH6m8jNhYjHuFGz90
AOiGgAMAamC2jHg6j1idtj4Yvs2FCV8BoE4EHADQtfFVcbRtLlrLk+6RRuzmwf5QbCtbQ1LySsx/
4ocMAN0ScABAzeRlaz6I3ZNWNYdhK4ORl88HSABA/Qg4AKAn46/iaNtaRmw1bGUgqjkcRXIFAL0Q
cABAz6oTckTMVR0UESvTiFWCjp7MFBFbioh83AeyE+EGAPRKwAEAEyCP1rwRM/OCDrfICyvj+WCj
ckUbAEDfBBwA0JdqVXG0FdGq6JgpWiHHyjRCUUdLEa1QY6ao4k9uPtEUAPRDwAEAfatmyBHROqr2
vBKr0taEpI0pvW9ulq35SmZqUa4xpT8kABgAAUfNbJudjd1WrBj3YQDQUd2Qo22miJiJVsCxe9Ja
XnbSV17Jy9Zyr1vLVsBRDxP+QwGomW2zs+M+BHok4KiZTRu3xG57CzgAqqX6IUdE60a/WUZsiogV
ScTuc5Udk3JbXcbcyjJFxGz1fxw7mJSfAsDkeO65mXEfAj0ScNTM0888F3vvvde4DwOAmpstI2bz
iI3RCjlWzH3UrbIjL+e+l7lqDQAYlA0bNo77EOiRgGNkFni618cDvy1bZuOpp56NF7/4BYM6MAAG
oh5VHAvZOi8cSOP5sKOKgcf8QGO2nJRVUCr2PxmAeOqpZ2PLlm3jPgx6JOCooX/9yTMREUIOgMqp
b8jRVsTCgUfW/ojWn8O+JS+jFWbk7T8nKtCYT7gBUDVPPvVs/ORfn573FW11XSQvfNHaevfEetLD
t1outUU//9sW2GbB9+lm32WsXLlbvPCFe8Zee60y8ShApUz+pTWN7UOPJCKSueBju495YUgZEWU5
9+f8j7mvzQ8zJi/IWIgOM0BVbJudjY0bt8Qzzzy3QOVGt+11ssBnu9q8n2vAwtski/9zT/uqOwHH
Ei+tbsDRw+um6CcM0J/uG8phvLLn1y55jepPf9eiAR5Inx2zQXfRtu8o9rL3wb+2t+9tMjurAEO3
ZPMp4KgLQ1RqrctS6F2du4IPgDndDy0Zxiu3r3Ho4rVzu+5uq+4b+/mXi3KHv3W94VANItTY9ZZL
d0Z73+dyXi/cABiwvprKZbavmueREnDU3jLGe/fQdwWYfFWYP6OHY5iXbiwedPQSnuy81fy/dbeH
Xv8fLt3zG0zfcBjBRl8bDEEVjgGgopbVRGpf60bAMREG0Cn3uwvQtd6qOHaw5IY9tunJ80NWlg46
lnet6LbuoNe6leFboqR3uy8MeJhJn9+kyzJA3Qxv6CTdE3BUUj+d0Co8eQSou+EMQOl9wx6HtyQR
8+fm2HXQ0V81R6+q07EbVrDR5etHEm5U5/82wOTQttZVOu4DoGXnX6F+J51pfwDQn+7b0L5b2642
7OOGe/6SJYvuYZKvF4t/bzsNR0n6+f8g3ACYXIOb/JPRU8FRIWowAKqiSpUc0eM7bF/RsfQeJmFC
ph7n8eirYqOHbYQbADU14LZVUz1yAo6JtdhvU107sACj1FslR28ta1eTZizrHVpBx/PryXb3VnUK
O/pYiSRZ8KuDe7+Fx74Mau8ADIxWd1IJOMZthz7raKo46tSBBZhE/TT+/c7PFAsGHbHk3nbs/I37
erGMsGBZwUaX2y0j3ABgFLTL00DAMfX8ogMsblhDVfoNObo/pp22mxd0zN9bd3tc6HoxrNCj92vT
gluMIthY8GXDHGziug1QLckif+tuGwZHwDFSvXZ/RzPbPQCLGeZ8HDu0813vYLlBx7xt+wo7djyO
8RhOqNHjtguPgRnGO/W1fwBGRys9fgKOKjC7KEDF9RZyRNevXmD/Pe1gOUF4d2FHv3sfhl12HAcS
avS4/UirNvrbAgCmjYCjKhbtO0tAAMavt7Z4NENW5r84en7HnbafH3bM+3RcgcfSgcairxrEO3X5
cuEGAFSBgKOCxBkAVVXlkKO9QfT8rgvvI56fs2OHXfZyu73jkfR9qz7wUKPP/Qg3AOhIFviMcRJw
AEBPRhFyRPQ3ZKX/d138WNqfLrLPXfxT1x2+RV84jG7jaKs2RrUFAKOyRButCR8LAUdF7dyfVdcB
UB29hxzR0xYLvEfPOxnGRNWL9Na2+6du33Mcvb/lBhu976O/71LPGKCaxtU+uy50Q8Axcot0ipfs
Lws5AKpj2QNQutwiYjBBR08bLVPVOmGDGIrS336EGwCTT6tdHQKOvo0mbNj5XSwdC1Adowg52ltF
LC/omL9RzxvWUJ/dzQEFG6PeCoBR6LKNHvmwS9rScR8A/fKLAVANo5xZYYEtlzVrZ/tjUizzexJu
ALBLC7fRWu5qUcFRNQs82tv10z7VHADVMKpKjvaWEcuv5lhon8vayZgMoGs5wGCj/y11kQGqq4dw
Q3M+VgKOsRh0R9jcHADj13vKsLxcYhhBx/ydTAHBBgCLqlEbXaNDHSYBRxXtIq9YOuSIRV8BwCiM
spqjvfUuvjTUS8KwrzdD7KkNYdfCDYBJs3gb3V9Grt0fNgHHrsz1NqtWG7H08Qg6AMZvIOulDOYw
2gZ+Wei2k7bjG4+pczektx11vQcAw9Rd26wFry4Bx9gs0fldzmqynVfNJ/AAGK3+n+kPpsVeYEKn
XfzTcI2xGzjkWex1cAEmQfetucVRqk/AUWXLDjl23GI+gQdAVQ2mmmORRGNSLwkjKg3WhwWoqyHV
3XW1W1ePURBwLMtyn7N1sf0SIUf0fQR+wQBGq/fWenAt9RLlGxO9iEpVrndVOQ4AelH1y4yry/YE
HHXQxWiWWPwlAIxdVWZ1moCwo+q9zZ1U7XgAWMpgizKWex1wHemWgGPsuuzwdlns0VbVPinAdKtK
yNHWQ9ixkGF9K33146ra+avqcQGwo55a7JGFG/RCwFEnPfSLJ3V4NUD9VS3kaOvjyjHWPlsdOox1
OEaA6TZRmToCjuUbREe1j+Six7f0OwhQJYMdXDicuGShK8e4gpnRXMWGM+cJABOj5+bd9WDUBByL
GelDth7fzMQbABNgsOulDP+S0EtHbamjqU6nT7ABwKLGWubh2tILAUcXRpdz9PFOJt4AmAB1Czq6
Uf0OmWADgEX13byP+LrgMtQh4BiIQUYgy9iXiTcAam6wQcfy9zR5BtsH1KMEmCgDadZHd21wFdqZ
gKOSBhSY6OEC1NTggvNpz76H1/nTrQSovYE35YPeoWtNr6Ys4OhzCEhXmwx6IMuA9+d3A6BmhjPg
ZBqy7+Fe8lxQAViI60MVTFnA0b/xLOpXrdHUAIzD8K4FkxR2DL9bqeMKwK4M4xqx+D6TnT4hQsBR
E+OJVwCokuGG3nUbymKEMwDj5xpRNQKOgRpmEKGaA4CIUV0PluqyDftqNP4u4/iPAICqGvY1ou77
Hx8BRzfmcotq1FFMUkExAP0bb+ek23ff8Uo1uV0qACZfNa5ihqfsmoBj4EYZgwg7AKg2fS8A6m3U
VzJXzuWYwoCjzwCipyqOcdR61G30NAAAQNUIGOpsCgOOaeEXE4A2oXeLayMAVbb0dWr5w1Mm+1oo
4OhDdas4AGAh01rlN9mdOAAmiWvWIAg4etFzZiHkAKCKJnkOJx1EAOqmu2uXyUWXlo77AMZj+WdE
93tw9gFQZcm8j7qahO8BgOnk2jVIKjh61VdRhkoOAOpgsU7WuK9jOoAATK/BVG9M/rVUwLEMvcUW
Qg4A6qzbTlGv17rJ72wBwMJ6HJrCkgQc/eg7qxByADDpdMMAYHF9XitdYpfU2LbtuXEfQ32V2/3R
+4YAAABMkd5SimSXf2EhUzrJ6GD1fp45MwEAAKaLcGPYBBzLkSz4aQ8bO0sBAAAmn3BjFAQcy7Ws
kKP/rQAAAKi6ZT7YdrvYEwHHIAwk5HDmAgAATIb+7/EGsyTsdBJwDMqyQ472ls5iAACAelrePZ27
weWxTOyQLG9B2PmntRVXAAAAqm150cROW0s6+iLgGKT2SVg+/9flxxPCDgAAgOoZTAoh3BgcAccw
zEs2BhNyzN/xfAIPAACA0Rh88iDcGCwBx7AMLeTY8U3mE3gAAAAs3/CTBkvBDp6AY5h2CDkihh1B
+K0AAACoMlUbw2MVlWFLdv6r8xcAAGC6LHgv6OZwoFRwjMIC5RujqegAAABg3AQboyHgGCVBBwAA
wFRYMMMQbAyVgGMcBB0AAAATaZcZhnBj6AQc47RI0LHDlwEAAKgooUY1CDiqYBflGwv9Lgg9AAAA
xmvJ3EKwMRYCjirponxDhQcAAMBodZVXCDXGTsBRVV2Ub/j9AQAAGBM3ZJUj4KgT5RsAAADjIdCo
PAFHXfnlAgAAgI503AcAAAAAsFwCDgAAAKD2BBwAAABA7Qk4AAAAgNoTcAAAAAC1J+AAAAAAak/A
AQAAANSegAMAAACoPQEHAAAAUHsCDgAAAKD2BBwAAABA7Qk4AAAAgNoTcAAAAAC1J+AAAAAAak/A
AQAAANSegAMAAACoPQEHAAAAUHsCDgAAAKD2BBwAAABA7Qk4AAAAgNoTcAAAAAC1J+AAAAAAak/A
AQAAANSegAMAAACoPQEHAAAAUHuNcR8AMHppmkZZllGWZedrSZJs93eAXqRp65lJEknkRd7VNlma
RRmtdqcoiqEdGwAwHQQcMEWSJIk0STs3H7ut2C3SNI1ts9uiKIpI09RNBtCTNE0jS7No5s2dQtMs
zSLLsk74URRF5HkeeZFHWZadtihJkljRWBF5kWuDgJ6025p2O1M1RVF02jxg+AQcMCXaF/68yOPl
Bx8c559/Tpx55i/GXnvtGd/69v3x4Q9dHfd8816VHEBX2oFpURYx25yNVStXxcEHr4nDjzgs/u3R
r4tDD31lHHLI2th3331jzz33jIiIjRs3xk9/+tN45JH18YMf/L/49n33x8MPfT8ee+zx2Dwz07lR
KcpCOwQsKUmSiIho5s2I7grHxiJJEv0rGJFk1ep9/KbBBJv/5HT1qlVx9tlnxSWXXBgHHnhA50Kb
JEk8++yzccYZ74q/+8Y9KjmAXWrfUERElGUZh6xbFyeddEKccMLxcczPvT72mgszuvXcxo3xzXvu
jS9/+atx551fjkcefXSn9wDYUTsw2GP16njHO94Wa9e+PLIsG/dhbSfP81i//odx++13xKbNm4Uc
MAICDphQ7Seh7bLItxx/XHzgA++Po476mYhoXXSzLGuVied5NBqNuPPOL8cZZ75zvAcOVNb8wHTN
moPi4osuiNNOOyVe+tIDO69pNpvPz8cxF1S0/2x37Nt/FkURjcbzxaQ//vG/xOc+d1t8+tOficce
f3y79wNoawcFRxxxeFz32Wvida977XbBaJWUZRnf+c53493n/U489NDDQg4YMgEHTKD5NwWveuUr
4oorL413/tovR5Ikked5q7R8gbGqGzZsiHXrXhNbtm4Z9SEDFdeu7Nprzz3j3e/+zbj88ovjhS98
YUS0AtOyLCPLsp5vMtoha5IknaevGzZsiKuv/nRcf/1N8dzGjarKgI52QLB61ar40pdujaOPPiry
vDV/T9VygySZm6coy+K++74TJ554asxsmRFywBAJOGCCzA82XvSiF8U5Z/9GXHjhefGSl+zfWTVl
sUm4Zma2xJo1r4yZLQIOoKU9drwoijjyyNfENZ++Ko455me3q8Zov2Y52m3U/KqPb37zW3HRxe+J
Bx743oKrPwHTp5E1opk341d/5cy46abPRp7nkaZppSs4iqKILMvi7LN/K/7yf/5153sABq+a0w0D
PWmvYlAURRRFEW9/+0nx5btuiw984P2x//77LVq1saP2rUNVOwrAaLXbljPPOC2++IVb4phjfjby
/PnVTwZ1Y7HjvvI8j2OO+dn44hduiTPPOK01nCUzNzpMu3ZfZt26tRHReqhT5T5LOyCOiFi79uUR
EZVd8QUmgZ4C1Fx7xYGiLOKIww+L973vijj99FMjInYq+wboRXv51/POOzuu+tgHo9FoRLPZ3G7e
jGFot1vNZjP222/fuOmma2OffV8c1113Y2duIWA6tau40iyd+/s4j6Y77WN8/phrcNBQUwIOqKl2
uXZe5LHPPvvE+eefE+efd3bss8+LO08K+gk2XHSBiFYbkxd5nHfe2fGJj3+k8xRy2OHGfI1Go/Oe
n/j4RyIi4rrrbjR+HQBYkIADaiZN00gi6TzBPP20U+P9v39lHH7YoZ0hKkofgeVoV0mccfovxlUf
+2AnUBhH29IOc5Mkiauv+lA8+dOn4uZbPqeSA6ZcHUPOOh4z1I27IKiRLM06VRtHHvmauOXm/xF/
/uc3xmGHvqozJl64ASxHOzg48sjXxMc//uFoNBqd4W7j0l4BKsuyuPrqD8WRR74m8iKPLDX8DgB4
njshqLj5E++1h6P80R/+QXztq3fGSSed0FlVIMsy4QawLO12Zs899oirr/pQ7L//ftFsNisxj097
To79998vrr7qQ7HnHntEXow3eAEAqsXdEFRYO9hozxD+H971q/E3X/tSXHbZRbFq1crO1wUbwCCd
ffZZceyxb4g8z0c658ZS2tUkxx77hjj77LPGfDQAQNW4K4KKaocWRVHE0UcfFbfffnNcf/2fxLp1
LzccBRi49jwba9YcFFdccUlEVLONaR/TFVdcEmvWHNSZnwMAoHo9F5hyaZpGmqZRFEUceOAB8fGr
Pxx3fem2ePNxxxqOAgxNez6Liy+6IPbee+9OhVjVtKva9t5777jk4gsjIszFAQBEhIADKiNN08jS
rLUKSpLGOeecFV/76p3xW791buy++26GowBDk6ZpNPNmrFu7Nk499e3jPpyunXLKybFu7dpo5k1t
IwAg4IAqaK+OUkYZb3zDv4u77ro1rvn01XHQQS/trF6g8w4MS7sC4pRT3hZr1hwUzWa1A4M0TaPZ
bMaaNQfFqaeeHBGqOAAAAQeMzY6roxyybm1c8+mr49Zb/yp+7udev91wlCqWiQOTIUmSmG3Oxu67
7R7HH//vx304PXvzm4+NlbuvjNnmrLYSAKZcdaZGhynSftKYF3nstmK3OP/8c+Liiy+IAw88IIqi
aA1TmQs/AIapPbnoK155SLzxjW+IiKjEsrBLaR/jG9/4hjjkFeviwQcf6nwvAMB0UsEBI5alWeRF
a9jJm487Nr7ylS/GRz7yh3HAAS+JZrNpOAowFkccflisWrWy0w5VXZIk0Ww2Y9WqlXHE4YeN+3AA
gApwFwUj1B6OcuirXhmfufZT8bnP/a943eteG0VRRFmW0Wg0anFjAUyOoigiIuLoo18bEVGrNqh9
rO1jb38vAMB0MkQFRqBdNr1y95XxO79zflxwwbtj//33izzPO8NRAMYliSQOP6JVBVHHgOOwww+N
JJIow/AUAJhmAg4Ysna48YIXvCD+4i9uirccf1zkeR7NZtMEokAlNBqNOPhlL4uIegYcBx/8smg0
GjHbnB3zEQEA4yTggBH57QvPi7ccf1xn+cU6TOIHTIc0TWK//fYd92H0bf/99os0rU8wAwAMh4AD
hqwsy1jRWBG/8itnRkSo2gCqJ0li9erVc5/Wp31qH+vq1asjanTcAMBwGPgPI5Blaey774sjol43
D8Bka7dHdW+XDE0BACIEHDAS27bNxoMPPhwREXmej/loAFrKsjUpZ1EUsXHjxu2+VgftY920cVOt
jhsAGA4BBwxZkiRRlEX88Z9cGxERaZrG7OzBZ6f+AAAKG0lEQVSszjhQGUWex5NPPjXuw+jbM89s
iEJ4DABTT8ABQ1aWZSSRxK23fiEuuviyeGbDhlixYkUURRFFUYz78AAiz/P4p396LCLqWcHx2GOP
q44DAAQcMAplWUaaZnHD9f81fuEXTo6//Mu/imYzjzRNoyxLQQcwVmUZ8fDD3x/3YfTt4Ye/HzXK
ZQCAIRFwwCgkEWVRRpql8b0HHopzz70gTjn1zPjGN74ZSZJEmqbRbDZr9eQUmAxJkkQkEd++7/6I
qGcFx333fyciqf9kqQDA8gg4YFSSiLKIyBqNiEjib79+d5xw4jviwt++JB59dH00Gq1Vm5VZA6PU
DgUefugHsXnzTGRZVouQoyzLyLIsZma2xEMPtqpPBBwAMN0EHDBKSWu1grJsVXOURRE33fjf481v
PjE++rGPxzMbNnRuLgxbAUahHWb84yOPxN13fyMi6hG0to/x7ru/Ef/4yCMRUa/qEwBg8AQcMAZl
tKo5yjIizdJ44okn47/85w/Gz//82+Kv//qWiIjOsBVBBzBMZVlGlmaxdeu2+OrX/iYi6lEJ0T7G
r3z1a7F167bI0npUngAAwyPggHFJIiJJoixaf2ZZFg89+P349V8/J97+jtPj29++L7Is6wQdAMNS
lK0g9bZbvxiPP/7PkWVZpcPVoigiy7J4/PF/jttvu6P1tbK6xwsAjIaAA8YtibkhKWUkaRpJksZX
v/L1OOHEU+KS//Se7ebnaA9vARikdhXH+vU/jNtu++K4D6drt99+Rzz66HrVGwBARAg4oDqS9vjx
JNIsjW1bt8X1190Uxx//1rjq6k/G5s0znWVlVXQAg9augPjUp/44nnr66UjT6nYR0jSNp55+Oj75
yWsiQvUGANBS3d4LTKu51VYiIrIsi5/85KfxB7//h/GmN70lbr/9jmg2m9FoNCLPc08sgYEpyzKS
JI3HHv9RfOyjn4iIqGSY2j6mj330E/HY4z+KJEm1hQBARAg4oJqS1kSkRVFGJEkkSRoPPvhQ/PIv
vyt+7Z2/Efff/53IsiwiWjclOvfAQCSt6YFuvOm/xd/+7d3RaDQqFXK0A96vf/3/xJ/e+GeRRLQO
GAAgBBxQbfOGrSRpFlmWxR1fvCveetKpcdHFl8WPf/wvnZUEqnQTAtRTWZaRZY3YuHFTXHb5e+OJ
J57oVIyNW57n0Wg04oknnojL3/O7sWnT5siyhoAXAOgQcEAdzD2hLIoyskYWmzfNxA3X3xSvf/2b
4tprb4hNmzYbtgIMRF7k0ciyeOCBB+PSS6+MPM8jy8Y7iWcreMmi2WzGpZdeGQ888GA0sizyYvzB
CwBQHQIOqJMkiSJv3WQkaRpPPvlUXHrplfHWt74jbr3tC5EkSSRJMrcqi0n3gP7kRRFpmsXNt3w+
Lrv8vXPzcyRjaVeKoui0a++54vfi5ls+H2maRa6NAwB2IOCAupmbnyPKJCJJI03TuP/+78a73nlW
/NIvvSv+4R++F0mSRJqm0Ww2VXQAfSmLVtXEdZ+9MS69rFXJ0W5XRqXZbEaappHneVx2+Xvjs9f+
aauapNCuAQA7E3BAXc0NWynLiKyRRVlG3HHHXfGmY98SV175/vjRj34cjUYjIqIS4+eBmkkiiryM
xopGfPbaP42zzjp3uzk5hhmelmW53ZwbZ511blz7mRuisaLRqmIzsShMvXZFWVKD9iDpDDVWeQbD
JuCAukvmVluJiDRLY3bbbFxzzWfiuONOiGuvvSG2bNnaWXHFhRXoyVzIkWZp3Hzz5+Pkk0+Pe+65
d2irOM3fX5Zlcc8998bJJ58eN9/8+UizVLgBdNqIRx/9YZRlGWla7aWi5x/j+vU/7HwNGI5k1ep9
/IbBpGiNXemMVy/LIo466rXxe793RZx88lsj4vmS7zTdOd98ZsOGWLfu1bF169bOPgCijEizJPJm
HnvsuTp+8z/+Rvzu714ee++9d0REp6Ijy7LOyk5d73quWiNJkk5w8vQzz8RHPnx13HjTn8WmjZsj
a2TCDSAiotM/WbVyZdx1161x9NGvi2azWdmHOGmaRqPRiPvuuz9OPPHUmNmyRR8LhkjAAZOojEjS
JKIz2WgZp59+arzvfe+NV7/68M4kpO2biWazGY1GI+6888txxhm/Vo96T2C0tmtX8ljzsjVxycW/
Haeddkq89KUHdl7WbDY78wC1tUOP+R36oiiiLMvOULqIiB/96Mfx+c/fHp/81B/H4489HmmaRSRJ
a84NzRIwJ0mSKIsiDj/i0Ljhhs/EUa/9mZ7D1VEpyzK+8/ffjXPPvSAefugHkVS84gTqTsABEyyJ
JCIpoyxaZd977Lk63n3u2XHRRRfEAQe8pHOBTZIknn32uTj99F+Nb9xz75iPGqiyJCLKKCPKMsoy
Yt0ha+NtJ50YJ5zwlnjTm94Yq1at7Gl/MzNb4u67/y7uuut/xx133hWPPrJ+LmOdWxVqGN8EUHtJ
RBRlEXvssTre8fa3xbp1axesTh2nPM9j/fofxu1fuCM2bdocaZJq02DIBBwwDcpy3pPXMl6+9uC4
8ILz4rTTTom99tor7r33W/HBD340vvXt+yNNstbNC8CulBGRRKRzS8eWZRkrV+0e69atjde8+oj4
mdf+mzj0Va+KV7zikNh//31jjz32jGazGc8++2w888yGePTR9fH9H/wgvvv3/ze+9+BDsX79D2Nm
Zksk0ar8KMqy8x4Ai2rP3VPV9qKcq2KraIUJTBoBB0yLufLyJNqrqpSxYrcVkaZpbNs2G2VRRlKx
Jx9Axc21K2mSzFtZZa5bkSSRZWlkWdaZYK8oiiiKIvK8aC0B1XphZ/6NoiwNRwG6V7ZygzRLI02q
2YcpyiKKvGg1edo2GDoBB0ybuRuSsiiiLNsTciWRZpkbC6A/czcZrf88PywudlkN1go1kjSJiKQz
3EX7A/Sl6ncz2jYYmcbSLwEmStKe6C+JZN7TDuEG0LekvYjT3NCSSDrzaOx435HM+6wsIiIpd/wH
gN5oP4A5Ag6YVknnPwCDk2z/iVYGABiVag5WAwAAAOiBgAMAAACoPQEHAAAAUHsCDgAAAKD2BBwA
AABA7Qk4AAAAgNoTcAAAAAC1J+AAAAAAak/AAQAAANSegAMAAACoPQEHAAAAUHsCDgAAAKD2BBwA
AABA7Qk4AAAAgNoTcAAAAAC1J+AAAAAAak/AAQAAANSegAMAAACoPQEHAAAAUHsCDgAAAKD2BBwA
AABA7Qk4AAAAgNoTcAAAAAC1J+AAAAAAak/AAQAAANSegAMAAACoPQEHAAAAUHsCDgAAAKD2BBwA
AABA7Qk4AAAAgNoTcAAAAAC1J+AAAAAAak/AAQAAANSegAMAAACoPQEHAAAAUHsCDgAAAKD2BBwA
AABA7Qk4AAAAgNoTcAAAAAC1J+AAAAAAak/AAQAAANSegAMAAACoPQEHAAAAUHsCDgAAAKD2/j8Q
aTWDrexMvwAAAABJRU5ErkJggg==
" width="800px"&gt;</msg>
<status status="PASS" starttime="20230124 18:25:03.302" endtime="20230124 18:25:03.898"/>
</kw>
<status status="PASS" starttime="20230124 18:25:00.526" endtime="20230124 18:25:03.900"/>
</kw>
<kw name="Fecha App" library="base" type="TEARDOWN">
<kw name="Log To Console" library="BuiltIn">
<arg>-&gt; Fechando App...\n</arg>
<doc>Logs the given message to the console.</doc>
<status status="PASS" starttime="20230124 18:25:03.905" endtime="20230124 18:25:03.910"/>
</kw>
<kw name="Close Application" library="AppiumLibrary">
<doc>Closes the current application and also close webdriver session.</doc>
<status status="PASS" starttime="20230124 18:25:03.912" endtime="20230124 18:25:07.299"/>
</kw>
<status status="PASS" starttime="20230124 18:25:03.903" endtime="20230124 18:25:07.301"/>
</kw>
<status status="PASS" starttime="20230124 18:24:15.596" endtime="20230124 18:25:07.302"/>
</test>
<status status="PASS" starttime="20230124 18:24:14.865" endtime="20230124 18:25:07.307"/>
</suite>
<statistics>
<total>
<stat pass="1" fail="0" skip="0">All Tests</stat>
</total>
<tag>
</tag>
<suite>
<stat pass="1" fail="0" skip="0" id="s1" name="Alarmes">Alarmes</stat>
</suite>
</statistics>
<errors>
</errors>
</robot>
