<?xml version="1.0" encoding="UTF-8"?>
<robot generator="Robot 6.0.1 (Python 3.10.2 on win32)" generated="20230128 00:31:37.680" rpa="false" schemaversion="3">
<suite id="s1" name="Testcases" source="c:\_Projetos\Clock\testcases">
<suite id="s1-s1" name="alarmeTest" source="c:\_Projetos\Clock\testcases\alarmeTest.robot">
<test id="s1-s1-t1" name="Alarme" line="9">
<kw name="Abre App" library="baseKeywords" type="SETUP">
<kw name="Log To Console" library="BuiltIn">
<arg>\n-&gt; Abrindo App...\n</arg>
<doc>Logs the given message to the console.</doc>
<status status="PASS" starttime="20230128 00:31:38.575" endtime="20230128 00:31:38.576"/>
</kw>
<kw name="Open Application" library="AppiumLibrary">
<arg>http://localhost:4723/wd/hub</arg>
<arg>automationName=UiAutomator2</arg>
<arg>platformName=Android</arg>
<arg>deviceName=emulator</arg>
<arg>appPackage=com.google.android.deskclock</arg>
<arg>appActivity=com.android.deskclock.DeskClock</arg>
<arg>autoGrantPermissions=true</arg>
<doc>Opens a new application to given Appium server.
Capabilities of appium server, Android and iOS,
Please check https://github.com/appium/appium/blob/master/docs/en/writing-running-appium/server-args.md
| *Option*            | *Man.* | *Description*     |
| remote_url          | Yes    | Appium server url |
| alias               | no     | alias             |
| strict_ssl          | No     | allows you to send commands to an invalid certificate host like a self-signed one. |</doc>
<status status="PASS" starttime="20230128 00:31:38.577" endtime="20230128 00:32:02.290"/>
</kw>
<kw name="Wait Until Element Is Visible" library="AppiumLibrary">
<arg>id=com.google.android.deskclock:id/toolbar</arg>
<arg>10</arg>
<doc>Waits until element specified with `locator` is visible.</doc>
<msg timestamp="20230128 00:32:02.976" level="INFO">criteria is com.google.android.deskclock:id/toolbar</msg>
<status status="PASS" starttime="20230128 00:32:02.291" endtime="20230128 00:32:02.982"/>
</kw>
<status status="PASS" starttime="20230128 00:31:38.574" endtime="20230128 00:32:02.982"/>
</kw>
<kw name="Clica no icone de alarme" library="alarmeKeywords">
<kw name="Log To Console" library="BuiltIn">
<arg>-&gt; Entrando na tela de alarmes...\n</arg>
<doc>Logs the given message to the console.</doc>
<status status="PASS" starttime="20230128 00:32:02.984" endtime="20230128 00:32:02.986"/>
</kw>
<kw name="Wait Until Element Is Visible" library="AppiumLibrary">
<arg>xpath=//android.widget.ImageView[@content-desc="Alarme"]</arg>
<arg>20</arg>
<doc>Waits until element specified with `locator` is visible.</doc>
<msg timestamp="20230128 00:32:03.239" level="INFO">xpath criteria: //android.widget.ImageView[@content-desc="Alarme"]</msg>
<status status="PASS" starttime="20230128 00:32:02.987" endtime="20230128 00:32:03.242"/>
</kw>
<kw name="Click Element" library="AppiumLibrary">
<arg>xpath=//android.widget.ImageView[@content-desc="Alarme"]</arg>
<doc>Click element identified by `locator`.</doc>
<msg timestamp="20230128 00:32:03.247" level="INFO">Clicking element 'xpath=//android.widget.ImageView[@content-desc="Alarme"]'.</msg>
<msg timestamp="20230128 00:32:03.362" level="INFO">xpath criteria: //android.widget.ImageView[@content-desc="Alarme"]</msg>
<status status="PASS" starttime="20230128 00:32:03.243" endtime="20230128 00:32:03.363"/>
</kw>
<kw name="Sleep" library="BuiltIn">
<arg>2</arg>
<doc>Pauses the test executed for the given time.</doc>
<msg timestamp="20230128 00:32:05.368" level="INFO">Slept 2 seconds</msg>
<status status="PASS" starttime="20230128 00:32:03.364" endtime="20230128 00:32:05.369"/>
</kw>
<kw name="Captura tela" library="baseKeywords">
<kw name="Get Current Date" library="DateTime">
<var>${DATA}</var>
<arg>result_format=%d-%m-%Y_%H.%M.%S</arg>
<doc>Returns current local or UTC time with an optional increment.</doc>
<msg timestamp="20230128 00:32:05.371" level="INFO">${DATA} = 28-01-2023_00.32.05</msg>
<status status="PASS" starttime="20230128 00:32:05.371" endtime="20230128 00:32:05.372"/>
</kw>
<kw name="Pegar o nome do test-case" library="baseKeywords">
<var>${NOME_CASO_TESTE}</var>
<kw name="Get Variable Value" library="BuiltIn">
<var>${NOME_CASO_TESTE}</var>
<arg>${TEST NAME}</arg>
<doc>Returns variable value or ``default`` if the variable does not exist.</doc>
<msg timestamp="20230128 00:32:05.373" level="INFO">${NOME_CASO_TESTE} = Alarme</msg>
<status status="PASS" starttime="20230128 00:32:05.372" endtime="20230128 00:32:05.373"/>
</kw>
<kw name="Replace String" library="String">
<var>${NOME_CASO_TESTE}</var>
<arg>${NOME_CASO_TESTE}</arg>
<arg>${SPACE}</arg>
<arg>_</arg>
<doc>Replaces ``search_for`` in the given ``string`` with ``replace_with``.</doc>
<msg timestamp="20230128 00:32:05.374" level="INFO">${NOME_CASO_TESTE} = Alarme</msg>
<status status="PASS" starttime="20230128 00:32:05.373" endtime="20230128 00:32:05.374"/>
</kw>
<kw name="Replace String" library="String">
<var>${NOME_CASO_TESTE}</var>
<arg>${NOME_CASO_TESTE}</arg>
<arg>(</arg>
<arg>_</arg>
<doc>Replaces ``search_for`` in the given ``string`` with ``replace_with``.</doc>
<msg timestamp="20230128 00:32:05.375" level="INFO">${NOME_CASO_TESTE} = Alarme</msg>
<status status="PASS" starttime="20230128 00:32:05.374" endtime="20230128 00:32:05.375"/>
</kw>
<kw name="Replace String" library="String">
<var>${NOME_CASO_TESTE}</var>
<arg>${NOME_CASO_TESTE}</arg>
<arg>)</arg>
<arg>_</arg>
<doc>Replaces ``search_for`` in the given ``string`` with ``replace_with``.</doc>
<msg timestamp="20230128 00:32:05.376" level="INFO">${NOME_CASO_TESTE} = Alarme</msg>
<status status="PASS" starttime="20230128 00:32:05.376" endtime="20230128 00:32:05.377"/>
</kw>
<kw name="Replace String" library="String">
<var>${NOME_CASO_TESTE}</var>
<arg>${NOME_CASO_TESTE}</arg>
<arg>\"</arg>
<arg>_</arg>
<doc>Replaces ``search_for`` in the given ``string`` with ``replace_with``.</doc>
<msg timestamp="20230128 00:32:05.378" level="INFO">${NOME_CASO_TESTE} = Alarme</msg>
<status status="PASS" starttime="20230128 00:32:05.377" endtime="20230128 00:32:05.379"/>
</kw>
<kw name="Replace String" library="String">
<var>${NOME_CASO_TESTE}</var>
<arg>${NOME_CASO_TESTE}</arg>
<arg>:</arg>
<arg>_</arg>
<doc>Replaces ``search_for`` in the given ``string`` with ``replace_with``.</doc>
<msg timestamp="20230128 00:32:05.381" level="INFO">${NOME_CASO_TESTE} = Alarme</msg>
<status status="PASS" starttime="20230128 00:32:05.380" endtime="20230128 00:32:05.381"/>
</kw>
<kw name="Replace String" library="String">
<var>${NOME_CASO_TESTE}</var>
<arg>${NOME_CASO_TESTE}</arg>
<arg>\'</arg>
<arg>_</arg>
<doc>Replaces ``search_for`` in the given ``string`` with ``replace_with``.</doc>
<msg timestamp="20230128 00:32:05.382" level="INFO">${NOME_CASO_TESTE} = Alarme</msg>
<status status="PASS" starttime="20230128 00:32:05.381" endtime="20230128 00:32:05.382"/>
</kw>
<msg timestamp="20230128 00:32:05.383" level="INFO">${NOME_CASO_TESTE} = Alarme</msg>
<status status="PASS" starttime="20230128 00:32:05.372" endtime="20230128 00:32:05.383"/>
</kw>
<kw name="Set Suite Variable" library="BuiltIn">
<arg>${NOME_CASO_TESTE}</arg>
<doc>Makes a variable available everywhere within the scope of the current suite.</doc>
<msg timestamp="20230128 00:32:05.384" level="INFO">${NOME_CASO_TESTE} = Alarme</msg>
<status status="PASS" starttime="20230128 00:32:05.383" endtime="20230128 00:32:05.384"/>
</kw>
<kw name="Capture Page Screenshot" library="AppiumLibrary">
<arg>${DATA}.png</arg>
<doc>Takes a screenshot of the current page and embeds it into the log.</doc>
<msg timestamp="20230128 00:32:05.672" level="INFO" html="true">&lt;/td&gt;&lt;/tr&gt;&lt;tr&gt;&lt;td colspan="3"&gt;&lt;a href="28-01-2023_00.32.05.png"&gt;&lt;img src="28-01-2023_00.32.05.png" width="800px"&gt;&lt;/a&gt;</msg>
<status status="PASS" starttime="20230128 00:32:05.385" endtime="20230128 00:32:05.672"/>
</kw>
<kw name="Get Current Date" library="DateTime">
<var>${DATA_ATUAL}</var>
<arg>result_format=%d-%m-%Y_%H.%M</arg>
<doc>Returns current local or UTC time with an optional increment.</doc>
<msg timestamp="20230128 00:32:05.673" level="INFO">${DATA_ATUAL} = 28-01-2023_00.32</msg>
<status status="PASS" starttime="20230128 00:32:05.673" endtime="20230128 00:32:05.674"/>
</kw>
<kw name="Set Global Variable" library="BuiltIn">
<arg>${DATA_ATUAL}</arg>
<doc>Makes a variable available globally in all tests and suites.</doc>
<msg timestamp="20230128 00:32:05.674" level="INFO">${DATA_ATUAL} = 28-01-2023_00.32</msg>
<status status="PASS" starttime="20230128 00:32:05.674" endtime="20230128 00:32:05.675"/>
</kw>
<kw name="Create Directory" library="OperatingSystem">
<arg>${EXECDIR}\\Screenshots\\${NOME_CASO_TESTE}</arg>
<doc>Creates the specified directory.</doc>
<msg timestamp="20230128 00:32:05.681" level="INFO" html="true">Created directory '&lt;a href="file://C:\_Projetos\Clock\Screenshots\Alarme"&gt;C:\_Projetos\Clock\Screenshots\Alarme&lt;/a&gt;'.</msg>
<status status="PASS" starttime="20230128 00:32:05.675" endtime="20230128 00:32:05.682"/>
</kw>
<kw name="Move Files" library="OperatingSystem">
<arg>*.png</arg>
<arg>${EXECDIR}\\Screenshots\\${NOME_CASO_TESTE}</arg>
<doc>Moves specified files to the target directory.</doc>
<msg timestamp="20230128 00:32:05.689" level="INFO" html="true">Moved file from '&lt;a href="file://C:\_Projetos\Clock\28-01-2023_00.32.05.png"&gt;C:\_Projetos\Clock\28-01-2023_00.32.05.png&lt;/a&gt;' to '&lt;a href="file://C:\_Projetos\Clock\Screenshots\Alarme\28-01-2023_00.32.05.png"&gt;C:\_Projetos\Clock\Screenshots\Alarme\28-01-2023_00.32.05.png&lt;/a&gt;'.</msg>
<status status="PASS" starttime="20230128 00:32:05.683" endtime="20230128 00:32:05.690"/>
</kw>
<status status="PASS" starttime="20230128 00:32:05.370" endtime="20230128 00:32:05.690"/>
</kw>
<status status="PASS" starttime="20230128 00:32:02.983" endtime="20230128 00:32:05.691"/>
</kw>
<kw name="Clica botao de adicionar alarme" library="alarmeKeywords">
<kw name="Log To Console" library="BuiltIn">
<arg>-&gt; Clicando no boão para adicionar novo alarme...\n</arg>
<doc>Logs the given message to the console.</doc>
<status status="PASS" starttime="20230128 00:32:05.717" endtime="20230128 00:32:05.719"/>
</kw>
<kw name="Wait Until Element Is Visible" library="AppiumLibrary">
<arg>id=com.google.android.deskclock:id/fab</arg>
<arg>20</arg>
<doc>Waits until element specified with `locator` is visible.</doc>
<msg timestamp="20230128 00:32:05.795" level="INFO">criteria is com.google.android.deskclock:id/fab</msg>
<status status="PASS" starttime="20230128 00:32:05.719" endtime="20230128 00:32:05.797"/>
</kw>
<kw name="Click Element" library="AppiumLibrary">
<arg>id=com.google.android.deskclock:id/fab</arg>
<doc>Click element identified by `locator`.</doc>
<msg timestamp="20230128 00:32:05.803" level="INFO">Clicking element 'id=com.google.android.deskclock:id/fab'.</msg>
<msg timestamp="20230128 00:32:05.862" level="INFO">criteria is com.google.android.deskclock:id/fab</msg>
<status status="PASS" starttime="20230128 00:32:05.798" endtime="20230128 00:32:05.864"/>
</kw>
<kw name="Sleep" library="BuiltIn">
<arg>2</arg>
<doc>Pauses the test executed for the given time.</doc>
<msg timestamp="20230128 00:32:07.870" level="INFO">Slept 2 seconds</msg>
<status status="PASS" starttime="20230128 00:32:05.864" endtime="20230128 00:32:07.870"/>
</kw>
<kw name="Captura tela" library="baseKeywords">
<kw name="Get Current Date" library="DateTime">
<var>${DATA}</var>
<arg>result_format=%d-%m-%Y_%H.%M.%S</arg>
<doc>Returns current local or UTC time with an optional increment.</doc>
<msg timestamp="20230128 00:32:07.871" level="INFO">${DATA} = 28-01-2023_00.32.07</msg>
<status status="PASS" starttime="20230128 00:32:07.871" endtime="20230128 00:32:07.872"/>
</kw>
<kw name="Pegar o nome do test-case" library="baseKeywords">
<var>${NOME_CASO_TESTE}</var>
<kw name="Get Variable Value" library="BuiltIn">
<var>${NOME_CASO_TESTE}</var>
<arg>${TEST NAME}</arg>
<doc>Returns variable value or ``default`` if the variable does not exist.</doc>
<msg timestamp="20230128 00:32:07.873" level="INFO">${NOME_CASO_TESTE} = Alarme</msg>
<status status="PASS" starttime="20230128 00:32:07.872" endtime="20230128 00:32:07.873"/>
</kw>
<kw name="Replace String" library="String">
<var>${NOME_CASO_TESTE}</var>
<arg>${NOME_CASO_TESTE}</arg>
<arg>${SPACE}</arg>
<arg>_</arg>
<doc>Replaces ``search_for`` in the given ``string`` with ``replace_with``.</doc>
<msg timestamp="20230128 00:32:07.873" level="INFO">${NOME_CASO_TESTE} = Alarme</msg>
<status status="PASS" starttime="20230128 00:32:07.873" endtime="20230128 00:32:07.873"/>
</kw>
<kw name="Replace String" library="String">
<var>${NOME_CASO_TESTE}</var>
<arg>${NOME_CASO_TESTE}</arg>
<arg>(</arg>
<arg>_</arg>
<doc>Replaces ``search_for`` in the given ``string`` with ``replace_with``.</doc>
<msg timestamp="20230128 00:32:07.874" level="INFO">${NOME_CASO_TESTE} = Alarme</msg>
<status status="PASS" starttime="20230128 00:32:07.874" endtime="20230128 00:32:07.874"/>
</kw>
<kw name="Replace String" library="String">
<var>${NOME_CASO_TESTE}</var>
<arg>${NOME_CASO_TESTE}</arg>
<arg>)</arg>
<arg>_</arg>
<doc>Replaces ``search_for`` in the given ``string`` with ``replace_with``.</doc>
<msg timestamp="20230128 00:32:07.875" level="INFO">${NOME_CASO_TESTE} = Alarme</msg>
<status status="PASS" starttime="20230128 00:32:07.874" endtime="20230128 00:32:07.875"/>
</kw>
<kw name="Replace String" library="String">
<var>${NOME_CASO_TESTE}</var>
<arg>${NOME_CASO_TESTE}</arg>
<arg>\"</arg>
<arg>_</arg>
<doc>Replaces ``search_for`` in the given ``string`` with ``replace_with``.</doc>
<msg timestamp="20230128 00:32:07.876" level="INFO">${NOME_CASO_TESTE} = Alarme</msg>
<status status="PASS" starttime="20230128 00:32:07.875" endtime="20230128 00:32:07.876"/>
</kw>
<kw name="Replace String" library="String">
<var>${NOME_CASO_TESTE}</var>
<arg>${NOME_CASO_TESTE}</arg>
<arg>:</arg>
<arg>_</arg>
<doc>Replaces ``search_for`` in the given ``string`` with ``replace_with``.</doc>
<msg timestamp="20230128 00:32:07.878" level="INFO">${NOME_CASO_TESTE} = Alarme</msg>
<status status="PASS" starttime="20230128 00:32:07.877" endtime="20230128 00:32:07.879"/>
</kw>
<kw name="Replace String" library="String">
<var>${NOME_CASO_TESTE}</var>
<arg>${NOME_CASO_TESTE}</arg>
<arg>\'</arg>
<arg>_</arg>
<doc>Replaces ``search_for`` in the given ``string`` with ``replace_with``.</doc>
<msg timestamp="20230128 00:32:07.880" level="INFO">${NOME_CASO_TESTE} = Alarme</msg>
<status status="PASS" starttime="20230128 00:32:07.879" endtime="20230128 00:32:07.880"/>
</kw>
<msg timestamp="20230128 00:32:07.880" level="INFO">${NOME_CASO_TESTE} = Alarme</msg>
<status status="PASS" starttime="20230128 00:32:07.872" endtime="20230128 00:32:07.880"/>
</kw>
<kw name="Set Suite Variable" library="BuiltIn">
<arg>${NOME_CASO_TESTE}</arg>
<doc>Makes a variable available everywhere within the scope of the current suite.</doc>
<msg timestamp="20230128 00:32:07.881" level="INFO">${NOME_CASO_TESTE} = Alarme</msg>
<status status="PASS" starttime="20230128 00:32:07.881" endtime="20230128 00:32:07.881"/>
</kw>
<kw name="Capture Page Screenshot" library="AppiumLibrary">
<arg>${DATA}.png</arg>
<doc>Takes a screenshot of the current page and embeds it into the log.</doc>
<msg timestamp="20230128 00:32:08.183" level="INFO" html="true">&lt;/td&gt;&lt;/tr&gt;&lt;tr&gt;&lt;td colspan="3"&gt;&lt;a href="28-01-2023_00.32.07.png"&gt;&lt;img src="28-01-2023_00.32.07.png" width="800px"&gt;&lt;/a&gt;</msg>
<status status="PASS" starttime="20230128 00:32:07.881" endtime="20230128 00:32:08.183"/>
</kw>
<kw name="Get Current Date" library="DateTime">
<var>${DATA_ATUAL}</var>
<arg>result_format=%d-%m-%Y_%H.%M</arg>
<doc>Returns current local or UTC time with an optional increment.</doc>
<msg timestamp="20230128 00:32:08.184" level="INFO">${DATA_ATUAL} = 28-01-2023_00.32</msg>
<status status="PASS" starttime="20230128 00:32:08.184" endtime="20230128 00:32:08.184"/>
</kw>
<kw name="Set Global Variable" library="BuiltIn">
<arg>${DATA_ATUAL}</arg>
<doc>Makes a variable available globally in all tests and suites.</doc>
<msg timestamp="20230128 00:32:08.186" level="INFO">${DATA_ATUAL} = 28-01-2023_00.32</msg>
<status status="PASS" starttime="20230128 00:32:08.185" endtime="20230128 00:32:08.186"/>
</kw>
<kw name="Create Directory" library="OperatingSystem">
<arg>${EXECDIR}\\Screenshots\\${NOME_CASO_TESTE}</arg>
<doc>Creates the specified directory.</doc>
<msg timestamp="20230128 00:32:08.187" level="INFO" html="true">Directory '&lt;a href="file://C:\_Projetos\Clock\Screenshots\Alarme"&gt;C:\_Projetos\Clock\Screenshots\Alarme&lt;/a&gt;' already exists.</msg>
<status status="PASS" starttime="20230128 00:32:08.186" endtime="20230128 00:32:08.187"/>
</kw>
<kw name="Move Files" library="OperatingSystem">
<arg>*.png</arg>
<arg>${EXECDIR}\\Screenshots\\${NOME_CASO_TESTE}</arg>
<doc>Moves specified files to the target directory.</doc>
<msg timestamp="20230128 00:32:08.194" level="INFO" html="true">Moved file from '&lt;a href="file://C:\_Projetos\Clock\28-01-2023_00.32.07.png"&gt;C:\_Projetos\Clock\28-01-2023_00.32.07.png&lt;/a&gt;' to '&lt;a href="file://C:\_Projetos\Clock\Screenshots\Alarme\28-01-2023_00.32.07.png"&gt;C:\_Projetos\Clock\Screenshots\Alarme\28-01-2023_00.32.07.png&lt;/a&gt;'.</msg>
<status status="PASS" starttime="20230128 00:32:08.188" endtime="20230128 00:32:08.196"/>
</kw>
<status status="PASS" starttime="20230128 00:32:07.870" endtime="20230128 00:32:08.197"/>
</kw>
<status status="PASS" starttime="20230128 00:32:05.716" endtime="20230128 00:32:08.198"/>
</kw>
<kw name="Seleciona a hora do alarme" library="alarmeKeywords">
<kw name="Log To Console" library="BuiltIn">
<arg>-&gt; Selecionando a hora para o alarme...\n</arg>
<doc>Logs the given message to the console.</doc>
<status status="PASS" starttime="20230128 00:32:08.200" endtime="20230128 00:32:08.201"/>
</kw>
<kw name="Wait Until Element Is Visible" library="AppiumLibrary">
<arg>xpath=//android.widget.RadialTimePickerView.RadialPickerTouchHelper[@content-desc="10"]</arg>
<arg>20</arg>
<doc>Waits until element specified with `locator` is visible.</doc>
<msg timestamp="20230128 00:32:08.321" level="INFO">xpath criteria: //android.widget.RadialTimePickerView.RadialPickerTouchHelper[@content-desc="10"]</msg>
<status status="PASS" starttime="20230128 00:32:08.202" endtime="20230128 00:32:08.321"/>
</kw>
<kw name="Click Element" library="AppiumLibrary">
<arg>xpath=//android.widget.RadialTimePickerView.RadialPickerTouchHelper[@content-desc="10"]</arg>
<doc>Click element identified by `locator`.</doc>
<msg timestamp="20230128 00:32:08.325" level="INFO">Clicking element 'xpath=//android.widget.RadialTimePickerView.RadialPickerTouchHelper[@content-desc="10"]'.</msg>
<msg timestamp="20230128 00:32:08.416" level="INFO">xpath criteria: //android.widget.RadialTimePickerView.RadialPickerTouchHelper[@content-desc="10"]</msg>
<status status="PASS" starttime="20230128 00:32:08.322" endtime="20230128 00:32:08.417"/>
</kw>
<kw name="Wait Until Element Is Visible" library="AppiumLibrary">
<arg>xpath=//android.widget.RadialTimePickerView.RadialPickerTouchHelper[@content-desc="30"]</arg>
<arg>20</arg>
<doc>Waits until element specified with `locator` is visible.</doc>
<msg timestamp="20230128 00:32:09.035" level="INFO">xpath criteria: //android.widget.RadialTimePickerView.RadialPickerTouchHelper[@content-desc="30"]</msg>
<status status="PASS" starttime="20230128 00:32:08.417" endtime="20230128 00:32:09.036"/>
</kw>
<kw name="Click Element" library="AppiumLibrary">
<arg>xpath=//android.widget.RadialTimePickerView.RadialPickerTouchHelper[@content-desc="30"]</arg>
<doc>Click element identified by `locator`.</doc>
<msg timestamp="20230128 00:32:09.039" level="INFO">Clicking element 'xpath=//android.widget.RadialTimePickerView.RadialPickerTouchHelper[@content-desc="30"]'.</msg>
<msg timestamp="20230128 00:32:09.136" level="INFO">xpath criteria: //android.widget.RadialTimePickerView.RadialPickerTouchHelper[@content-desc="30"]</msg>
<status status="PASS" starttime="20230128 00:32:09.037" endtime="20230128 00:32:09.136"/>
</kw>
<kw name="Wait Until Element Is Visible" library="AppiumLibrary">
<arg>id=android:id/button1</arg>
<arg>20</arg>
<doc>Waits until element specified with `locator` is visible.</doc>
<msg timestamp="20230128 00:32:09.655" level="INFO">criteria is android:id/button1</msg>
<status status="PASS" starttime="20230128 00:32:09.137" endtime="20230128 00:32:09.655"/>
</kw>
<kw name="Click Element" library="AppiumLibrary">
<arg>id=android:id/button1</arg>
<doc>Click element identified by `locator`.</doc>
<msg timestamp="20230128 00:32:09.658" level="INFO">Clicking element 'id=android:id/button1'.</msg>
<msg timestamp="20230128 00:32:09.705" level="INFO">criteria is android:id/button1</msg>
<status status="PASS" starttime="20230128 00:32:09.656" endtime="20230128 00:32:09.705"/>
</kw>
<kw name="Sleep" library="BuiltIn">
<arg>2</arg>
<doc>Pauses the test executed for the given time.</doc>
<msg timestamp="20230128 00:32:11.716" level="INFO">Slept 2 seconds</msg>
<status status="PASS" starttime="20230128 00:32:09.706" endtime="20230128 00:32:11.716"/>
</kw>
<kw name="Captura tela" library="baseKeywords">
<kw name="Get Current Date" library="DateTime">
<var>${DATA}</var>
<arg>result_format=%d-%m-%Y_%H.%M.%S</arg>
<doc>Returns current local or UTC time with an optional increment.</doc>
<msg timestamp="20230128 00:32:11.718" level="INFO">${DATA} = 28-01-2023_00.32.11</msg>
<status status="PASS" starttime="20230128 00:32:11.717" endtime="20230128 00:32:11.718"/>
</kw>
<kw name="Pegar o nome do test-case" library="baseKeywords">
<var>${NOME_CASO_TESTE}</var>
<kw name="Get Variable Value" library="BuiltIn">
<var>${NOME_CASO_TESTE}</var>
<arg>${TEST NAME}</arg>
<doc>Returns variable value or ``default`` if the variable does not exist.</doc>
<msg timestamp="20230128 00:32:11.719" level="INFO">${NOME_CASO_TESTE} = Alarme</msg>
<status status="PASS" starttime="20230128 00:32:11.719" endtime="20230128 00:32:11.719"/>
</kw>
<kw name="Replace String" library="String">
<var>${NOME_CASO_TESTE}</var>
<arg>${NOME_CASO_TESTE}</arg>
<arg>${SPACE}</arg>
<arg>_</arg>
<doc>Replaces ``search_for`` in the given ``string`` with ``replace_with``.</doc>
<msg timestamp="20230128 00:32:11.720" level="INFO">${NOME_CASO_TESTE} = Alarme</msg>
<status status="PASS" starttime="20230128 00:32:11.719" endtime="20230128 00:32:11.720"/>
</kw>
<kw name="Replace String" library="String">
<var>${NOME_CASO_TESTE}</var>
<arg>${NOME_CASO_TESTE}</arg>
<arg>(</arg>
<arg>_</arg>
<doc>Replaces ``search_for`` in the given ``string`` with ``replace_with``.</doc>
<msg timestamp="20230128 00:32:11.720" level="INFO">${NOME_CASO_TESTE} = Alarme</msg>
<status status="PASS" starttime="20230128 00:32:11.720" endtime="20230128 00:32:11.721"/>
</kw>
<kw name="Replace String" library="String">
<var>${NOME_CASO_TESTE}</var>
<arg>${NOME_CASO_TESTE}</arg>
<arg>)</arg>
<arg>_</arg>
<doc>Replaces ``search_for`` in the given ``string`` with ``replace_with``.</doc>
<msg timestamp="20230128 00:32:11.721" level="INFO">${NOME_CASO_TESTE} = Alarme</msg>
<status status="PASS" starttime="20230128 00:32:11.721" endtime="20230128 00:32:11.721"/>
</kw>
<kw name="Replace String" library="String">
<var>${NOME_CASO_TESTE}</var>
<arg>${NOME_CASO_TESTE}</arg>
<arg>\"</arg>
<arg>_</arg>
<doc>Replaces ``search_for`` in the given ``string`` with ``replace_with``.</doc>
<msg timestamp="20230128 00:32:11.722" level="INFO">${NOME_CASO_TESTE} = Alarme</msg>
<status status="PASS" starttime="20230128 00:32:11.721" endtime="20230128 00:32:11.722"/>
</kw>
<kw name="Replace String" library="String">
<var>${NOME_CASO_TESTE}</var>
<arg>${NOME_CASO_TESTE}</arg>
<arg>:</arg>
<arg>_</arg>
<doc>Replaces ``search_for`` in the given ``string`` with ``replace_with``.</doc>
<msg timestamp="20230128 00:32:11.722" level="INFO">${NOME_CASO_TESTE} = Alarme</msg>
<status status="PASS" starttime="20230128 00:32:11.722" endtime="20230128 00:32:11.723"/>
</kw>
<kw name="Replace String" library="String">
<var>${NOME_CASO_TESTE}</var>
<arg>${NOME_CASO_TESTE}</arg>
<arg>\'</arg>
<arg>_</arg>
<doc>Replaces ``search_for`` in the given ``string`` with ``replace_with``.</doc>
<msg timestamp="20230128 00:32:11.723" level="INFO">${NOME_CASO_TESTE} = Alarme</msg>
<status status="PASS" starttime="20230128 00:32:11.723" endtime="20230128 00:32:11.724"/>
</kw>
<msg timestamp="20230128 00:32:11.724" level="INFO">${NOME_CASO_TESTE} = Alarme</msg>
<status status="PASS" starttime="20230128 00:32:11.718" endtime="20230128 00:32:11.724"/>
</kw>
<kw name="Set Suite Variable" library="BuiltIn">
<arg>${NOME_CASO_TESTE}</arg>
<doc>Makes a variable available everywhere within the scope of the current suite.</doc>
<msg timestamp="20230128 00:32:11.725" level="INFO">${NOME_CASO_TESTE} = Alarme</msg>
<status status="PASS" starttime="20230128 00:32:11.724" endtime="20230128 00:32:11.725"/>
</kw>
<kw name="Capture Page Screenshot" library="AppiumLibrary">
<arg>${DATA}.png</arg>
<doc>Takes a screenshot of the current page and embeds it into the log.</doc>
<msg timestamp="20230128 00:32:12.121" level="INFO" html="true">&lt;/td&gt;&lt;/tr&gt;&lt;tr&gt;&lt;td colspan="3"&gt;&lt;a href="28-01-2023_00.32.11.png"&gt;&lt;img src="28-01-2023_00.32.11.png" width="800px"&gt;&lt;/a&gt;</msg>
<status status="PASS" starttime="20230128 00:32:11.725" endtime="20230128 00:32:12.122"/>
</kw>
<kw name="Get Current Date" library="DateTime">
<var>${DATA_ATUAL}</var>
<arg>result_format=%d-%m-%Y_%H.%M</arg>
<doc>Returns current local or UTC time with an optional increment.</doc>
<msg timestamp="20230128 00:32:12.123" level="INFO">${DATA_ATUAL} = 28-01-2023_00.32</msg>
<status status="PASS" starttime="20230128 00:32:12.122" endtime="20230128 00:32:12.123"/>
</kw>
<kw name="Set Global Variable" library="BuiltIn">
<arg>${DATA_ATUAL}</arg>
<doc>Makes a variable available globally in all tests and suites.</doc>
<msg timestamp="20230128 00:32:12.125" level="INFO">${DATA_ATUAL} = 28-01-2023_00.32</msg>
<status status="PASS" starttime="20230128 00:32:12.124" endtime="20230128 00:32:12.125"/>
</kw>
<kw name="Create Directory" library="OperatingSystem">
<arg>${EXECDIR}\\Screenshots\\${NOME_CASO_TESTE}</arg>
<doc>Creates the specified directory.</doc>
<msg timestamp="20230128 00:32:12.127" level="INFO" html="true">Directory '&lt;a href="file://C:\_Projetos\Clock\Screenshots\Alarme"&gt;C:\_Projetos\Clock\Screenshots\Alarme&lt;/a&gt;' already exists.</msg>
<status status="PASS" starttime="20230128 00:32:12.125" endtime="20230128 00:32:12.128"/>
</kw>
<kw name="Move Files" library="OperatingSystem">
<arg>*.png</arg>
<arg>${EXECDIR}\\Screenshots\\${NOME_CASO_TESTE}</arg>
<doc>Moves specified files to the target directory.</doc>
<msg timestamp="20230128 00:32:12.137" level="INFO" html="true">Moved file from '&lt;a href="file://C:\_Projetos\Clock\28-01-2023_00.32.11.png"&gt;C:\_Projetos\Clock\28-01-2023_00.32.11.png&lt;/a&gt;' to '&lt;a href="file://C:\_Projetos\Clock\Screenshots\Alarme\28-01-2023_00.32.11.png"&gt;C:\_Projetos\Clock\Screenshots\Alarme\28-01-2023_00.32.11.png&lt;/a&gt;'.</msg>
<status status="PASS" starttime="20230128 00:32:12.129" endtime="20230128 00:32:12.138"/>
</kw>
<status status="PASS" starttime="20230128 00:32:11.717" endtime="20230128 00:32:12.139"/>
</kw>
<status status="PASS" starttime="20230128 00:32:08.199" endtime="20230128 00:32:12.139"/>
</kw>
<kw name="Coloca nome do alarme" library="alarmeKeywords">
<kw name="Log To Console" library="BuiltIn">
<arg>-&gt; Colocando nome no alarme...\n</arg>
<doc>Logs the given message to the console.</doc>
<status status="PASS" starttime="20230128 00:32:12.142" endtime="20230128 00:32:12.146"/>
</kw>
<kw name="Wait Until Element Is Visible" library="AppiumLibrary">
<arg>xpath=//android.widget.LinearLayout[@content-desc="10:30 Alarme"]/android.widget.LinearLayout/android.widget.LinearLayout[2]/android.widget.TextView</arg>
<arg>20</arg>
<doc>Waits until element specified with `locator` is visible.</doc>
<msg timestamp="20230128 00:32:12.349" level="INFO">xpath criteria: //android.widget.LinearLayout[@content-desc="10:30 Alarme"]/android.widget.LinearLayout/android.widget.LinearLayout[2]/android.widget.TextView</msg>
<status status="PASS" starttime="20230128 00:32:12.146" endtime="20230128 00:32:12.350"/>
</kw>
<kw name="Click Element" library="AppiumLibrary">
<arg>xpath=//android.widget.LinearLayout[@content-desc="10:30 Alarme"]/android.widget.LinearLayout/android.widget.LinearLayout[2]/android.widget.TextView</arg>
<doc>Click element identified by `locator`.</doc>
<msg timestamp="20230128 00:32:12.352" level="INFO">Clicking element 'xpath=//android.widget.LinearLayout[@content-desc="10:30 Alarme"]/android.widget.LinearLayout/android.widget.LinearLayout[2]/android.widget.TextView'.</msg>
<msg timestamp="20230128 00:32:12.436" level="INFO">xpath criteria: //android.widget.LinearLayout[@content-desc="10:30 Alarme"]/android.widget.LinearLayout/android.widget.LinearLayout[2]/android.widget.TextView</msg>
<status status="PASS" starttime="20230128 00:32:12.350" endtime="20230128 00:32:12.436"/>
</kw>
<kw name="Wait Until Element Is Visible" library="AppiumLibrary">
<arg>id=android:id/message</arg>
<arg>20</arg>
<doc>Waits until element specified with `locator` is visible.</doc>
<msg timestamp="20230128 00:32:13.746" level="INFO">criteria is android:id/message</msg>
<status status="PASS" starttime="20230128 00:32:12.437" endtime="20230128 00:32:13.747"/>
</kw>
<kw name="Input Text" library="AppiumLibrary">
<arg>xpath=/hierarchy/android.widget.FrameLayout/android.widget.LinearLayout/android.widget.FrameLayout/android.widget.FrameLayout/android.widget.FrameLayout/android.widget.LinearLayout/android.widget.FrameLayout[2]/android.widget.FrameLayout/android.widget.EditText</arg>
<arg>Alarme teste</arg>
<doc>Types the given `text` into text field identified by `locator`.</doc>
<msg timestamp="20230128 00:32:13.751" level="INFO">Typing text 'Alarme teste' into text field 'xpath=/hierarchy/android.widget.FrameLayout/android.widget.LinearLayout/android.widget.FrameLayout/android.widget.FrameLayout/android.widget.FrameLayout/android.widget.LinearLayout/android.widget.FrameLayout[2]/android.widget.FrameLayout/android.widget.EditText'</msg>
<msg timestamp="20230128 00:32:13.835" level="INFO">xpath criteria: /hierarchy/android.widget.FrameLayout/android.widget.LinearLayout/android.widget.FrameLayout/android.widget.FrameLayout/android.widget.FrameLayout/android.widget.LinearLayout/android.widget.FrameLayout[2]/android.widget.FrameLayout/android.widget.EditText</msg>
<status status="PASS" starttime="20230128 00:32:13.748" endtime="20230128 00:32:13.836"/>
</kw>
<kw name="Wait Until Element Is Visible" library="AppiumLibrary">
<arg>id=android:id/button1</arg>
<arg>20</arg>
<doc>Waits until element specified with `locator` is visible.</doc>
<msg timestamp="20230128 00:32:14.672" level="INFO">criteria is android:id/button1</msg>
<status status="PASS" starttime="20230128 00:32:13.836" endtime="20230128 00:32:14.673"/>
</kw>
<kw name="Click Element" library="AppiumLibrary">
<arg>id=android:id/button1</arg>
<doc>Click element identified by `locator`.</doc>
<msg timestamp="20230128 00:32:14.681" level="INFO">Clicking element 'id=android:id/button1'.</msg>
<msg timestamp="20230128 00:32:14.842" level="INFO">criteria is android:id/button1</msg>
<status status="PASS" starttime="20230128 00:32:14.674" endtime="20230128 00:32:14.842"/>
</kw>
<kw name="Sleep" library="BuiltIn">
<arg>2</arg>
<doc>Pauses the test executed for the given time.</doc>
<msg timestamp="20230128 00:32:16.847" level="INFO">Slept 2 seconds</msg>
<status status="PASS" starttime="20230128 00:32:14.843" endtime="20230128 00:32:16.847"/>
</kw>
<kw name="Captura tela" library="baseKeywords">
<kw name="Get Current Date" library="DateTime">
<var>${DATA}</var>
<arg>result_format=%d-%m-%Y_%H.%M.%S</arg>
<doc>Returns current local or UTC time with an optional increment.</doc>
<msg timestamp="20230128 00:32:16.849" level="INFO">${DATA} = 28-01-2023_00.32.16</msg>
<status status="PASS" starttime="20230128 00:32:16.848" endtime="20230128 00:32:16.849"/>
</kw>
<kw name="Pegar o nome do test-case" library="baseKeywords">
<var>${NOME_CASO_TESTE}</var>
<kw name="Get Variable Value" library="BuiltIn">
<var>${NOME_CASO_TESTE}</var>
<arg>${TEST NAME}</arg>
<doc>Returns variable value or ``default`` if the variable does not exist.</doc>
<msg timestamp="20230128 00:32:16.850" level="INFO">${NOME_CASO_TESTE} = Alarme</msg>
<status status="PASS" starttime="20230128 00:32:16.850" endtime="20230128 00:32:16.851"/>
</kw>
<kw name="Replace String" library="String">
<var>${NOME_CASO_TESTE}</var>
<arg>${NOME_CASO_TESTE}</arg>
<arg>${SPACE}</arg>
<arg>_</arg>
<doc>Replaces ``search_for`` in the given ``string`` with ``replace_with``.</doc>
<msg timestamp="20230128 00:32:16.851" level="INFO">${NOME_CASO_TESTE} = Alarme</msg>
<status status="PASS" starttime="20230128 00:32:16.851" endtime="20230128 00:32:16.851"/>
</kw>
<kw name="Replace String" library="String">
<var>${NOME_CASO_TESTE}</var>
<arg>${NOME_CASO_TESTE}</arg>
<arg>(</arg>
<arg>_</arg>
<doc>Replaces ``search_for`` in the given ``string`` with ``replace_with``.</doc>
<msg timestamp="20230128 00:32:16.852" level="INFO">${NOME_CASO_TESTE} = Alarme</msg>
<status status="PASS" starttime="20230128 00:32:16.852" endtime="20230128 00:32:16.853"/>
</kw>
<kw name="Replace String" library="String">
<var>${NOME_CASO_TESTE}</var>
<arg>${NOME_CASO_TESTE}</arg>
<arg>)</arg>
<arg>_</arg>
<doc>Replaces ``search_for`` in the given ``string`` with ``replace_with``.</doc>
<msg timestamp="20230128 00:32:16.854" level="INFO">${NOME_CASO_TESTE} = Alarme</msg>
<status status="PASS" starttime="20230128 00:32:16.853" endtime="20230128 00:32:16.854"/>
</kw>
<kw name="Replace String" library="String">
<var>${NOME_CASO_TESTE}</var>
<arg>${NOME_CASO_TESTE}</arg>
<arg>\"</arg>
<arg>_</arg>
<doc>Replaces ``search_for`` in the given ``string`` with ``replace_with``.</doc>
<msg timestamp="20230128 00:32:16.855" level="INFO">${NOME_CASO_TESTE} = Alarme</msg>
<status status="PASS" starttime="20230128 00:32:16.854" endtime="20230128 00:32:16.856"/>
</kw>
<kw name="Replace String" library="String">
<var>${NOME_CASO_TESTE}</var>
<arg>${NOME_CASO_TESTE}</arg>
<arg>:</arg>
<arg>_</arg>
<doc>Replaces ``search_for`` in the given ``string`` with ``replace_with``.</doc>
<msg timestamp="20230128 00:32:16.857" level="INFO">${NOME_CASO_TESTE} = Alarme</msg>
<status status="PASS" starttime="20230128 00:32:16.856" endtime="20230128 00:32:16.857"/>
</kw>
<kw name="Replace String" library="String">
<var>${NOME_CASO_TESTE}</var>
<arg>${NOME_CASO_TESTE}</arg>
<arg>\'</arg>
<arg>_</arg>
<doc>Replaces ``search_for`` in the given ``string`` with ``replace_with``.</doc>
<msg timestamp="20230128 00:32:16.858" level="INFO">${NOME_CASO_TESTE} = Alarme</msg>
<status status="PASS" starttime="20230128 00:32:16.857" endtime="20230128 00:32:16.858"/>
</kw>
<msg timestamp="20230128 00:32:16.859" level="INFO">${NOME_CASO_TESTE} = Alarme</msg>
<status status="PASS" starttime="20230128 00:32:16.849" endtime="20230128 00:32:16.859"/>
</kw>
<kw name="Set Suite Variable" library="BuiltIn">
<arg>${NOME_CASO_TESTE}</arg>
<doc>Makes a variable available everywhere within the scope of the current suite.</doc>
<msg timestamp="20230128 00:32:16.861" level="INFO">${NOME_CASO_TESTE} = Alarme</msg>
<status status="PASS" starttime="20230128 00:32:16.860" endtime="20230128 00:32:16.862"/>
</kw>
<kw name="Capture Page Screenshot" library="AppiumLibrary">
<arg>${DATA}.png</arg>
<doc>Takes a screenshot of the current page and embeds it into the log.</doc>
<msg timestamp="20230128 00:32:17.203" level="INFO" html="true">&lt;/td&gt;&lt;/tr&gt;&lt;tr&gt;&lt;td colspan="3"&gt;&lt;a href="28-01-2023_00.32.16.png"&gt;&lt;img src="28-01-2023_00.32.16.png" width="800px"&gt;&lt;/a&gt;</msg>
<status status="PASS" starttime="20230128 00:32:16.863" endtime="20230128 00:32:17.203"/>
</kw>
<kw name="Get Current Date" library="DateTime">
<var>${DATA_ATUAL}</var>
<arg>result_format=%d-%m-%Y_%H.%M</arg>
<doc>Returns current local or UTC time with an optional increment.</doc>
<msg timestamp="20230128 00:32:17.204" level="INFO">${DATA_ATUAL} = 28-01-2023_00.32</msg>
<status status="PASS" starttime="20230128 00:32:17.204" endtime="20230128 00:32:17.204"/>
</kw>
<kw name="Set Global Variable" library="BuiltIn">
<arg>${DATA_ATUAL}</arg>
<doc>Makes a variable available globally in all tests and suites.</doc>
<msg timestamp="20230128 00:32:17.205" level="INFO">${DATA_ATUAL} = 28-01-2023_00.32</msg>
<status status="PASS" starttime="20230128 00:32:17.205" endtime="20230128 00:32:17.206"/>
</kw>
<kw name="Create Directory" library="OperatingSystem">
<arg>${EXECDIR}\\Screenshots\\${NOME_CASO_TESTE}</arg>
<doc>Creates the specified directory.</doc>
<msg timestamp="20230128 00:32:17.207" level="INFO" html="true">Directory '&lt;a href="file://C:\_Projetos\Clock\Screenshots\Alarme"&gt;C:\_Projetos\Clock\Screenshots\Alarme&lt;/a&gt;' already exists.</msg>
<status status="PASS" starttime="20230128 00:32:17.206" endtime="20230128 00:32:17.207"/>
</kw>
<kw name="Move Files" library="OperatingSystem">
<arg>*.png</arg>
<arg>${EXECDIR}\\Screenshots\\${NOME_CASO_TESTE}</arg>
<doc>Moves specified files to the target directory.</doc>
<msg timestamp="20230128 00:32:17.217" level="INFO" html="true">Moved file from '&lt;a href="file://C:\_Projetos\Clock\28-01-2023_00.32.16.png"&gt;C:\_Projetos\Clock\28-01-2023_00.32.16.png&lt;/a&gt;' to '&lt;a href="file://C:\_Projetos\Clock\Screenshots\Alarme\28-01-2023_00.32.16.png"&gt;C:\_Projetos\Clock\Screenshots\Alarme\28-01-2023_00.32.16.png&lt;/a&gt;'.</msg>
<status status="PASS" starttime="20230128 00:32:17.207" endtime="20230128 00:32:17.217"/>
</kw>
<status status="PASS" starttime="20230128 00:32:16.848" endtime="20230128 00:32:17.218"/>
</kw>
<status status="PASS" starttime="20230128 00:32:12.140" endtime="20230128 00:32:17.219"/>
</kw>
<kw name="Escolhe toque do alarme" library="alarmeKeywords">
<kw name="Log To Console" library="BuiltIn">
<arg>-&gt; Escolhendo toque para o alarme...\n</arg>
<doc>Logs the given message to the console.</doc>
<status status="PASS" starttime="20230128 00:32:17.220" endtime="20230128 00:32:17.222"/>
</kw>
<kw name="Wait Until Element Is Visible" library="AppiumLibrary">
<arg>id=com.google.android.deskclock:id/choose_ringtone</arg>
<arg>20</arg>
<doc>Waits until element specified with `locator` is visible.</doc>
<msg timestamp="20230128 00:32:17.291" level="INFO">criteria is com.google.android.deskclock:id/choose_ringtone</msg>
<status status="PASS" starttime="20230128 00:32:17.223" endtime="20230128 00:32:17.292"/>
</kw>
<kw name="Click Element" library="AppiumLibrary">
<arg>id=com.google.android.deskclock:id/choose_ringtone</arg>
<doc>Click element identified by `locator`.</doc>
<msg timestamp="20230128 00:32:17.296" level="INFO">Clicking element 'id=com.google.android.deskclock:id/choose_ringtone'.</msg>
<msg timestamp="20230128 00:32:17.357" level="INFO">criteria is com.google.android.deskclock:id/choose_ringtone</msg>
<status status="PASS" starttime="20230128 00:32:17.292" endtime="20230128 00:32:17.358"/>
</kw>
<kw name="Wait Until Element Is Visible" library="AppiumLibrary">
<arg>xpath=/hierarchy/android.widget.FrameLayout/android.widget.LinearLayout/android.widget.FrameLayout/android.widget.FrameLayout/android.widget.FrameLayout/android.widget.LinearLayout/android.widget.FrameLayout/android.widget.ListView/android.widget.CheckedTextView[3]</arg>
<arg>20</arg>
<doc>Waits until element specified with `locator` is visible.</doc>
<msg timestamp="20230128 00:32:18.439" level="INFO">xpath criteria: /hierarchy/android.widget.FrameLayout/android.widget.LinearLayout/android.widget.FrameLayout/android.widget.FrameLayout/android.widget.FrameLayout/android.widget.LinearLayout/android.widget.FrameLayout/android.widget.ListView/android.widget.CheckedTextView[3]
xpath criteria: /hierarchy/android.widget.FrameLayout/android.widget.LinearLayout/android.widget.FrameLayout/android.widget.FrameLayout/android.widget.FrameLayout/android.widget.LinearLayout/android.widget.FrameLayout/android.widget.ListView/android.widget.CheckedTextView[3]</msg>
<status status="PASS" starttime="20230128 00:32:17.358" endtime="20230128 00:32:18.440"/>
</kw>
<kw name="Click Element" library="AppiumLibrary">
<arg>xpath=/hierarchy/android.widget.FrameLayout/android.widget.LinearLayout/android.widget.FrameLayout/android.widget.FrameLayout/android.widget.FrameLayout/android.widget.LinearLayout/android.widget.FrameLayout/android.widget.ListView/android.widget.CheckedTextView[3]</arg>
<doc>Click element identified by `locator`.</doc>
<msg timestamp="20230128 00:32:18.444" level="INFO">Clicking element 'xpath=/hierarchy/android.widget.FrameLayout/android.widget.LinearLayout/android.widget.FrameLayout/android.widget.FrameLayout/android.widget.FrameLayout/android.widget.LinearLayout/android.widget.FrameLayout/android.widget.ListView/android.widget.CheckedTextView[3]'.</msg>
<msg timestamp="20230128 00:32:19.142" level="INFO">xpath criteria: /hierarchy/android.widget.FrameLayout/android.widget.LinearLayout/android.widget.FrameLayout/android.widget.FrameLayout/android.widget.FrameLayout/android.widget.LinearLayout/android.widget.FrameLayout/android.widget.ListView/android.widget.CheckedTextView[3]</msg>
<status status="PASS" starttime="20230128 00:32:18.440" endtime="20230128 00:32:19.143"/>
</kw>
<kw name="Wait Until Element Is Visible" library="AppiumLibrary">
<arg>id=android:id/button1</arg>
<arg>20</arg>
<doc>Waits until element specified with `locator` is visible.</doc>
<msg timestamp="20230128 00:32:19.269" level="INFO">criteria is android:id/button1</msg>
<status status="PASS" starttime="20230128 00:32:19.145" endtime="20230128 00:32:19.270"/>
</kw>
<kw name="Click Element" library="AppiumLibrary">
<arg>id=android:id/button1</arg>
<doc>Click element identified by `locator`.</doc>
<msg timestamp="20230128 00:32:19.274" level="INFO">Clicking element 'id=android:id/button1'.</msg>
<msg timestamp="20230128 00:32:19.375" level="INFO">criteria is android:id/button1</msg>
<status status="PASS" starttime="20230128 00:32:19.270" endtime="20230128 00:32:19.377"/>
</kw>
<kw name="Sleep" library="BuiltIn">
<arg>2</arg>
<doc>Pauses the test executed for the given time.</doc>
<msg timestamp="20230128 00:32:21.382" level="INFO">Slept 2 seconds</msg>
<status status="PASS" starttime="20230128 00:32:19.378" endtime="20230128 00:32:21.382"/>
</kw>
<kw name="Captura tela" library="baseKeywords">
<kw name="Get Current Date" library="DateTime">
<var>${DATA}</var>
<arg>result_format=%d-%m-%Y_%H.%M.%S</arg>
<doc>Returns current local or UTC time with an optional increment.</doc>
<msg timestamp="20230128 00:32:21.385" level="INFO">${DATA} = 28-01-2023_00.32.21</msg>
<status status="PASS" starttime="20230128 00:32:21.384" endtime="20230128 00:32:21.386"/>
</kw>
<kw name="Pegar o nome do test-case" library="baseKeywords">
<var>${NOME_CASO_TESTE}</var>
<kw name="Get Variable Value" library="BuiltIn">
<var>${NOME_CASO_TESTE}</var>
<arg>${TEST NAME}</arg>
<doc>Returns variable value or ``default`` if the variable does not exist.</doc>
<msg timestamp="20230128 00:32:21.389" level="INFO">${NOME_CASO_TESTE} = Alarme</msg>
<status status="PASS" starttime="20230128 00:32:21.388" endtime="20230128 00:32:21.390"/>
</kw>
<kw name="Replace String" library="String">
<var>${NOME_CASO_TESTE}</var>
<arg>${NOME_CASO_TESTE}</arg>
<arg>${SPACE}</arg>
<arg>_</arg>
<doc>Replaces ``search_for`` in the given ``string`` with ``replace_with``.</doc>
<msg timestamp="20230128 00:32:21.392" level="INFO">${NOME_CASO_TESTE} = Alarme</msg>
<status status="PASS" starttime="20230128 00:32:21.390" endtime="20230128 00:32:21.392"/>
</kw>
<kw name="Replace String" library="String">
<var>${NOME_CASO_TESTE}</var>
<arg>${NOME_CASO_TESTE}</arg>
<arg>(</arg>
<arg>_</arg>
<doc>Replaces ``search_for`` in the given ``string`` with ``replace_with``.</doc>
<msg timestamp="20230128 00:32:21.395" level="INFO">${NOME_CASO_TESTE} = Alarme</msg>
<status status="PASS" starttime="20230128 00:32:21.393" endtime="20230128 00:32:21.396"/>
</kw>
<kw name="Replace String" library="String">
<var>${NOME_CASO_TESTE}</var>
<arg>${NOME_CASO_TESTE}</arg>
<arg>)</arg>
<arg>_</arg>
<doc>Replaces ``search_for`` in the given ``string`` with ``replace_with``.</doc>
<msg timestamp="20230128 00:32:21.397" level="INFO">${NOME_CASO_TESTE} = Alarme</msg>
<status status="PASS" starttime="20230128 00:32:21.397" endtime="20230128 00:32:21.398"/>
</kw>
<kw name="Replace String" library="String">
<var>${NOME_CASO_TESTE}</var>
<arg>${NOME_CASO_TESTE}</arg>
<arg>\"</arg>
<arg>_</arg>
<doc>Replaces ``search_for`` in the given ``string`` with ``replace_with``.</doc>
<msg timestamp="20230128 00:32:21.399" level="INFO">${NOME_CASO_TESTE} = Alarme</msg>
<status status="PASS" starttime="20230128 00:32:21.398" endtime="20230128 00:32:21.399"/>
</kw>
<kw name="Replace String" library="String">
<var>${NOME_CASO_TESTE}</var>
<arg>${NOME_CASO_TESTE}</arg>
<arg>:</arg>
<arg>_</arg>
<doc>Replaces ``search_for`` in the given ``string`` with ``replace_with``.</doc>
<msg timestamp="20230128 00:32:21.400" level="INFO">${NOME_CASO_TESTE} = Alarme</msg>
<status status="PASS" starttime="20230128 00:32:21.399" endtime="20230128 00:32:21.400"/>
</kw>
<kw name="Replace String" library="String">
<var>${NOME_CASO_TESTE}</var>
<arg>${NOME_CASO_TESTE}</arg>
<arg>\'</arg>
<arg>_</arg>
<doc>Replaces ``search_for`` in the given ``string`` with ``replace_with``.</doc>
<msg timestamp="20230128 00:32:21.401" level="INFO">${NOME_CASO_TESTE} = Alarme</msg>
<status status="PASS" starttime="20230128 00:32:21.400" endtime="20230128 00:32:21.401"/>
</kw>
<msg timestamp="20230128 00:32:21.401" level="INFO">${NOME_CASO_TESTE} = Alarme</msg>
<status status="PASS" starttime="20230128 00:32:21.387" endtime="20230128 00:32:21.401"/>
</kw>
<kw name="Set Suite Variable" library="BuiltIn">
<arg>${NOME_CASO_TESTE}</arg>
<doc>Makes a variable available everywhere within the scope of the current suite.</doc>
<msg timestamp="20230128 00:32:21.402" level="INFO">${NOME_CASO_TESTE} = Alarme</msg>
<status status="PASS" starttime="20230128 00:32:21.402" endtime="20230128 00:32:21.403"/>
</kw>
<kw name="Capture Page Screenshot" library="AppiumLibrary">
<arg>${DATA}.png</arg>
<doc>Takes a screenshot of the current page and embeds it into the log.</doc>
<msg timestamp="20230128 00:32:21.716" level="INFO" html="true">&lt;/td&gt;&lt;/tr&gt;&lt;tr&gt;&lt;td colspan="3"&gt;&lt;a href="28-01-2023_00.32.21.png"&gt;&lt;img src="28-01-2023_00.32.21.png" width="800px"&gt;&lt;/a&gt;</msg>
<status status="PASS" starttime="20230128 00:32:21.403" endtime="20230128 00:32:21.716"/>
</kw>
<kw name="Get Current Date" library="DateTime">
<var>${DATA_ATUAL}</var>
<arg>result_format=%d-%m-%Y_%H.%M</arg>
<doc>Returns current local or UTC time with an optional increment.</doc>
<msg timestamp="20230128 00:32:21.718" level="INFO">${DATA_ATUAL} = 28-01-2023_00.32</msg>
<status status="PASS" starttime="20230128 00:32:21.717" endtime="20230128 00:32:21.718"/>
</kw>
<kw name="Set Global Variable" library="BuiltIn">
<arg>${DATA_ATUAL}</arg>
<doc>Makes a variable available globally in all tests and suites.</doc>
<msg timestamp="20230128 00:32:21.719" level="INFO">${DATA_ATUAL} = 28-01-2023_00.32</msg>
<status status="PASS" starttime="20230128 00:32:21.718" endtime="20230128 00:32:21.720"/>
</kw>
<kw name="Create Directory" library="OperatingSystem">
<arg>${EXECDIR}\\Screenshots\\${NOME_CASO_TESTE}</arg>
<doc>Creates the specified directory.</doc>
<msg timestamp="20230128 00:32:21.721" level="INFO" html="true">Directory '&lt;a href="file://C:\_Projetos\Clock\Screenshots\Alarme"&gt;C:\_Projetos\Clock\Screenshots\Alarme&lt;/a&gt;' already exists.</msg>
<status status="PASS" starttime="20230128 00:32:21.720" endtime="20230128 00:32:21.722"/>
</kw>
<kw name="Move Files" library="OperatingSystem">
<arg>*.png</arg>
<arg>${EXECDIR}\\Screenshots\\${NOME_CASO_TESTE}</arg>
<doc>Moves specified files to the target directory.</doc>
<msg timestamp="20230128 00:32:21.732" level="INFO" html="true">Moved file from '&lt;a href="file://C:\_Projetos\Clock\28-01-2023_00.32.21.png"&gt;C:\_Projetos\Clock\28-01-2023_00.32.21.png&lt;/a&gt;' to '&lt;a href="file://C:\_Projetos\Clock\Screenshots\Alarme\28-01-2023_00.32.21.png"&gt;C:\_Projetos\Clock\Screenshots\Alarme\28-01-2023_00.32.21.png&lt;/a&gt;'.</msg>
<status status="PASS" starttime="20230128 00:32:21.722" endtime="20230128 00:32:21.732"/>
</kw>
<status status="PASS" starttime="20230128 00:32:21.383" endtime="20230128 00:32:21.733"/>
</kw>
<status status="PASS" starttime="20230128 00:32:17.220" endtime="20230128 00:32:21.734"/>
</kw>
<kw name="Repete alarme durante a semana" library="alarmeKeywords">
<kw name="Log To Console" library="BuiltIn">
<arg>-&gt; Repetindo alarme para semana...\n</arg>
<doc>Logs the given message to the console.</doc>
<status status="PASS" starttime="20230128 00:32:21.736" endtime="20230128 00:32:21.737"/>
</kw>
<kw name="Wait Until Element Is Visible" library="AppiumLibrary">
<arg>xpath=//android.widget.TextView[@content-desc="10:30"]</arg>
<arg>20</arg>
<doc>Waits until element specified with `locator` is visible.</doc>
<msg timestamp="20230128 00:32:21.823" level="INFO">xpath criteria: //android.widget.TextView[@content-desc="10:30"]</msg>
<status status="PASS" starttime="20230128 00:32:21.738" endtime="20230128 00:32:21.823"/>
</kw>
<kw name="Click Element" library="AppiumLibrary">
<arg>id=com.google.android.deskclock:id/repeat_onoff</arg>
<doc>Click element identified by `locator`.</doc>
<msg timestamp="20230128 00:32:21.825" level="INFO">Clicking element 'id=com.google.android.deskclock:id/repeat_onoff'.</msg>
<msg timestamp="20230128 00:32:21.893" level="INFO">criteria is com.google.android.deskclock:id/repeat_onoff</msg>
<status status="PASS" starttime="20230128 00:32:21.824" endtime="20230128 00:32:21.893"/>
</kw>
<kw name="Click Element" library="AppiumLibrary">
<arg>xpath=//android.widget.CheckBox[@content-desc="domingo"]</arg>
<doc>Click element identified by `locator`.</doc>
<msg timestamp="20230128 00:32:21.898" level="INFO">Clicking element 'xpath=//android.widget.CheckBox[@content-desc="domingo"]'.</msg>
<msg timestamp="20230128 00:32:22.882" level="INFO">xpath criteria: //android.widget.CheckBox[@content-desc="domingo"]</msg>
<status status="PASS" starttime="20230128 00:32:21.895" endtime="20230128 00:32:22.882"/>
</kw>
<kw name="Click Element" library="AppiumLibrary">
<arg>xpath=//android.widget.CheckBox[@content-desc="sábado"]</arg>
<doc>Click element identified by `locator`.</doc>
<msg timestamp="20230128 00:32:22.884" level="INFO">Clicking element 'xpath=//android.widget.CheckBox[@content-desc="sábado"]'.</msg>
<msg timestamp="20230128 00:32:23.922" level="INFO">xpath criteria: //android.widget.CheckBox[@content-desc="sábado"]</msg>
<status status="PASS" starttime="20230128 00:32:22.882" endtime="20230128 00:32:23.922"/>
</kw>
<kw name="Sleep" library="BuiltIn">
<arg>2</arg>
<doc>Pauses the test executed for the given time.</doc>
<msg timestamp="20230128 00:32:25.938" level="INFO">Slept 2 seconds</msg>
<status status="PASS" starttime="20230128 00:32:23.923" endtime="20230128 00:32:25.939"/>
</kw>
<kw name="Captura tela" library="baseKeywords">
<kw name="Get Current Date" library="DateTime">
<var>${DATA}</var>
<arg>result_format=%d-%m-%Y_%H.%M.%S</arg>
<doc>Returns current local or UTC time with an optional increment.</doc>
<msg timestamp="20230128 00:32:25.942" level="INFO">${DATA} = 28-01-2023_00.32.25</msg>
<status status="PASS" starttime="20230128 00:32:25.941" endtime="20230128 00:32:25.942"/>
</kw>
<kw name="Pegar o nome do test-case" library="baseKeywords">
<var>${NOME_CASO_TESTE}</var>
<kw name="Get Variable Value" library="BuiltIn">
<var>${NOME_CASO_TESTE}</var>
<arg>${TEST NAME}</arg>
<doc>Returns variable value or ``default`` if the variable does not exist.</doc>
<msg timestamp="20230128 00:32:25.946" level="INFO">${NOME_CASO_TESTE} = Alarme</msg>
<status status="PASS" starttime="20230128 00:32:25.944" endtime="20230128 00:32:25.946"/>
</kw>
<kw name="Replace String" library="String">
<var>${NOME_CASO_TESTE}</var>
<arg>${NOME_CASO_TESTE}</arg>
<arg>${SPACE}</arg>
<arg>_</arg>
<doc>Replaces ``search_for`` in the given ``string`` with ``replace_with``.</doc>
<msg timestamp="20230128 00:32:25.948" level="INFO">${NOME_CASO_TESTE} = Alarme</msg>
<status status="PASS" starttime="20230128 00:32:25.947" endtime="20230128 00:32:25.948"/>
</kw>
<kw name="Replace String" library="String">
<var>${NOME_CASO_TESTE}</var>
<arg>${NOME_CASO_TESTE}</arg>
<arg>(</arg>
<arg>_</arg>
<doc>Replaces ``search_for`` in the given ``string`` with ``replace_with``.</doc>
<msg timestamp="20230128 00:32:25.949" level="INFO">${NOME_CASO_TESTE} = Alarme</msg>
<status status="PASS" starttime="20230128 00:32:25.949" endtime="20230128 00:32:25.949"/>
</kw>
<kw name="Replace String" library="String">
<var>${NOME_CASO_TESTE}</var>
<arg>${NOME_CASO_TESTE}</arg>
<arg>)</arg>
<arg>_</arg>
<doc>Replaces ``search_for`` in the given ``string`` with ``replace_with``.</doc>
<msg timestamp="20230128 00:32:25.950" level="INFO">${NOME_CASO_TESTE} = Alarme</msg>
<status status="PASS" starttime="20230128 00:32:25.950" endtime="20230128 00:32:25.950"/>
</kw>
<kw name="Replace String" library="String">
<var>${NOME_CASO_TESTE}</var>
<arg>${NOME_CASO_TESTE}</arg>
<arg>\"</arg>
<arg>_</arg>
<doc>Replaces ``search_for`` in the given ``string`` with ``replace_with``.</doc>
<msg timestamp="20230128 00:32:25.952" level="INFO">${NOME_CASO_TESTE} = Alarme</msg>
<status status="PASS" starttime="20230128 00:32:25.951" endtime="20230128 00:32:25.952"/>
</kw>
<kw name="Replace String" library="String">
<var>${NOME_CASO_TESTE}</var>
<arg>${NOME_CASO_TESTE}</arg>
<arg>:</arg>
<arg>_</arg>
<doc>Replaces ``search_for`` in the given ``string`` with ``replace_with``.</doc>
<msg timestamp="20230128 00:32:25.953" level="INFO">${NOME_CASO_TESTE} = Alarme</msg>
<status status="PASS" starttime="20230128 00:32:25.952" endtime="20230128 00:32:25.953"/>
</kw>
<kw name="Replace String" library="String">
<var>${NOME_CASO_TESTE}</var>
<arg>${NOME_CASO_TESTE}</arg>
<arg>\'</arg>
<arg>_</arg>
<doc>Replaces ``search_for`` in the given ``string`` with ``replace_with``.</doc>
<msg timestamp="20230128 00:32:25.956" level="INFO">${NOME_CASO_TESTE} = Alarme</msg>
<status status="PASS" starttime="20230128 00:32:25.955" endtime="20230128 00:32:25.957"/>
</kw>
<msg timestamp="20230128 00:32:25.957" level="INFO">${NOME_CASO_TESTE} = Alarme</msg>
<status status="PASS" starttime="20230128 00:32:25.943" endtime="20230128 00:32:25.958"/>
</kw>
<kw name="Set Suite Variable" library="BuiltIn">
<arg>${NOME_CASO_TESTE}</arg>
<doc>Makes a variable available everywhere within the scope of the current suite.</doc>
<msg timestamp="20230128 00:32:25.959" level="INFO">${NOME_CASO_TESTE} = Alarme</msg>
<status status="PASS" starttime="20230128 00:32:25.958" endtime="20230128 00:32:25.959"/>
</kw>
<kw name="Capture Page Screenshot" library="AppiumLibrary">
<arg>${DATA}.png</arg>
<doc>Takes a screenshot of the current page and embeds it into the log.</doc>
<msg timestamp="20230128 00:32:26.293" level="INFO" html="true">&lt;/td&gt;&lt;/tr&gt;&lt;tr&gt;&lt;td colspan="3"&gt;&lt;a href="28-01-2023_00.32.25.png"&gt;&lt;img src="28-01-2023_00.32.25.png" width="800px"&gt;&lt;/a&gt;</msg>
<status status="PASS" starttime="20230128 00:32:25.959" endtime="20230128 00:32:26.294"/>
</kw>
<kw name="Get Current Date" library="DateTime">
<var>${DATA_ATUAL}</var>
<arg>result_format=%d-%m-%Y_%H.%M</arg>
<doc>Returns current local or UTC time with an optional increment.</doc>
<msg timestamp="20230128 00:32:26.297" level="INFO">${DATA_ATUAL} = 28-01-2023_00.32</msg>
<status status="PASS" starttime="20230128 00:32:26.295" endtime="20230128 00:32:26.297"/>
</kw>
<kw name="Set Global Variable" library="BuiltIn">
<arg>${DATA_ATUAL}</arg>
<doc>Makes a variable available globally in all tests and suites.</doc>
<msg timestamp="20230128 00:32:26.298" level="INFO">${DATA_ATUAL} = 28-01-2023_00.32</msg>
<status status="PASS" starttime="20230128 00:32:26.298" endtime="20230128 00:32:26.299"/>
</kw>
<kw name="Create Directory" library="OperatingSystem">
<arg>${EXECDIR}\\Screenshots\\${NOME_CASO_TESTE}</arg>
<doc>Creates the specified directory.</doc>
<msg timestamp="20230128 00:32:26.301" level="INFO" html="true">Directory '&lt;a href="file://C:\_Projetos\Clock\Screenshots\Alarme"&gt;C:\_Projetos\Clock\Screenshots\Alarme&lt;/a&gt;' already exists.</msg>
<status status="PASS" starttime="20230128 00:32:26.300" endtime="20230128 00:32:26.302"/>
</kw>
<kw name="Move Files" library="OperatingSystem">
<arg>*.png</arg>
<arg>${EXECDIR}\\Screenshots\\${NOME_CASO_TESTE}</arg>
<doc>Moves specified files to the target directory.</doc>
<msg timestamp="20230128 00:32:26.316" level="INFO" html="true">Moved file from '&lt;a href="file://C:\_Projetos\Clock\28-01-2023_00.32.25.png"&gt;C:\_Projetos\Clock\28-01-2023_00.32.25.png&lt;/a&gt;' to '&lt;a href="file://C:\_Projetos\Clock\Screenshots\Alarme\28-01-2023_00.32.25.png"&gt;C:\_Projetos\Clock\Screenshots\Alarme\28-01-2023_00.32.25.png&lt;/a&gt;'.</msg>
<status status="PASS" starttime="20230128 00:32:26.302" endtime="20230128 00:32:26.316"/>
</kw>
<status status="PASS" starttime="20230128 00:32:25.940" endtime="20230128 00:32:26.317"/>
</kw>
<status status="PASS" starttime="20230128 00:32:21.735" endtime="20230128 00:32:26.317"/>
</kw>
<kw name="Desabilita alarme" library="alarmeKeywords">
<kw name="Log To Console" library="BuiltIn">
<arg>-&gt; Desabitando alarme...\n</arg>
<doc>Logs the given message to the console.</doc>
<status status="PASS" starttime="20230128 00:32:26.319" endtime="20230128 00:32:26.320"/>
</kw>
<kw name="Click Element" library="AppiumLibrary">
<arg>xpath=//*[@text="ATIVAR"]</arg>
<doc>Click element identified by `locator`.</doc>
<msg timestamp="20230128 00:32:26.323" level="INFO">Clicking element 'xpath=//*[@text="ATIVAR"]'.</msg>
<msg timestamp="20230128 00:32:26.424" level="INFO">xpath criteria: //*[@text="ATIVAR"]</msg>
<status status="PASS" starttime="20230128 00:32:26.321" endtime="20230128 00:32:26.425"/>
</kw>
<kw name="Sleep" library="BuiltIn">
<arg>2</arg>
<doc>Pauses the test executed for the given time.</doc>
<msg timestamp="20230128 00:32:28.442" level="INFO">Slept 2 seconds</msg>
<status status="PASS" starttime="20230128 00:32:26.425" endtime="20230128 00:32:28.442"/>
</kw>
<kw name="Captura tela" library="baseKeywords">
<kw name="Get Current Date" library="DateTime">
<var>${DATA}</var>
<arg>result_format=%d-%m-%Y_%H.%M.%S</arg>
<doc>Returns current local or UTC time with an optional increment.</doc>
<msg timestamp="20230128 00:32:28.446" level="INFO">${DATA} = 28-01-2023_00.32.28</msg>
<status status="PASS" starttime="20230128 00:32:28.445" endtime="20230128 00:32:28.446"/>
</kw>
<kw name="Pegar o nome do test-case" library="baseKeywords">
<var>${NOME_CASO_TESTE}</var>
<kw name="Get Variable Value" library="BuiltIn">
<var>${NOME_CASO_TESTE}</var>
<arg>${TEST NAME}</arg>
<doc>Returns variable value or ``default`` if the variable does not exist.</doc>
<msg timestamp="20230128 00:32:28.448" level="INFO">${NOME_CASO_TESTE} = Alarme</msg>
<status status="PASS" starttime="20230128 00:32:28.448" endtime="20230128 00:32:28.448"/>
</kw>
<kw name="Replace String" library="String">
<var>${NOME_CASO_TESTE}</var>
<arg>${NOME_CASO_TESTE}</arg>
<arg>${SPACE}</arg>
<arg>_</arg>
<doc>Replaces ``search_for`` in the given ``string`` with ``replace_with``.</doc>
<msg timestamp="20230128 00:32:28.448" level="INFO">${NOME_CASO_TESTE} = Alarme</msg>
<status status="PASS" starttime="20230128 00:32:28.448" endtime="20230128 00:32:28.449"/>
</kw>
<kw name="Replace String" library="String">
<var>${NOME_CASO_TESTE}</var>
<arg>${NOME_CASO_TESTE}</arg>
<arg>(</arg>
<arg>_</arg>
<doc>Replaces ``search_for`` in the given ``string`` with ``replace_with``.</doc>
<msg timestamp="20230128 00:32:28.449" level="INFO">${NOME_CASO_TESTE} = Alarme</msg>
<status status="PASS" starttime="20230128 00:32:28.449" endtime="20230128 00:32:28.449"/>
</kw>
<kw name="Replace String" library="String">
<var>${NOME_CASO_TESTE}</var>
<arg>${NOME_CASO_TESTE}</arg>
<arg>)</arg>
<arg>_</arg>
<doc>Replaces ``search_for`` in the given ``string`` with ``replace_with``.</doc>
<msg timestamp="20230128 00:32:28.450" level="INFO">${NOME_CASO_TESTE} = Alarme</msg>
<status status="PASS" starttime="20230128 00:32:28.449" endtime="20230128 00:32:28.450"/>
</kw>
<kw name="Replace String" library="String">
<var>${NOME_CASO_TESTE}</var>
<arg>${NOME_CASO_TESTE}</arg>
<arg>\"</arg>
<arg>_</arg>
<doc>Replaces ``search_for`` in the given ``string`` with ``replace_with``.</doc>
<msg timestamp="20230128 00:32:28.451" level="INFO">${NOME_CASO_TESTE} = Alarme</msg>
<status status="PASS" starttime="20230128 00:32:28.450" endtime="20230128 00:32:28.451"/>
</kw>
<kw name="Replace String" library="String">
<var>${NOME_CASO_TESTE}</var>
<arg>${NOME_CASO_TESTE}</arg>
<arg>:</arg>
<arg>_</arg>
<doc>Replaces ``search_for`` in the given ``string`` with ``replace_with``.</doc>
<msg timestamp="20230128 00:32:28.452" level="INFO">${NOME_CASO_TESTE} = Alarme</msg>
<status status="PASS" starttime="20230128 00:32:28.451" endtime="20230128 00:32:28.452"/>
</kw>
<kw name="Replace String" library="String">
<var>${NOME_CASO_TESTE}</var>
<arg>${NOME_CASO_TESTE}</arg>
<arg>\'</arg>
<arg>_</arg>
<doc>Replaces ``search_for`` in the given ``string`` with ``replace_with``.</doc>
<msg timestamp="20230128 00:32:28.453" level="INFO">${NOME_CASO_TESTE} = Alarme</msg>
<status status="PASS" starttime="20230128 00:32:28.452" endtime="20230128 00:32:28.453"/>
</kw>
<msg timestamp="20230128 00:32:28.454" level="INFO">${NOME_CASO_TESTE} = Alarme</msg>
<status status="PASS" starttime="20230128 00:32:28.446" endtime="20230128 00:32:28.454"/>
</kw>
<kw name="Set Suite Variable" library="BuiltIn">
<arg>${NOME_CASO_TESTE}</arg>
<doc>Makes a variable available everywhere within the scope of the current suite.</doc>
<msg timestamp="20230128 00:32:28.456" level="INFO">${NOME_CASO_TESTE} = Alarme</msg>
<status status="PASS" starttime="20230128 00:32:28.455" endtime="20230128 00:32:28.456"/>
</kw>
<kw name="Capture Page Screenshot" library="AppiumLibrary">
<arg>${DATA}.png</arg>
<doc>Takes a screenshot of the current page and embeds it into the log.</doc>
<msg timestamp="20230128 00:32:28.781" level="INFO" html="true">&lt;/td&gt;&lt;/tr&gt;&lt;tr&gt;&lt;td colspan="3"&gt;&lt;a href="28-01-2023_00.32.28.png"&gt;&lt;img src="28-01-2023_00.32.28.png" width="800px"&gt;&lt;/a&gt;</msg>
<status status="PASS" starttime="20230128 00:32:28.456" endtime="20230128 00:32:28.781"/>
</kw>
<kw name="Get Current Date" library="DateTime">
<var>${DATA_ATUAL}</var>
<arg>result_format=%d-%m-%Y_%H.%M</arg>
<doc>Returns current local or UTC time with an optional increment.</doc>
<msg timestamp="20230128 00:32:28.782" level="INFO">${DATA_ATUAL} = 28-01-2023_00.32</msg>
<status status="PASS" starttime="20230128 00:32:28.781" endtime="20230128 00:32:28.782"/>
</kw>
<kw name="Set Global Variable" library="BuiltIn">
<arg>${DATA_ATUAL}</arg>
<doc>Makes a variable available globally in all tests and suites.</doc>
<msg timestamp="20230128 00:32:28.783" level="INFO">${DATA_ATUAL} = 28-01-2023_00.32</msg>
<status status="PASS" starttime="20230128 00:32:28.783" endtime="20230128 00:32:28.783"/>
</kw>
<kw name="Create Directory" library="OperatingSystem">
<arg>${EXECDIR}\\Screenshots\\${NOME_CASO_TESTE}</arg>
<doc>Creates the specified directory.</doc>
<msg timestamp="20230128 00:32:28.784" level="INFO" html="true">Directory '&lt;a href="file://C:\_Projetos\Clock\Screenshots\Alarme"&gt;C:\_Projetos\Clock\Screenshots\Alarme&lt;/a&gt;' already exists.</msg>
<status status="PASS" starttime="20230128 00:32:28.784" endtime="20230128 00:32:28.785"/>
</kw>
<kw name="Move Files" library="OperatingSystem">
<arg>*.png</arg>
<arg>${EXECDIR}\\Screenshots\\${NOME_CASO_TESTE}</arg>
<doc>Moves specified files to the target directory.</doc>
<msg timestamp="20230128 00:32:28.791" level="INFO" html="true">Moved file from '&lt;a href="file://C:\_Projetos\Clock\28-01-2023_00.32.28.png"&gt;C:\_Projetos\Clock\28-01-2023_00.32.28.png&lt;/a&gt;' to '&lt;a href="file://C:\_Projetos\Clock\Screenshots\Alarme\28-01-2023_00.32.28.png"&gt;C:\_Projetos\Clock\Screenshots\Alarme\28-01-2023_00.32.28.png&lt;/a&gt;'.</msg>
<status status="PASS" starttime="20230128 00:32:28.785" endtime="20230128 00:32:28.791"/>
</kw>
<status status="PASS" starttime="20230128 00:32:28.443" endtime="20230128 00:32:28.792"/>
</kw>
<status status="PASS" starttime="20230128 00:32:26.318" endtime="20230128 00:32:28.792"/>
</kw>
<kw name="Clica no icone para excluir alarme" library="alarmeKeywords">
<kw name="Log To Console" library="BuiltIn">
<arg>-&gt; Excluindo alarme...\n</arg>
<doc>Logs the given message to the console.</doc>
<status status="PASS" starttime="20230128 00:32:28.797" endtime="20230128 00:32:28.798"/>
</kw>
<kw name="Click Element" library="AppiumLibrary">
<arg>id=com.google.android.deskclock:id/delete</arg>
<doc>Click element identified by `locator`.</doc>
<msg timestamp="20230128 00:32:28.802" level="INFO">Clicking element 'id=com.google.android.deskclock:id/delete'.</msg>
<msg timestamp="20230128 00:32:28.859" level="INFO">criteria is com.google.android.deskclock:id/delete</msg>
<status status="PASS" starttime="20230128 00:32:28.799" endtime="20230128 00:32:28.859"/>
</kw>
<kw name="Sleep" library="BuiltIn">
<arg>2</arg>
<doc>Pauses the test executed for the given time.</doc>
<msg timestamp="20230128 00:32:30.866" level="INFO">Slept 2 seconds</msg>
<status status="PASS" starttime="20230128 00:32:28.860" endtime="20230128 00:32:30.866"/>
</kw>
<kw name="Captura tela" library="baseKeywords">
<kw name="Get Current Date" library="DateTime">
<var>${DATA}</var>
<arg>result_format=%d-%m-%Y_%H.%M.%S</arg>
<doc>Returns current local or UTC time with an optional increment.</doc>
<msg timestamp="20230128 00:32:30.868" level="INFO">${DATA} = 28-01-2023_00.32.30</msg>
<status status="PASS" starttime="20230128 00:32:30.867" endtime="20230128 00:32:30.868"/>
</kw>
<kw name="Pegar o nome do test-case" library="baseKeywords">
<var>${NOME_CASO_TESTE}</var>
<kw name="Get Variable Value" library="BuiltIn">
<var>${NOME_CASO_TESTE}</var>
<arg>${TEST NAME}</arg>
<doc>Returns variable value or ``default`` if the variable does not exist.</doc>
<msg timestamp="20230128 00:32:30.871" level="INFO">${NOME_CASO_TESTE} = Alarme</msg>
<status status="PASS" starttime="20230128 00:32:30.869" endtime="20230128 00:32:30.871"/>
</kw>
<kw name="Replace String" library="String">
<var>${NOME_CASO_TESTE}</var>
<arg>${NOME_CASO_TESTE}</arg>
<arg>${SPACE}</arg>
<arg>_</arg>
<doc>Replaces ``search_for`` in the given ``string`` with ``replace_with``.</doc>
<msg timestamp="20230128 00:32:30.872" level="INFO">${NOME_CASO_TESTE} = Alarme</msg>
<status status="PASS" starttime="20230128 00:32:30.871" endtime="20230128 00:32:30.872"/>
</kw>
<kw name="Replace String" library="String">
<var>${NOME_CASO_TESTE}</var>
<arg>${NOME_CASO_TESTE}</arg>
<arg>(</arg>
<arg>_</arg>
<doc>Replaces ``search_for`` in the given ``string`` with ``replace_with``.</doc>
<msg timestamp="20230128 00:32:30.873" level="INFO">${NOME_CASO_TESTE} = Alarme</msg>
<status status="PASS" starttime="20230128 00:32:30.872" endtime="20230128 00:32:30.873"/>
</kw>
<kw name="Replace String" library="String">
<var>${NOME_CASO_TESTE}</var>
<arg>${NOME_CASO_TESTE}</arg>
<arg>)</arg>
<arg>_</arg>
<doc>Replaces ``search_for`` in the given ``string`` with ``replace_with``.</doc>
<msg timestamp="20230128 00:32:30.874" level="INFO">${NOME_CASO_TESTE} = Alarme</msg>
<status status="PASS" starttime="20230128 00:32:30.874" endtime="20230128 00:32:30.874"/>
</kw>
<kw name="Replace String" library="String">
<var>${NOME_CASO_TESTE}</var>
<arg>${NOME_CASO_TESTE}</arg>
<arg>\"</arg>
<arg>_</arg>
<doc>Replaces ``search_for`` in the given ``string`` with ``replace_with``.</doc>
<msg timestamp="20230128 00:32:30.875" level="INFO">${NOME_CASO_TESTE} = Alarme</msg>
<status status="PASS" starttime="20230128 00:32:30.875" endtime="20230128 00:32:30.875"/>
</kw>
<kw name="Replace String" library="String">
<var>${NOME_CASO_TESTE}</var>
<arg>${NOME_CASO_TESTE}</arg>
<arg>:</arg>
<arg>_</arg>
<doc>Replaces ``search_for`` in the given ``string`` with ``replace_with``.</doc>
<msg timestamp="20230128 00:32:30.876" level="INFO">${NOME_CASO_TESTE} = Alarme</msg>
<status status="PASS" starttime="20230128 00:32:30.876" endtime="20230128 00:32:30.876"/>
</kw>
<kw name="Replace String" library="String">
<var>${NOME_CASO_TESTE}</var>
<arg>${NOME_CASO_TESTE}</arg>
<arg>\'</arg>
<arg>_</arg>
<doc>Replaces ``search_for`` in the given ``string`` with ``replace_with``.</doc>
<msg timestamp="20230128 00:32:30.878" level="INFO">${NOME_CASO_TESTE} = Alarme</msg>
<status status="PASS" starttime="20230128 00:32:30.877" endtime="20230128 00:32:30.879"/>
</kw>
<msg timestamp="20230128 00:32:30.880" level="INFO">${NOME_CASO_TESTE} = Alarme</msg>
<status status="PASS" starttime="20230128 00:32:30.869" endtime="20230128 00:32:30.881"/>
</kw>
<kw name="Set Suite Variable" library="BuiltIn">
<arg>${NOME_CASO_TESTE}</arg>
<doc>Makes a variable available everywhere within the scope of the current suite.</doc>
<msg timestamp="20230128 00:32:30.882" level="INFO">${NOME_CASO_TESTE} = Alarme</msg>
<status status="PASS" starttime="20230128 00:32:30.881" endtime="20230128 00:32:30.883"/>
</kw>
<kw name="Capture Page Screenshot" library="AppiumLibrary">
<arg>${DATA}.png</arg>
<doc>Takes a screenshot of the current page and embeds it into the log.</doc>
<msg timestamp="20230128 00:32:31.151" level="INFO" html="true">&lt;/td&gt;&lt;/tr&gt;&lt;tr&gt;&lt;td colspan="3"&gt;&lt;a href="28-01-2023_00.32.30.png"&gt;&lt;img src="28-01-2023_00.32.30.png" width="800px"&gt;&lt;/a&gt;</msg>
<status status="PASS" starttime="20230128 00:32:30.883" endtime="20230128 00:32:31.152"/>
</kw>
<kw name="Get Current Date" library="DateTime">
<var>${DATA_ATUAL}</var>
<arg>result_format=%d-%m-%Y_%H.%M</arg>
<doc>Returns current local or UTC time with an optional increment.</doc>
<msg timestamp="20230128 00:32:31.153" level="INFO">${DATA_ATUAL} = 28-01-2023_00.32</msg>
<status status="PASS" starttime="20230128 00:32:31.152" endtime="20230128 00:32:31.153"/>
</kw>
<kw name="Set Global Variable" library="BuiltIn">
<arg>${DATA_ATUAL}</arg>
<doc>Makes a variable available globally in all tests and suites.</doc>
<msg timestamp="20230128 00:32:31.154" level="INFO">${DATA_ATUAL} = 28-01-2023_00.32</msg>
<status status="PASS" starttime="20230128 00:32:31.153" endtime="20230128 00:32:31.154"/>
</kw>
<kw name="Create Directory" library="OperatingSystem">
<arg>${EXECDIR}\\Screenshots\\${NOME_CASO_TESTE}</arg>
<doc>Creates the specified directory.</doc>
<msg timestamp="20230128 00:32:31.155" level="INFO" html="true">Directory '&lt;a href="file://C:\_Projetos\Clock\Screenshots\Alarme"&gt;C:\_Projetos\Clock\Screenshots\Alarme&lt;/a&gt;' already exists.</msg>
<status status="PASS" starttime="20230128 00:32:31.154" endtime="20230128 00:32:31.155"/>
</kw>
<kw name="Move Files" library="OperatingSystem">
<arg>*.png</arg>
<arg>${EXECDIR}\\Screenshots\\${NOME_CASO_TESTE}</arg>
<doc>Moves specified files to the target directory.</doc>
<msg timestamp="20230128 00:32:31.164" level="INFO" html="true">Moved file from '&lt;a href="file://C:\_Projetos\Clock\28-01-2023_00.32.30.png"&gt;C:\_Projetos\Clock\28-01-2023_00.32.30.png&lt;/a&gt;' to '&lt;a href="file://C:\_Projetos\Clock\Screenshots\Alarme\28-01-2023_00.32.30.png"&gt;C:\_Projetos\Clock\Screenshots\Alarme\28-01-2023_00.32.30.png&lt;/a&gt;'.</msg>
<status status="PASS" starttime="20230128 00:32:31.155" endtime="20230128 00:32:31.165"/>
</kw>
<status status="PASS" starttime="20230128 00:32:30.867" endtime="20230128 00:32:31.166"/>
</kw>
<status status="PASS" starttime="20230128 00:32:28.796" endtime="20230128 00:32:31.166"/>
</kw>
<kw name="Fecha App" library="baseKeywords" type="TEARDOWN">
<kw name="Log To Console" library="BuiltIn">
<arg>-&gt; Fechando App...\n</arg>
<doc>Logs the given message to the console.</doc>
<status status="PASS" starttime="20230128 00:32:31.169" endtime="20230128 00:32:31.170"/>
</kw>
<kw name="Close Application" library="AppiumLibrary">
<doc>Closes the current application and also close webdriver session.</doc>
<status status="PASS" starttime="20230128 00:32:31.171" endtime="20230128 00:32:33.310"/>
</kw>
<status status="PASS" starttime="20230128 00:32:31.167" endtime="20230128 00:32:33.312"/>
</kw>
<status status="PASS" starttime="20230128 00:31:38.573" endtime="20230128 00:32:33.314"/>
</test>
<status status="PASS" starttime="20230128 00:31:37.738" endtime="20230128 00:32:33.317"/>
</suite>
<suite id="s1-s2" name="cronometroTest" source="c:\_Projetos\Clock\testcases\cronometroTest.robot">
<test id="s1-s2-t1" name="Cronometro" line="10">
<kw name="Abre App" library="baseKeywords" type="SETUP">
<kw name="Log To Console" library="BuiltIn">
<arg>\n-&gt; Abrindo App...\n</arg>
<doc>Logs the given message to the console.</doc>
<status status="PASS" starttime="20230128 00:32:33.359" endtime="20230128 00:32:33.363"/>
</kw>
<kw name="Open Application" library="AppiumLibrary">
<arg>http://localhost:4723/wd/hub</arg>
<arg>automationName=UiAutomator2</arg>
<arg>platformName=Android</arg>
<arg>deviceName=emulator</arg>
<arg>appPackage=com.google.android.deskclock</arg>
<arg>appActivity=com.android.deskclock.DeskClock</arg>
<arg>autoGrantPermissions=true</arg>
<doc>Opens a new application to given Appium server.
Capabilities of appium server, Android and iOS,
Please check https://github.com/appium/appium/blob/master/docs/en/writing-running-appium/server-args.md
| *Option*            | *Man.* | *Description*     |
| remote_url          | Yes    | Appium server url |
| alias               | no     | alias             |
| strict_ssl          | No     | allows you to send commands to an invalid certificate host like a self-signed one. |</doc>
<status status="PASS" starttime="20230128 00:32:33.364" endtime="20230128 00:32:54.793"/>
</kw>
<kw name="Wait Until Element Is Visible" library="AppiumLibrary">
<arg>id=com.google.android.deskclock:id/toolbar</arg>
<arg>10</arg>
<doc>Waits until element specified with `locator` is visible.</doc>
<msg timestamp="20230128 00:32:55.358" level="INFO">criteria is com.google.android.deskclock:id/toolbar</msg>
<status status="PASS" starttime="20230128 00:32:54.794" endtime="20230128 00:32:55.359"/>
</kw>
<status status="PASS" starttime="20230128 00:32:33.358" endtime="20230128 00:32:55.359"/>
</kw>
<kw name="Clica no icone de Cronometro" library="cronometroKeywords">
<kw name="Log To Console" library="BuiltIn">
<arg>-&gt; Entrando na tela de cronometro...\n</arg>
<doc>Logs the given message to the console.</doc>
<status status="PASS" starttime="20230128 00:32:55.362" endtime="20230128 00:32:55.365"/>
</kw>
<kw name="Wait Until Element Is Visible" library="AppiumLibrary">
<arg>xpath=//android.widget.ImageView[@content-desc="Cronômetro"]</arg>
<arg>20</arg>
<doc>Waits until element specified with `locator` is visible.</doc>
<msg timestamp="20230128 00:32:55.591" level="INFO">xpath criteria: //android.widget.ImageView[@content-desc="Cronômetro"]</msg>
<status status="PASS" starttime="20230128 00:32:55.366" endtime="20230128 00:32:55.593"/>
</kw>
<kw name="Click Element" library="AppiumLibrary">
<arg>xpath=//android.widget.ImageView[@content-desc="Cronômetro"]</arg>
<doc>Click element identified by `locator`.</doc>
<msg timestamp="20230128 00:32:55.598" level="INFO">Clicking element 'xpath=//android.widget.ImageView[@content-desc="Cronômetro"]'.</msg>
<msg timestamp="20230128 00:32:55.802" level="INFO">xpath criteria: //android.widget.ImageView[@content-desc="Cronômetro"]</msg>
<status status="PASS" starttime="20230128 00:32:55.593" endtime="20230128 00:32:55.803"/>
</kw>
<kw name="Sleep" library="BuiltIn">
<arg>2</arg>
<doc>Pauses the test executed for the given time.</doc>
<msg timestamp="20230128 00:32:57.806" level="INFO">Slept 2 seconds</msg>
<status status="PASS" starttime="20230128 00:32:55.804" endtime="20230128 00:32:57.806"/>
</kw>
<kw name="Captura tela" library="baseKeywords">
<kw name="Get Current Date" library="DateTime">
<var>${DATA}</var>
<arg>result_format=%d-%m-%Y_%H.%M.%S</arg>
<doc>Returns current local or UTC time with an optional increment.</doc>
<msg timestamp="20230128 00:32:57.808" level="INFO">${DATA} = 28-01-2023_00.32.57</msg>
<status status="PASS" starttime="20230128 00:32:57.807" endtime="20230128 00:32:57.808"/>
</kw>
<kw name="Pegar o nome do test-case" library="baseKeywords">
<var>${NOME_CASO_TESTE}</var>
<kw name="Get Variable Value" library="BuiltIn">
<var>${NOME_CASO_TESTE}</var>
<arg>${TEST NAME}</arg>
<doc>Returns variable value or ``default`` if the variable does not exist.</doc>
<msg timestamp="20230128 00:32:57.809" level="INFO">${NOME_CASO_TESTE} = Cronometro</msg>
<status status="PASS" starttime="20230128 00:32:57.809" endtime="20230128 00:32:57.809"/>
</kw>
<kw name="Replace String" library="String">
<var>${NOME_CASO_TESTE}</var>
<arg>${NOME_CASO_TESTE}</arg>
<arg>${SPACE}</arg>
<arg>_</arg>
<doc>Replaces ``search_for`` in the given ``string`` with ``replace_with``.</doc>
<msg timestamp="20230128 00:32:57.810" level="INFO">${NOME_CASO_TESTE} = Cronometro</msg>
<status status="PASS" starttime="20230128 00:32:57.809" endtime="20230128 00:32:57.810"/>
</kw>
<kw name="Replace String" library="String">
<var>${NOME_CASO_TESTE}</var>
<arg>${NOME_CASO_TESTE}</arg>
<arg>(</arg>
<arg>_</arg>
<doc>Replaces ``search_for`` in the given ``string`` with ``replace_with``.</doc>
<msg timestamp="20230128 00:32:57.813" level="INFO">${NOME_CASO_TESTE} = Cronometro</msg>
<status status="PASS" starttime="20230128 00:32:57.811" endtime="20230128 00:32:57.813"/>
</kw>
<kw name="Replace String" library="String">
<var>${NOME_CASO_TESTE}</var>
<arg>${NOME_CASO_TESTE}</arg>
<arg>)</arg>
<arg>_</arg>
<doc>Replaces ``search_for`` in the given ``string`` with ``replace_with``.</doc>
<msg timestamp="20230128 00:32:57.814" level="INFO">${NOME_CASO_TESTE} = Cronometro</msg>
<status status="PASS" starttime="20230128 00:32:57.814" endtime="20230128 00:32:57.815"/>
</kw>
<kw name="Replace String" library="String">
<var>${NOME_CASO_TESTE}</var>
<arg>${NOME_CASO_TESTE}</arg>
<arg>\"</arg>
<arg>_</arg>
<doc>Replaces ``search_for`` in the given ``string`` with ``replace_with``.</doc>
<msg timestamp="20230128 00:32:57.815" level="INFO">${NOME_CASO_TESTE} = Cronometro</msg>
<status status="PASS" starttime="20230128 00:32:57.815" endtime="20230128 00:32:57.816"/>
</kw>
<kw name="Replace String" library="String">
<var>${NOME_CASO_TESTE}</var>
<arg>${NOME_CASO_TESTE}</arg>
<arg>:</arg>
<arg>_</arg>
<doc>Replaces ``search_for`` in the given ``string`` with ``replace_with``.</doc>
<msg timestamp="20230128 00:32:57.816" level="INFO">${NOME_CASO_TESTE} = Cronometro</msg>
<status status="PASS" starttime="20230128 00:32:57.816" endtime="20230128 00:32:57.817"/>
</kw>
<kw name="Replace String" library="String">
<var>${NOME_CASO_TESTE}</var>
<arg>${NOME_CASO_TESTE}</arg>
<arg>\'</arg>
<arg>_</arg>
<doc>Replaces ``search_for`` in the given ``string`` with ``replace_with``.</doc>
<msg timestamp="20230128 00:32:57.818" level="INFO">${NOME_CASO_TESTE} = Cronometro</msg>
<status status="PASS" starttime="20230128 00:32:57.817" endtime="20230128 00:32:57.818"/>
</kw>
<msg timestamp="20230128 00:32:57.819" level="INFO">${NOME_CASO_TESTE} = Cronometro</msg>
[...]
<status status="PASS" starttime="20230128 00:34:25.059" endtime="20230128 00:34:25.060"/>
</kw>
<msg timestamp="20230128 00:34:25.060" level="INFO">${NOME_CASO_TESTE} = Temporizador</msg>
<status status="PASS" starttime="20230128 00:34:25.051" endtime="20230128 00:34:25.060"/>
</kw>
<kw name="Set Suite Variable" library="BuiltIn">
<arg>${NOME_CASO_TESTE}</arg>
<doc>Makes a variable available everywhere within the scope of the current suite.</doc>
<msg timestamp="20230128 00:34:25.061" level="INFO">${NOME_CASO_TESTE} = Temporizador</msg>
<status status="PASS" starttime="20230128 00:34:25.060" endtime="20230128 00:34:25.061"/>
</kw>
<kw name="Capture Page Screenshot" library="AppiumLibrary">
<arg>${DATA}.png</arg>
<doc>Takes a screenshot of the current page and embeds it into the log.</doc>
<msg timestamp="20230128 00:34:25.466" level="INFO" html="true">&lt;/td&gt;&lt;/tr&gt;&lt;tr&gt;&lt;td colspan="3"&gt;&lt;a href="28-01-2023_00.34.25.png"&gt;&lt;img src="28-01-2023_00.34.25.png" width="800px"&gt;&lt;/a&gt;</msg>
<status status="PASS" starttime="20230128 00:34:25.061" endtime="20230128 00:34:25.467"/>
</kw>
<kw name="Get Current Date" library="DateTime">
<var>${DATA_ATUAL}</var>
<arg>result_format=%d-%m-%Y_%H.%M</arg>
<doc>Returns current local or UTC time with an optional increment.</doc>
<msg timestamp="20230128 00:34:25.469" level="INFO">${DATA_ATUAL} = 28-01-2023_00.34</msg>
<status status="PASS" starttime="20230128 00:34:25.468" endtime="20230128 00:34:25.470"/>
</kw>
<kw name="Set Global Variable" library="BuiltIn">
<arg>${DATA_ATUAL}</arg>
<doc>Makes a variable available globally in all tests and suites.</doc>
<msg timestamp="20230128 00:34:25.472" level="INFO">${DATA_ATUAL} = 28-01-2023_00.34</msg>
<status status="PASS" starttime="20230128 00:34:25.471" endtime="20230128 00:34:25.473"/>
</kw>
<kw name="Create Directory" library="OperatingSystem">
<arg>${EXECDIR}\\Screenshots\\${NOME_CASO_TESTE}</arg>
<doc>Creates the specified directory.</doc>
<msg timestamp="20230128 00:34:25.475" level="INFO" html="true">Directory '&lt;a href="file://C:\_Projetos\Clock\Screenshots\Temporizador"&gt;C:\_Projetos\Clock\Screenshots\Temporizador&lt;/a&gt;' already exists.</msg>
<status status="PASS" starttime="20230128 00:34:25.473" endtime="20230128 00:34:25.475"/>
</kw>
<kw name="Move Files" library="OperatingSystem">
<arg>*.png</arg>
<arg>${EXECDIR}\\Screenshots\\${NOME_CASO_TESTE}</arg>
<doc>Moves specified files to the target directory.</doc>
<msg timestamp="20230128 00:34:25.487" level="INFO" html="true">Moved file from '&lt;a href="file://C:\_Projetos\Clock\28-01-2023_00.34.25.png"&gt;C:\_Projetos\Clock\28-01-2023_00.34.25.png&lt;/a&gt;' to '&lt;a href="file://C:\_Projetos\Clock\Screenshots\Temporizador\28-01-2023_00.34.25.png"&gt;C:\_Projetos\Clock\Screenshots\Temporizador\28-01-2023_00.34.25.png&lt;/a&gt;'.</msg>
<status status="PASS" starttime="20230128 00:34:25.475" endtime="20230128 00:34:25.488"/>
</kw>
<status status="PASS" starttime="20230128 00:34:25.049" endtime="20230128 00:34:25.489"/>
</kw>
<status status="PASS" starttime="20230128 00:34:17.631" endtime="20230128 00:34:25.490"/>
</kw>
<kw name="Para o alarme do temporizador" library="temporizadorKeywords">
<kw name="Log To Console" library="BuiltIn">
<arg>-&gt; Parando o temporizador...\n</arg>
<doc>Logs the given message to the console.</doc>
<status status="PASS" starttime="20230128 00:34:25.493" endtime="20230128 00:34:25.501"/>
</kw>
<kw name="Click Element" library="AppiumLibrary">
<arg>xpath=//android.widget.ImageButton[@content-desc="Parar"]</arg>
<doc>Click element identified by `locator`.</doc>
<msg timestamp="20230128 00:34:25.513" level="INFO">Clicking element 'xpath=//android.widget.ImageButton[@content-desc="Parar"]'.</msg>
<msg timestamp="20230128 00:34:26.990" level="INFO">xpath criteria: //android.widget.ImageButton[@content-desc="Parar"]</msg>
<status status="PASS" starttime="20230128 00:34:25.506" endtime="20230128 00:34:26.991"/>
</kw>
<kw name="Sleep" library="BuiltIn">
<arg>2</arg>
<doc>Pauses the test executed for the given time.</doc>
<msg timestamp="20230128 00:34:28.994" level="INFO">Slept 2 seconds</msg>
<status status="PASS" starttime="20230128 00:34:26.992" endtime="20230128 00:34:28.994"/>
</kw>
<kw name="Captura tela" library="baseKeywords">
<kw name="Get Current Date" library="DateTime">
<var>${DATA}</var>
<arg>result_format=%d-%m-%Y_%H.%M.%S</arg>
<doc>Returns current local or UTC time with an optional increment.</doc>
<msg timestamp="20230128 00:34:28.997" level="INFO">${DATA} = 28-01-2023_00.34.28</msg>
<status status="PASS" starttime="20230128 00:34:28.996" endtime="20230128 00:34:28.997"/>
</kw>
<kw name="Pegar o nome do test-case" library="baseKeywords">
<var>${NOME_CASO_TESTE}</var>
<kw name="Get Variable Value" library="BuiltIn">
<var>${NOME_CASO_TESTE}</var>
<arg>${TEST NAME}</arg>
<doc>Returns variable value or ``default`` if the variable does not exist.</doc>
<msg timestamp="20230128 00:34:28.999" level="INFO">${NOME_CASO_TESTE} = Temporizador</msg>
<status status="PASS" starttime="20230128 00:34:28.998" endtime="20230128 00:34:28.999"/>
</kw>
<kw name="Replace String" library="String">
<var>${NOME_CASO_TESTE}</var>
<arg>${NOME_CASO_TESTE}</arg>
<arg>${SPACE}</arg>
<arg>_</arg>
<doc>Replaces ``search_for`` in the given ``string`` with ``replace_with``.</doc>
<msg timestamp="20230128 00:34:28.999" level="INFO">${NOME_CASO_TESTE} = Temporizador</msg>
<status status="PASS" starttime="20230128 00:34:28.999" endtime="20230128 00:34:29.000"/>
</kw>
<kw name="Replace String" library="String">
<var>${NOME_CASO_TESTE}</var>
<arg>${NOME_CASO_TESTE}</arg>
<arg>(</arg>
<arg>_</arg>
<doc>Replaces ``search_for`` in the given ``string`` with ``replace_with``.</doc>
<msg timestamp="20230128 00:34:29.000" level="INFO">${NOME_CASO_TESTE} = Temporizador</msg>
<status status="PASS" starttime="20230128 00:34:29.000" endtime="20230128 00:34:29.000"/>
</kw>
<kw name="Replace String" library="String">
<var>${NOME_CASO_TESTE}</var>
<arg>${NOME_CASO_TESTE}</arg>
<arg>)</arg>
<arg>_</arg>
<doc>Replaces ``search_for`` in the given ``string`` with ``replace_with``.</doc>
<msg timestamp="20230128 00:34:29.001" level="INFO">${NOME_CASO_TESTE} = Temporizador</msg>
<status status="PASS" starttime="20230128 00:34:29.001" endtime="20230128 00:34:29.001"/>
</kw>
<kw name="Replace String" library="String">
<var>${NOME_CASO_TESTE}</var>
<arg>${NOME_CASO_TESTE}</arg>
<arg>\"</arg>
<arg>_</arg>
<doc>Replaces ``search_for`` in the given ``string`` with ``replace_with``.</doc>
<msg timestamp="20230128 00:34:29.001" level="INFO">${NOME_CASO_TESTE} = Temporizador</msg>
<status status="PASS" starttime="20230128 00:34:29.001" endtime="20230128 00:34:29.002"/>
</kw>
<kw name="Replace String" library="String">
<var>${NOME_CASO_TESTE}</var>
<arg>${NOME_CASO_TESTE}</arg>
<arg>:</arg>
<arg>_</arg>
<doc>Replaces ``search_for`` in the given ``string`` with ``replace_with``.</doc>
<msg timestamp="20230128 00:34:29.002" level="INFO">${NOME_CASO_TESTE} = Temporizador</msg>
<status status="PASS" starttime="20230128 00:34:29.002" endtime="20230128 00:34:29.003"/>
</kw>
<kw name="Replace String" library="String">
<var>${NOME_CASO_TESTE}</var>
<arg>${NOME_CASO_TESTE}</arg>
<arg>\'</arg>
<arg>_</arg>
<doc>Replaces ``search_for`` in the given ``string`` with ``replace_with``.</doc>
<msg timestamp="20230128 00:34:29.003" level="INFO">${NOME_CASO_TESTE} = Temporizador</msg>
<status status="PASS" starttime="20230128 00:34:29.003" endtime="20230128 00:34:29.003"/>
</kw>
<msg timestamp="20230128 00:34:29.004" level="INFO">${NOME_CASO_TESTE} = Temporizador</msg>
<status status="PASS" starttime="20230128 00:34:28.997" endtime="20230128 00:34:29.004"/>
</kw>
<kw name="Set Suite Variable" library="BuiltIn">
<arg>${NOME_CASO_TESTE}</arg>
<doc>Makes a variable available everywhere within the scope of the current suite.</doc>
<msg timestamp="20230128 00:34:29.004" level="INFO">${NOME_CASO_TESTE} = Temporizador</msg>
<status status="PASS" starttime="20230128 00:34:29.004" endtime="20230128 00:34:29.005"/>
</kw>
<kw name="Capture Page Screenshot" library="AppiumLibrary">
<arg>${DATA}.png</arg>
<doc>Takes a screenshot of the current page and embeds it into the log.</doc>
<msg timestamp="20230128 00:34:29.258" level="INFO" html="true">&lt;/td&gt;&lt;/tr&gt;&lt;tr&gt;&lt;td colspan="3"&gt;&lt;a href="28-01-2023_00.34.28.png"&gt;&lt;img src="28-01-2023_00.34.28.png" width="800px"&gt;&lt;/a&gt;</msg>
<status status="PASS" starttime="20230128 00:34:29.005" endtime="20230128 00:34:29.259"/>
</kw>
<kw name="Get Current Date" library="DateTime">
<var>${DATA_ATUAL}</var>
<arg>result_format=%d-%m-%Y_%H.%M</arg>
<doc>Returns current local or UTC time with an optional increment.</doc>
<msg timestamp="20230128 00:34:29.261" level="INFO">${DATA_ATUAL} = 28-01-2023_00.34</msg>
<status status="PASS" starttime="20230128 00:34:29.260" endtime="20230128 00:34:29.262"/>
</kw>
<kw name="Set Global Variable" library="BuiltIn">
<arg>${DATA_ATUAL}</arg>
<doc>Makes a variable available globally in all tests and suites.</doc>
<msg timestamp="20230128 00:34:29.265" level="INFO">${DATA_ATUAL} = 28-01-2023_00.34</msg>
<status status="PASS" starttime="20230128 00:34:29.263" endtime="20230128 00:34:29.265"/>
</kw>
<kw name="Create Directory" library="OperatingSystem">
<arg>${EXECDIR}\\Screenshots\\${NOME_CASO_TESTE}</arg>
<doc>Creates the specified directory.</doc>
<msg timestamp="20230128 00:34:29.267" level="INFO" html="true">Directory '&lt;a href="file://C:\_Projetos\Clock\Screenshots\Temporizador"&gt;C:\_Projetos\Clock\Screenshots\Temporizador&lt;/a&gt;' already exists.</msg>
<status status="PASS" starttime="20230128 00:34:29.265" endtime="20230128 00:34:29.267"/>
</kw>
<kw name="Move Files" library="OperatingSystem">
<arg>*.png</arg>
<arg>${EXECDIR}\\Screenshots\\${NOME_CASO_TESTE}</arg>
<doc>Moves specified files to the target directory.</doc>
<msg timestamp="20230128 00:34:29.276" level="INFO" html="true">Moved file from '&lt;a href="file://C:\_Projetos\Clock\28-01-2023_00.34.28.png"&gt;C:\_Projetos\Clock\28-01-2023_00.34.28.png&lt;/a&gt;' to '&lt;a href="file://C:\_Projetos\Clock\Screenshots\Temporizador\28-01-2023_00.34.28.png"&gt;C:\_Projetos\Clock\Screenshots\Temporizador\28-01-2023_00.34.28.png&lt;/a&gt;'.</msg>
<status status="PASS" starttime="20230128 00:34:29.268" endtime="20230128 00:34:29.277"/>
</kw>
<status status="PASS" starttime="20230128 00:34:28.995" endtime="20230128 00:34:29.277"/>
</kw>
<status status="PASS" starttime="20230128 00:34:25.491" endtime="20230128 00:34:29.278"/>
</kw>
<kw name="Exclui o temporizador" library="temporizadorKeywords">
<kw name="Log To Console" library="BuiltIn">
<arg>-&gt; Excluindo o temporizador...\n</arg>
<doc>Logs the given message to the console.</doc>
<status status="PASS" starttime="20230128 00:34:29.283" endtime="20230128 00:34:29.285"/>
</kw>
<kw name="Wait Until Element Is Visible" library="AppiumLibrary">
<arg>id=com.google.android.deskclock:id/left_button</arg>
<arg>20</arg>
<doc>Waits until element specified with `locator` is visible.</doc>
<msg timestamp="20230128 00:34:29.336" level="INFO">criteria is com.google.android.deskclock:id/left_button</msg>
<status status="PASS" starttime="20230128 00:34:29.285" endtime="20230128 00:34:29.336"/>
</kw>
<kw name="Click Element" library="AppiumLibrary">
<arg>id=com.google.android.deskclock:id/left_button</arg>
<doc>Click element identified by `locator`.</doc>
<msg timestamp="20230128 00:34:29.339" level="INFO">Clicking element 'id=com.google.android.deskclock:id/left_button'.</msg>
<msg timestamp="20230128 00:34:29.394" level="INFO">criteria is com.google.android.deskclock:id/left_button</msg>
<status status="PASS" starttime="20230128 00:34:29.337" endtime="20230128 00:34:29.394"/>
</kw>
<kw name="Sleep" library="BuiltIn">
<arg>2</arg>
<doc>Pauses the test executed for the given time.</doc>
<msg timestamp="20230128 00:34:31.412" level="INFO">Slept 2 seconds</msg>
<status status="PASS" starttime="20230128 00:34:29.395" endtime="20230128 00:34:31.413"/>
</kw>
<kw name="Captura tela" library="baseKeywords">
<kw name="Get Current Date" library="DateTime">
<var>${DATA}</var>
<arg>result_format=%d-%m-%Y_%H.%M.%S</arg>
<doc>Returns current local or UTC time with an optional increment.</doc>
<msg timestamp="20230128 00:34:31.415" level="INFO">${DATA} = 28-01-2023_00.34.31</msg>
<status status="PASS" starttime="20230128 00:34:31.415" endtime="20230128 00:34:31.415"/>
</kw>
<kw name="Pegar o nome do test-case" library="baseKeywords">
<var>${NOME_CASO_TESTE}</var>
<kw name="Get Variable Value" library="BuiltIn">
<var>${NOME_CASO_TESTE}</var>
<arg>${TEST NAME}</arg>
<doc>Returns variable value or ``default`` if the variable does not exist.</doc>
<msg timestamp="20230128 00:34:31.416" level="INFO">${NOME_CASO_TESTE} = Temporizador</msg>
<status status="PASS" starttime="20230128 00:34:31.416" endtime="20230128 00:34:31.416"/>
</kw>
<kw name="Replace String" library="String">
<var>${NOME_CASO_TESTE}</var>
<arg>${NOME_CASO_TESTE}</arg>
<arg>${SPACE}</arg>
<arg>_</arg>
<doc>Replaces ``search_for`` in the given ``string`` with ``replace_with``.</doc>
<msg timestamp="20230128 00:34:31.417" level="INFO">${NOME_CASO_TESTE} = Temporizador</msg>
<status status="PASS" starttime="20230128 00:34:31.417" endtime="20230128 00:34:31.417"/>
</kw>
<kw name="Replace String" library="String">
<var>${NOME_CASO_TESTE}</var>
<arg>${NOME_CASO_TESTE}</arg>
<arg>(</arg>
<arg>_</arg>
<doc>Replaces ``search_for`` in the given ``string`` with ``replace_with``.</doc>
<msg timestamp="20230128 00:34:31.418" level="INFO">${NOME_CASO_TESTE} = Temporizador</msg>
<status status="PASS" starttime="20230128 00:34:31.417" endtime="20230128 00:34:31.418"/>
</kw>
<kw name="Replace String" library="String">
<var>${NOME_CASO_TESTE}</var>
<arg>${NOME_CASO_TESTE}</arg>
<arg>)</arg>
<arg>_</arg>
<doc>Replaces ``search_for`` in the given ``string`` with ``replace_with``.</doc>
<msg timestamp="20230128 00:34:31.418" level="INFO">${NOME_CASO_TESTE} = Temporizador</msg>
<status status="PASS" starttime="20230128 00:34:31.418" endtime="20230128 00:34:31.419"/>
</kw>
<kw name="Replace String" library="String">
<var>${NOME_CASO_TESTE}</var>
<arg>${NOME_CASO_TESTE}</arg>
<arg>\"</arg>
<arg>_</arg>
<doc>Replaces ``search_for`` in the given ``string`` with ``replace_with``.</doc>
<msg timestamp="20230128 00:34:31.419" level="INFO">${NOME_CASO_TESTE} = Temporizador</msg>
<status status="PASS" starttime="20230128 00:34:31.419" endtime="20230128 00:34:31.419"/>
</kw>
<kw name="Replace String" library="String">
<var>${NOME_CASO_TESTE}</var>
<arg>${NOME_CASO_TESTE}</arg>
<arg>:</arg>
<arg>_</arg>
<doc>Replaces ``search_for`` in the given ``string`` with ``replace_with``.</doc>
<msg timestamp="20230128 00:34:31.419" level="INFO">${NOME_CASO_TESTE} = Temporizador</msg>
<status status="PASS" starttime="20230128 00:34:31.419" endtime="20230128 00:34:31.420"/>
</kw>
<kw name="Replace String" library="String">
<var>${NOME_CASO_TESTE}</var>
<arg>${NOME_CASO_TESTE}</arg>
<arg>\'</arg>
<arg>_</arg>
<doc>Replaces ``search_for`` in the given ``string`` with ``replace_with``.</doc>
<msg timestamp="20230128 00:34:31.420" level="INFO">${NOME_CASO_TESTE} = Temporizador</msg>
<status status="PASS" starttime="20230128 00:34:31.420" endtime="20230128 00:34:31.420"/>
</kw>
<msg timestamp="20230128 00:34:31.421" level="INFO">${NOME_CASO_TESTE} = Temporizador</msg>
<status status="PASS" starttime="20230128 00:34:31.415" endtime="20230128 00:34:31.421"/>
</kw>
<kw name="Set Suite Variable" library="BuiltIn">
<arg>${NOME_CASO_TESTE}</arg>
<doc>Makes a variable available everywhere within the scope of the current suite.</doc>
<msg timestamp="20230128 00:34:31.421" level="INFO">${NOME_CASO_TESTE} = Temporizador</msg>
<status status="PASS" starttime="20230128 00:34:31.421" endtime="20230128 00:34:31.421"/>
</kw>
<kw name="Capture Page Screenshot" library="AppiumLibrary">
<arg>${DATA}.png</arg>
<doc>Takes a screenshot of the current page and embeds it into the log.</doc>
<msg timestamp="20230128 00:34:31.649" level="INFO" html="true">&lt;/td&gt;&lt;/tr&gt;&lt;tr&gt;&lt;td colspan="3"&gt;&lt;a href="28-01-2023_00.34.31.png"&gt;&lt;img src="28-01-2023_00.34.31.png" width="800px"&gt;&lt;/a&gt;</msg>
<status status="PASS" starttime="20230128 00:34:31.422" endtime="20230128 00:34:31.650"/>
</kw>
<kw name="Get Current Date" library="DateTime">
<var>${DATA_ATUAL}</var>
<arg>result_format=%d-%m-%Y_%H.%M</arg>
<doc>Returns current local or UTC time with an optional increment.</doc>
<msg timestamp="20230128 00:34:31.651" level="INFO">${DATA_ATUAL} = 28-01-2023_00.34</msg>
<status status="PASS" starttime="20230128 00:34:31.650" endtime="20230128 00:34:31.651"/>
</kw>
<kw name="Set Global Variable" library="BuiltIn">
<arg>${DATA_ATUAL}</arg>
<doc>Makes a variable available globally in all tests and suites.</doc>
<msg timestamp="20230128 00:34:31.652" level="INFO">${DATA_ATUAL} = 28-01-2023_00.34</msg>
<status status="PASS" starttime="20230128 00:34:31.651" endtime="20230128 00:34:31.652"/>
</kw>
<kw name="Create Directory" library="OperatingSystem">
<arg>${EXECDIR}\\Screenshots\\${NOME_CASO_TESTE}</arg>
<doc>Creates the specified directory.</doc>
<msg timestamp="20230128 00:34:31.653" level="INFO" html="true">Directory '&lt;a href="file://C:\_Projetos\Clock\Screenshots\Temporizador"&gt;C:\_Projetos\Clock\Screenshots\Temporizador&lt;/a&gt;' already exists.</msg>
<status status="PASS" starttime="20230128 00:34:31.652" endtime="20230128 00:34:31.653"/>
</kw>
<kw name="Move Files" library="OperatingSystem">
<arg>*.png</arg>
<arg>${EXECDIR}\\Screenshots\\${NOME_CASO_TESTE}</arg>
<doc>Moves specified files to the target directory.</doc>
<msg timestamp="20230128 00:34:31.659" level="INFO" html="true">Moved file from '&lt;a href="file://C:\_Projetos\Clock\28-01-2023_00.34.31.png"&gt;C:\_Projetos\Clock\28-01-2023_00.34.31.png&lt;/a&gt;' to '&lt;a href="file://C:\_Projetos\Clock\Screenshots\Temporizador\28-01-2023_00.34.31.png"&gt;C:\_Projetos\Clock\Screenshots\Temporizador\28-01-2023_00.34.31.png&lt;/a&gt;'.</msg>
<status status="PASS" starttime="20230128 00:34:31.653" endtime="20230128 00:34:31.660"/>
</kw>
<status status="PASS" starttime="20230128 00:34:31.414" endtime="20230128 00:34:31.660"/>
</kw>
<status status="PASS" starttime="20230128 00:34:29.282" endtime="20230128 00:34:31.661"/>
</kw>
<kw name="Fecha App" library="baseKeywords" type="TEARDOWN">
<kw name="Log To Console" library="BuiltIn">
<arg>-&gt; Fechando App...\n</arg>
<doc>Logs the given message to the console.</doc>
<status status="PASS" starttime="20230128 00:34:31.664" endtime="20230128 00:34:31.666"/>
</kw>
<kw name="Close Application" library="AppiumLibrary">
<doc>Closes the current application and also close webdriver session.</doc>
<status status="PASS" starttime="20230128 00:34:31.667" endtime="20230128 00:34:33.422"/>
</kw>
<status status="PASS" starttime="20230128 00:34:31.662" endtime="20230128 00:34:33.422"/>
</kw>
<status status="PASS" starttime="20230128 00:33:47.185" endtime="20230128 00:34:33.423"/>
</test>
<status status="PASS" starttime="20230128 00:33:47.149" endtime="20230128 00:34:33.426"/>
</suite>
<status status="PASS" starttime="20230128 00:31:37.691" endtime="20230128 00:34:33.434"/>
</suite>
<statistics>
<total>
<stat pass="4" fail="0" skip="0">All Tests</stat>
</total>
<tag>
</tag>
<suite>
<stat pass="4" fail="0" skip="0" id="s1" name="Testcases">Testcases</stat>
<stat pass="1" fail="0" skip="0" id="s1-s1" name="alarmeTest">Testcases.alarmeTest</stat>
<stat pass="1" fail="0" skip="0" id="s1-s2" name="cronometroTest">Testcases.cronometroTest</stat>
<stat pass="1" fail="0" skip="0" id="s1-s3" name="relogioTest">Testcases.relogioTest</stat>
<stat pass="1" fail="0" skip="0" id="s1-s4" name="temporizadorTest">Testcases.temporizadorTest</stat>
</suite>
</statistics>
<errors>
</errors>
</robot>
